#
# A fatal error has been detected by the Java Runtime Environment:
#
#  SIGILL (0x4) at pc=0x00007fff9159702f, pid=2956, tid=2571
#
# JRE version: Java(TM) SE Runtime Environment (8.0_72-b05) (build 1.8.0_72-ea-b05)
# Java VM: Java HotSpot(TM) 64-Bit Server VM (25.72-b05 mixed mode bsd-amd64 compressed oops)
# Problematic frame:
# C  [libobjc.A.dylib+0x1302f]  _objc_trap()+0x4
#
# Failed to write core dump. Core dumps have been disabled. To enable core dumping, try "ulimit -c unlimited" before starting Java again
#
# If you would like to submit a bug report, please visit:
#   http://bugreport.java.com/bugreport/crash.jsp
# The crash happened outside the Java Virtual Machine in native code.
# See problematic frame for where to report the bug.
#

---------------  T H R E A D  ---------------

Current thread (0x00007f9e9d0a0000):  JavaThread "AppKit Thread" daemon [_thread_in_native, id=2571, stack(0x00007fff5ab75000,0x00007fff5b375000)]

siginfo: si_signo: 4 (SIGILL), si_code: 1 (ILL_ILLOPC), si_addr: 0x00007fff9159702f

Registers:
RAX=0x0000000000000000, RBX=0x00007f9e9bc653f0, RCX=0x0000000000000000, RDX=0x00007fff7ca82b30
RSP=0x00007fff5b3702d0, RBP=0x00007fff5b3702d0, RSI=0x0000010000000100, RDI=0x00007fff7ca82b10
R8 =0x00000000fffffffc, R9 =0x00007fff7ca82b28, R10=0x00000000ffffffff, R11=0x0000000000000140
R12=0x0000000000000001, R13=0x0000000000000000, R14=0x00007fff7ca87828, R15=0x00007f9e9bf4c2d0
RIP=0x00007fff9159702f, EFLAGS=0x0000000000010206, ERR=0x0000000000000000
  TRAPNO=0x0000000000000006

Top of Stack: (sp=0x00007fff5b3702d0)
0x00007fff5b3702d0:   00007fff5b3703c0 00007fff9159717f
0x00007fff5b3702e0:   00007f9e9bf9afc0 00007f9e9bc653f0
0x00007fff5b3702f0:   00007fff99788d9c 00007fff99788d9c
0x00007fff5b370300:   000000000000005f 00007f9e9bc653f0
0x00007fff5b370310:   00007fff5b370340 00007fff9158be63
0x00007fff5b370320:   00007fff5b370380 00007fff9158e8cd
0x00007fff5b370330:   00007fff7ca87810 0000000000000001
0x00007fff5b370340:   00007fff5b3703a0 00007f9e9bf4c2d0
0x00007fff5b370350:   00007fff5b370380 00007fff99788d9c
0x00007fff5b370360:   00007fff99788d9c 0000000000000000
0x00007fff5b370370:   00007fff7e6a9a38 00007f9e9bf4c2d0
0x00007fff5b370380:   00007fff5b3703c0 00007fff9158e838
0x00007fff5b370390:   00007f9e9bf32890 00007f9e9bf9b810
0x00007fff5b3703a0:   0000003000000018 00007fff5b3703d0
0x00007fff5b3703b0:   00007fff5b3702e0 00007f9e9bf4c2d0
0x00007fff5b3703c0:   00007fff5b370420 00007fff9158f61e
0x00007fff5b3703d0:   00007fff7ca86d00 00007fff7ca87f80
0x00007fff5b3703e0:   00007fff5b370460 00007fff9158f431
0x00007fff5b3703f0:   00007fff5b370410 00007fff7ca86d00
0x00007fff5b370400:   00007f9e9bf4c2d0 0000000000000000
0x00007fff5b370410:   00007fff7ca87800 0000000000000000
0x00007fff5b370420:   00007fff5b3704a0 00007fff9158f3a9
0x00007fff5b370430:   ffff806164198670 00007f9e9bf4c0b0
0x00007fff5b370440:   0000000000000b00 0000000000000000
0x00007fff5b370450:   0000000000000000 0000000000000000
0x00007fff5b370460:   00007f9e9bc653f0 0000000000000016
0x00007fff5b370470:   000000000000000e 00007f9e9be67990
0x00007fff5b370480:   0000000000000000 00007f9e9bf34c40
0x00007fff5b370490:   00007f9e9bf4c0b0 00007f9e9bc653f0
0x00007fff5b3704a0:   00007fff5b3704e0 00007fff90f98973
0x00007fff5b3704b0:   00007f9e9be67990 0000000000000000
0x00007fff5b3704c0:   00007f9e9bc653f0 00007fff915854c0 

Instructions: (pc=0x00007fff9159702f)
0x00007fff9159700f:   00 00 bf 02 00 00 00 48 89 de 48 89 c2 e8 a1 bf
0x00007fff9159701f:   00 00 48 81 c4 98 00 00 00 5b 5d c3 55 48 89 e5
0x00007fff9159702f:   0f 0b 55 48 89 e5 48 81 ec d0 00 00 00 84 c0 74
0x00007fff9159703f:   2e c5 f8 29 85 60 ff ff ff c5 f8 29 8d 70 ff ff 

Register to memory mapping:

RAX=0x0000000000000000 is an unknown value
RBX=0x00007f9e9bc653f0 is an unknown value
RCX=0x0000000000000000 is an unknown value
RDX=0x00007fff7ca82b30: _ZZL14_objc_crashlogPKcE13crashlog_lock+0x20 in /usr/lib/libobjc.A.dylib at 0x00007fff91584000
RSP=0x00007fff5b3702d0 is pointing into the stack for thread: 0x00007f9e9d0a0000
RBP=0x00007fff5b3702d0 is pointing into the stack for thread: 0x00007f9e9d0a0000
RSI=0x0000010000000100 is an unknown value
RDI=0x00007fff7ca82b10: _ZZL14_objc_crashlogPKcE13crashlog_lock+0 in /usr/lib/libobjc.A.dylib at 0x00007fff91584000
R8 =0x00000000fffffffc is an unknown value
R9 =0x00007fff7ca82b28: _ZZL14_objc_crashlogPKcE13crashlog_lock+0x18 in /usr/lib/libobjc.A.dylib at 0x00007fff91584000
R10=0x00000000ffffffff is an unknown value
R11=0x0000000000000140 is an unknown value
R12=0x0000000000000001 is an unknown value
R13=0x0000000000000000 is an unknown value
R14=0x00007fff7ca87828: _ZN12_GLOBAL__N_1L12SideTableBufE+0xb28 in /usr/lib/libobjc.A.dylib at 0x00007fff91584000
R15=0x00007f9e9bf4c2d0 is an unknown value


Stack: [0x00007fff5ab75000,0x00007fff5b375000],  sp=0x00007fff5b3702d0,  free space=8172k
Native frames: (J=compiled Java code, j=interpreted, Vv=VM code, C=native code)
C  [libobjc.A.dylib+0x1302f]  _objc_trap()+0x4
C  [libobjc.A.dylib+0x1317f]  _objc_inform+0x0
C  [libobjc.A.dylib+0xb61e]  weak_register_no_lock+0xde
C  [libobjc.A.dylib+0xb3a9]  objc_storeWeak+0x18b
C  [Foundation+0x19973]  -[NSConcreteMapTable setObject:forKey:]+0x6e
C  [AppKit+0x345f6a]  -[NSView(NSOpenGLContextAssociation) _setOpenGLContext:]+0xf2
C  [AppKit+0x6856dd]  __27-[NSOpenGLContext setView:]_block_invoke+0xd6
C  [AppKit+0x183325]  NSPerformVisuallyAtomicChange+0x93
C  [AppKit+0x345c0d]  -[NSOpenGLContext setView:]+0x77
C  [liblwjgl.dylib+0xa586]  -[MacOSXOpenGLView lockFocus]+0x76
C  [AppKit+0x1a8797]  -[NSView _recursiveDisplayRectIfNeededIgnoringOpacity:isVisibleRect:rectIsVisibleRectForView:topView:]+0x6e2
C  [AppKit+0x1a9785]  -[NSView _recursiveDisplayRectIfNeededIgnoringOpacity:isVisibleRect:rectIsVisibleRectForView:topView:]+0x16d0
C  [AppKit+0x1a7be0]  -[NSThemeFrame _recursiveDisplayRectIfNeededIgnoringOpacity:isVisibleRect:rectIsVisibleRectForView:topView:]+0x14e
C  [AppKit+0x1a5feb]  -[NSView _displayRectIgnoringOpacity:isVisibleRect:rectIsVisibleRectForView:]+0x991
C  [AppKit+0x1a13f5]  -[NSView displayIfNeeded]+0x79e
C  [AppKit+0x1a0c3c]  -[NSWindow displayIfNeeded]+0xe8
C  [AppKit+0x82541b]  ___NSWindowGetDisplayCycleObserver_block_invoke6365+0x1dc
C  [AppKit+0x1a05d6]  __37+[NSDisplayCycle currentDisplayCycle]_block_invoke+0x3ad
C  [QuartzCore+0x10f71]  CA::Transaction::run_commit_handlers(CATransactionPhase)+0x55
C  [QuartzCore+0x1042c]  CA::Context::commit_transaction(CA::Transaction*)+0xa0
C  [QuartzCore+0x100ec]  CA::Transaction::commit()+0x1fc
C  [QuartzCore+0x1b977]  CA::Transaction::observer_callback(__CFRunLoopObserver*, unsigned long, void*)+0x47
C  [CoreFoundation+0xa9fc7]  __CFRUNLOOP_IS_CALLING_OUT_TO_AN_OBSERVER_CALLBACK_FUNCTION__+0x17
C  [CoreFoundation+0xa9f37]  __CFRunLoopDoObservers+0x187
C  [CoreFoundation+0x88e58]  CFRunLoopRunSpecific+0x148
C  [HIToolbox+0x30935]  RunCurrentEventLoopInMode+0xeb
C  [HIToolbox+0x30677]  ReceiveNextEventCommon+0xb8
C  [HIToolbox+0x305af]  _BlockUntilNextEventMatchingListInModeWithFilter+0x47
C  [AppKit+0x48df6]  _DPSNextEvent+0x42b
C  [AppKit+0x48226]  -[NSApplication _nextEventMatchingEventMask:untilDate:inMode:dequeue:]+0x1c6
C  [libosxapp.dylib+0x23aa]  -[NSApplicationAWT nextEventMatchingMask:untilDate:inMode:dequeue:]+0x7c
C  [AppKit+0x3cd80]  -[NSApplication run]+0x2aa
C  [libosxapp.dylib+0x214d]  +[NSApplicationAWT runAWTLoopWithApp:]+0x9c
C  [libawt_lwawt.dylib+0x4455b]  -[AWTStarter starter:]+0x389
C  [Foundation+0x76fde]  __NSThreadPerformPerform+0x117
C  [CoreFoundation+0xaa7e1]  __CFRUNLOOP_IS_CALLING_OUT_TO_A_SOURCE0_PERFORM_FUNCTION__+0x11
C  [CoreFoundation+0x89f1c]  __CFRunLoopDoSources0+0x22c
C  [CoreFoundation+0x8943f]  __CFRunLoopRun+0x39f
C  [CoreFoundation+0x88e38]  CFRunLoopRunSpecific+0x128
C  [java+0x6463]  CreateExecutionEnvironment+0x367
C  [java+0x21ac]  JLI_Launch+0x7a0
C  [java+0x84c0]  main+0x65
C  [java+0x1a04]  start+0x34
C  0x0000000000000006


---------------  P R O C E S S  ---------------

Java Threads: ( => current thread )
  0x00007f9e9d8c5800 JavaThread "AWT-Shutdown" [_thread_blocked, id=29459, stack(0x0000700001150000,0x0000700001250000)]
=>0x00007f9e9d0a0000 JavaThread "AppKit Thread" daemon [_thread_in_native, id=2571, stack(0x00007fff5ab75000,0x00007fff5b375000)]
  0x00007f9e9d823800 JavaThread "Service Thread" daemon [_thread_blocked, id=18435, stack(0x0000700000dc1000,0x0000700000ec1000)]
  0x00007f9e9c850000 JavaThread "C1 CompilerThread2" daemon [_thread_blocked, id=17923, stack(0x0000700000cbe000,0x0000700000dbe000)]
  0x00007f9e9c814000 JavaThread "C2 CompilerThread1" daemon [_thread_blocked, id=17411, stack(0x0000700000bbb000,0x0000700000cbb000)]
  0x00007f9e9c833800 JavaThread "C2 CompilerThread0" daemon [_thread_blocked, id=16899, stack(0x0000700000ab8000,0x0000700000bb8000)]
  0x00007f9e9d818000 JavaThread "Signal Dispatcher" daemon [_thread_blocked, id=12815, stack(0x00007000009b5000,0x0000700000ab5000)]
  0x00007f9e9d000000 JavaThread "Finalizer" daemon [_thread_blocked, id=12291, stack(0x000070000082f000,0x000070000092f000)]
  0x00007f9e9c806000 JavaThread "Reference Handler" daemon [_thread_blocked, id=11779, stack(0x000070000072c000,0x000070000082c000)]
  0x00007f9e9c00b000 JavaThread "main" [_thread_in_native, id=5891, stack(0x000070000011a000,0x000070000021a000)]

Other Threads:
  0x00007f9e9c04d800 VMThread [stack: 0x0000700000629000,0x0000700000729000] [id=11267]
  0x00007f9e9c83a000 WatcherThread [stack: 0x0000700000ec4000,0x0000700000fc4000] [id=18947]

VM state:not at safepoint (normal execution)

VM Mutex/Monitor currently owned by a thread: None

Heap:
 PSYoungGen      total 18944K, used 14610K [0x00000007aab00000, 0x00000007ac000000, 0x00000007c0000000)
  eden space 16384K, 89% used [0x00000007aab00000,0x00000007ab944840,0x00000007abb00000)
  from space 2560K, 0% used [0x00000007abd80000,0x00000007abd80000,0x00000007ac000000)
  to   space 2560K, 0% used [0x00000007abb00000,0x00000007abb00000,0x00000007abd80000)
 ParOldGen       total 44032K, used 0K [0x0000000780000000, 0x0000000782b00000, 0x00000007aab00000)
  object space 44032K, 0% used [0x0000000780000000,0x0000000780000000,0x0000000782b00000)
 Metaspace       used 7376K, capacity 7535K, committed 7808K, reserved 1056768K
  class space    used 727K, capacity 794K, committed 896K, reserved 1048576K

Card table byte_map: [0x00000001156a2000,0x00000001158a3000] byte_map_base: 0x0000000111aa2000

Marking Bits: (ParMarkBitMap*) 0x0000000105c88780
 Begin Bits: [0x00000001159f9000, 0x00000001169f9000)
 End Bits:   [0x00000001169f9000, 0x00000001179f9000)

Polling page: 0x0000000104b4e000

CodeCache: size=245760Kb used=3368Kb max_used=3368Kb free=242391Kb
 bounds [0x00000001062e2000, 0x0000000106632000, 0x00000001152e2000]
 total_blobs=1255 nmethods=857 adapters=313
 compilation: enabled

Compilation events (10 events):
Event: 7.986 Thread 0x00007f9e9c850000  851       3       java.nio.ByteBuffer::put (9 bytes)
Event: 7.986 Thread 0x00007f9e9c850000 nmethod 851 0x000000010662c3d0 code [0x000000010662c540, 0x000000010662c768]
Event: 8.002 Thread 0x00007f9e9c850000  853       3       org.newdawn.slick.state.StateBasedGame::update (166 bytes)
Event: 8.004 Thread 0x00007f9e9c850000 nmethod 853 0x000000010662c810 code [0x000000010662ca00, 0x000000010662d4e8]
Event: 8.004 Thread 0x00007f9e9c850000  854       3       org.newdawn.slick.state.StateBasedGame::preUpdateState (1 bytes)
Event: 8.004 Thread 0x00007f9e9c850000 nmethod 854 0x000000010662d950 code [0x000000010662daa0, 0x000000010662dbf0]
Event: 8.004 Thread 0x00007f9e9c850000  855       3       org.newdawn.slick.state.StateBasedGame::postUpdateState (1 bytes)
Event: 8.004 Thread 0x00007f9e9c850000 nmethod 855 0x000000010662dc90 code [0x000000010662dde0, 0x000000010662df30]
Event: 8.361 Thread 0x00007f9e9c850000  857       3       java.nio.Buffer::clear (20 bytes)
Event: 8.361 Thread 0x00007f9e9c850000 nmethod 857 0x000000010662e350 code [0x000000010662e4a0, 0x000000010662e610]

GC Heap History (0 events):
No events

Deoptimization events (2 events):
Event: 0.198 Thread 0x00007f9e9c00b000 Uncommon trap: reason=unstable_if action=reinterpret pc=0x0000000106419280 method=java.lang.String.indexOf(II)I @ 49
Event: 0.532 Thread 0x00007f9e9c00b000 Uncommon trap: reason=unstable_if action=reinterpret pc=0x000000010646dbdc method=java.lang.String.replace(CC)Ljava/lang/String; @ 26

Internal exceptions (10 events):
Event: 0.177 Thread 0x00007f9e9c00b000 Exception <a 'java/security/PrivilegedActionException'> (0x00000007aacb4540) thrown at [/Users/java_re/workspace/8-2-build-macosx-x86_64/jdk8u72/5182.nc/hotspot/src/share/vm/prims/jvm.cpp, line 1386]
Event: 0.177 Thread 0x00007f9e9c00b000 Exception <a 'java/security/PrivilegedActionException'> (0x00000007aacb4750) thrown at [/Users/java_re/workspace/8-2-build-macosx-x86_64/jdk8u72/5182.nc/hotspot/src/share/vm/prims/jvm.cpp, line 1386]
Event: 0.177 Thread 0x00007f9e9c00b000 Exception <a 'java/security/PrivilegedActionException'> (0x00000007aacb72e8) thrown at [/Users/java_re/workspace/8-2-build-macosx-x86_64/jdk8u72/5182.nc/hotspot/src/share/vm/prims/jvm.cpp, line 1386]
Event: 0.177 Thread 0x00007f9e9c00b000 Exception <a 'java/security/PrivilegedActionException'> (0x00000007aacb74f8) thrown at [/Users/java_re/workspace/8-2-build-macosx-x86_64/jdk8u72/5182.nc/hotspot/src/share/vm/prims/jvm.cpp, line 1386]
Event: 0.177 Thread 0x00007f9e9c00b000 Exception <a 'java/security/PrivilegedActionException'> (0x00000007aacb8410) thrown at [/Users/java_re/workspace/8-2-build-macosx-x86_64/jdk8u72/5182.nc/hotspot/src/share/vm/prims/jvm.cpp, line 1386]
Event: 0.178 Thread 0x00007f9e9c00b000 Exception <a 'java/security/PrivilegedActionException'> (0x00000007aacb8620) thrown at [/Users/java_re/workspace/8-2-build-macosx-x86_64/jdk8u72/5182.nc/hotspot/src/share/vm/prims/jvm.cpp, line 1386]
Event: 0.241 Thread 0x00007f9e9c00b000 Exception <a 'java/lang/NoSuchFieldError': method resolution failed> (0x00000007aad86618) thrown at [/Users/java_re/workspace/8-2-build-macosx-x86_64/jdk8u72/5182.nc/hotspot/src/share/vm/prims/methodHandles.cpp, line 1146]
Event: 0.243 Thread 0x00007f9e9c00b000 Exception <a 'java/lang/NoSuchFieldError': method resolution failed> (0x00000007aad93e00) thrown at [/Users/java_re/workspace/8-2-build-macosx-x86_64/jdk8u72/5182.nc/hotspot/src/share/vm/prims/methodHandles.cpp, line 1146]
Event: 0.495 Thread 0x00007f9e9c00b000 Exception <a 'java/io/FileNotFoundException'> (0x00000007aae0ee98) thrown at [/Users/java_re/workspace/8-2-build-macosx-x86_64/jdk8u72/5182.nc/hotspot/src/share/vm/prims/jni.cpp, line 709]
Event: 0.495 Thread 0x00007f9e9c00b000 Exception <a 'java/io/FileNotFoundException'> (0x00000007aae0fa70) thrown at [/Users/java_re/workspace/8-2-build-macosx-x86_64/jdk8u72/5182.nc/hotspot/src/share/vm/prims/jni.cpp, line 709]

Events (10 events):
Event: 2.645 loading class org/newdawn/slick/geom/NeatTriangulator$Triangle
Event: 2.645 loading class org/newdawn/slick/geom/NeatTriangulator$Triangle done
Event: 2.646 loading class org/newdawn/slick/geom/ShapeRenderer$1
Event: 2.646 loading class org/newdawn/slick/geom/ShapeRenderer$1 done
Event: 4.144 Executing VM operation: EnableBiasedLocking
Event: 4.144 Executing VM operation: EnableBiasedLocking done
Event: 4.543 Thread 0x00007f9e9c00b000 DEOPT PACKING pc=0x00000001065b6433 sp=0x0000700000219600
Event: 4.543 Thread 0x00007f9e9c00b000 DEOPT UNPACKING pc=0x0000000106329373 sp=0x0000700000219430 mode 0
Event: 7.620 loading class fr/utbm/lo43/entities/Passenger
Event: 7.620 loading class fr/utbm/lo43/entities/Passenger done


Dynamic libraries:
0x000000000afd7000 	/System/Library/Frameworks/Cocoa.framework/Versions/A/Cocoa
0x000000000afd7000 	/System/Library/Frameworks/Security.framework/Versions/A/Security
0x000000000afd7000 	/System/Library/Frameworks/ApplicationServices.framework/Versions/A/ApplicationServices
0x000000000afd7000 	/usr/lib/libz.1.dylib
0x000000000afd7000 	/usr/lib/libSystem.B.dylib
0x000000000afd7000 	/usr/lib/libobjc.A.dylib
0x000000000afd7000 	/System/Library/Frameworks/CoreFoundation.framework/Versions/A/CoreFoundation
0x000000000afd7000 	/System/Library/Frameworks/Foundation.framework/Versions/C/Foundation
0x000000000afd7000 	/System/Library/Frameworks/AppKit.framework/Versions/C/AppKit
0x000000000afd7000 	/System/Library/Frameworks/CoreData.framework/Versions/A/CoreData
0x000000000afd7000 	/System/Library/PrivateFrameworks/RemoteViewServices.framework/Versions/A/RemoteViewServices
0x000000000afd7000 	/System/Library/PrivateFrameworks/UIFoundation.framework/Versions/A/UIFoundation
0x000000000afd7000 	/usr/lib/libScreenReader.dylib
0x000000000afd7000 	/System/Library/Frameworks/Accelerate.framework/Versions/A/Accelerate
0x000000000afd7000 	/System/Library/Frameworks/IOSurface.framework/Versions/A/IOSurface
0x000000000afd7000 	/System/Library/Frameworks/AudioToolbox.framework/Versions/A/AudioToolbox
0x000000000afd7000 	/System/Library/Frameworks/AudioUnit.framework/Versions/A/AudioUnit
0x000000000afd7000 	/System/Library/PrivateFrameworks/DataDetectorsCore.framework/Versions/A/DataDetectorsCore
0x000000000afd7000 	/System/Library/PrivateFrameworks/DesktopServicesPriv.framework/Versions/A/DesktopServicesPriv
0x000000000afd7000 	/System/Library/Frameworks/Carbon.framework/Versions/A/Frameworks/HIToolbox.framework/Versions/A/HIToolbox
0x000000000afd7000 	/System/Library/Frameworks/QuartzCore.framework/Versions/A/QuartzCore
0x000000000afd7000 	/System/Library/Frameworks/Carbon.framework/Versions/A/Frameworks/SpeechRecognition.framework/Versions/A/SpeechRecognition
0x000000000afd7000 	/usr/lib/libauto.dylib
0x000000000afd7000 	/usr/lib/libicucore.A.dylib
0x000000000afd7000 	/usr/lib/libxml2.2.dylib
0x000000000afd7000 	/System/Library/PrivateFrameworks/CoreUI.framework/Versions/A/CoreUI
0x000000000afd7000 	/System/Library/Frameworks/CoreAudio.framework/Versions/A/CoreAudio
0x000000000afd7000 	/System/Library/Frameworks/DiskArbitration.framework/Versions/A/DiskArbitration
0x000000000afd7000 	/usr/lib/liblangid.dylib
0x000000000afd7000 	/System/Library/PrivateFrameworks/MultitouchSupport.framework/Versions/A/MultitouchSupport
0x000000000afd7000 	/System/Library/Frameworks/IOKit.framework/Versions/A/IOKit
0x000000000afd7000 	/usr/lib/libDiagnosticMessagesClient.dylib
0x000000000afd7000 	/System/Library/Frameworks/CoreServices.framework/Versions/A/CoreServices
0x000000000afd7000 	/System/Library/PrivateFrameworks/PerformanceAnalysis.framework/Versions/A/PerformanceAnalysis
0x000000000afd7000 	/System/Library/PrivateFrameworks/GenerationalStorage.framework/Versions/A/GenerationalStorage
0x000000000afd7000 	/System/Library/Frameworks/OpenGL.framework/Versions/A/OpenGL
0x000000000afd7000 	/System/Library/PrivateFrameworks/Sharing.framework/Versions/A/Sharing
0x000000000afd7000 	/System/Library/Frameworks/CoreGraphics.framework/Versions/A/CoreGraphics
0x000000000afd7000 	/System/Library/Frameworks/CoreImage.framework/Versions/A/CoreImage
0x000000000afd7000 	/System/Library/Frameworks/CoreText.framework/Versions/A/CoreText
0x000000000afd7000 	/System/Library/Frameworks/ImageIO.framework/Versions/A/ImageIO
0x000000000afd7000 	/System/Library/PrivateFrameworks/Backup.framework/Versions/A/Backup
0x000000000afd7000 	/usr/lib/libextension.dylib
0x000000000afd7000 	/usr/lib/libarchive.2.dylib
0x000000000afd7000 	/System/Library/Frameworks/CFNetwork.framework/Versions/A/CFNetwork
0x000000000afd7000 	/System/Library/Frameworks/SystemConfiguration.framework/Versions/A/SystemConfiguration
0x000000000afd7000 	/usr/lib/libCRFSuite.dylib
0x000000000afd7000 	/usr/lib/libc++.1.dylib
0x000000000afd7000 	/usr/lib/libc++abi.dylib
0x000000000afd7000 	/usr/lib/system/libcache.dylib
0x000000000afd7000 	/usr/lib/system/libcommonCrypto.dylib
0x000000000afd7000 	/usr/lib/system/libcompiler_rt.dylib
0x000000000afd7000 	/usr/lib/system/libcopyfile.dylib
0x000000000afd7000 	/usr/lib/system/libcorecrypto.dylib
0x000000000afd7000 	/usr/lib/system/libdispatch.dylib
0x000000000afd7000 	/usr/lib/system/libdyld.dylib
0x000000000afd7000 	/usr/lib/system/libkeymgr.dylib
0x000000000afd7000 	/usr/lib/system/liblaunch.dylib
0x000000000afd7000 	/usr/lib/system/libmacho.dylib
0x000000000afd7000 	/usr/lib/system/libquarantine.dylib
0x000000000afd7000 	/usr/lib/system/libremovefile.dylib
0x000000000afd7000 	/usr/lib/system/libsystem_asl.dylib
0x000000000afd7000 	/usr/lib/system/libsystem_blocks.dylib
0x000000000afd7000 	/usr/lib/system/libsystem_c.dylib
0x000000000afd7000 	/usr/lib/system/libsystem_configuration.dylib
0x000000000afd7000 	/usr/lib/system/libsystem_coreservices.dylib
0x000000000afd7000 	/usr/lib/system/libsystem_coretls.dylib
0x000000000afd7000 	/usr/lib/system/libsystem_dnssd.dylib
0x000000000afd7000 	/usr/lib/system/libsystem_info.dylib
0x000000000afd7000 	/usr/lib/system/libsystem_kernel.dylib
0x000000000afd7000 	/usr/lib/system/libsystem_m.dylib
0x000000000afd7000 	/usr/lib/system/libsystem_malloc.dylib
0x000000000afd7000 	/usr/lib/system/libsystem_network.dylib
0x000000000afd7000 	/usr/lib/system/libsystem_networkextension.dylib
0x000000000afd7000 	/usr/lib/system/libsystem_notify.dylib
0x000000000afd7000 	/usr/lib/system/libsystem_platform.dylib
0x000000000afd7000 	/usr/lib/system/libsystem_pthread.dylib
0x000000000afd7000 	/usr/lib/system/libsystem_sandbox.dylib
0x000000000afd7000 	/usr/lib/system/libsystem_secinit.dylib
0x000000000afd7000 	/usr/lib/system/libsystem_trace.dylib
0x000000000afd7000 	/usr/lib/system/libunc.dylib
0x000000000afd7000 	/usr/lib/system/libunwind.dylib
0x000000000afd7000 	/usr/lib/system/libxpc.dylib
0x000000000afd7000 	/usr/lib/libenergytrace.dylib
0x000000000afd7000 	/usr/lib/libbsm.0.dylib
0x000000000afd7000 	/usr/lib/system/libkxld.dylib
0x000000000afd7000 	/usr/lib/libxar.1.dylib
0x000000000afd7000 	/usr/lib/libsqlite3.dylib
0x000000000afd7000 	/usr/lib/libpam.2.dylib
0x000000000afd7000 	/usr/lib/libOpenScriptingUtil.dylib
0x000000000afd7000 	/usr/lib/libbz2.1.0.dylib
0x000000000afd7000 	/usr/lib/liblzma.5.dylib
0x000000000afd7000 	/System/Library/Frameworks/CoreServices.framework/Versions/A/Frameworks/FSEvents.framework/Versions/A/FSEvents
0x000000000afd7000 	/System/Library/Frameworks/CoreServices.framework/Versions/A/Frameworks/CarbonCore.framework/Versions/A/CarbonCore
0x000000000afd7000 	/System/Library/Frameworks/CoreServices.framework/Versions/A/Frameworks/Metadata.framework/Versions/A/Metadata
0x000000000afd7000 	/System/Library/Frameworks/CoreServices.framework/Versions/A/Frameworks/OSServices.framework/Versions/A/OSServices
0x000000000afd7000 	/System/Library/Frameworks/CoreServices.framework/Versions/A/Frameworks/SearchKit.framework/Versions/A/SearchKit
0x000000000afd7000 	/System/Library/Frameworks/CoreServices.framework/Versions/A/Frameworks/AE.framework/Versions/A/AE
0x000000000afd7000 	/System/Library/Frameworks/CoreServices.framework/Versions/A/Frameworks/LaunchServices.framework/Versions/A/LaunchServices
0x000000000afd7000 	/System/Library/Frameworks/CoreServices.framework/Versions/A/Frameworks/DictionaryServices.framework/Versions/A/DictionaryServices
0x000000000afd7000 	/System/Library/Frameworks/CoreServices.framework/Versions/A/Frameworks/SharedFileList.framework/Versions/A/SharedFileList
0x000000000afd7000 	/System/Library/Frameworks/NetFS.framework/Versions/A/NetFS
0x000000000afd7000 	/System/Library/PrivateFrameworks/NetAuth.framework/Versions/A/NetAuth
0x000000000afd7000 	/System/Library/PrivateFrameworks/login.framework/Versions/A/Frameworks/loginsupport.framework/Versions/A/loginsupport
0x000000000afd7000 	/System/Library/PrivateFrameworks/TCC.framework/Versions/A/TCC
0x000000000afd7000 	/usr/lib/libmecabra.dylib
0x000000000afd7000 	/System/Library/Frameworks/ApplicationServices.framework/Versions/A/Frameworks/ATS.framework/Versions/A/ATS
0x000000000afd7000 	/System/Library/Frameworks/ApplicationServices.framework/Versions/A/Frameworks/ColorSync.framework/Versions/A/ColorSync
0x000000000afd7000 	/System/Library/Frameworks/ApplicationServices.framework/Versions/A/Frameworks/HIServices.framework/Versions/A/HIServices
0x000000000afd7000 	/System/Library/Frameworks/ApplicationServices.framework/Versions/A/Frameworks/LangAnalysis.framework/Versions/A/LangAnalysis
0x000000000afd7000 	/System/Library/Frameworks/ApplicationServices.framework/Versions/A/Frameworks/PrintCore.framework/Versions/A/PrintCore
0x000000000afd7000 	/System/Library/Frameworks/ApplicationServices.framework/Versions/A/Frameworks/QD.framework/Versions/A/QD
0x000000000afd7000 	/System/Library/Frameworks/ApplicationServices.framework/Versions/A/Frameworks/SpeechSynthesis.framework/Versions/A/SpeechSynthesis
0x000000000afd7000 	/System/Library/Frameworks/Metal.framework/Versions/A/Metal
0x000000000afd7000 	/System/Library/Frameworks/Accelerate.framework/Versions/A/Frameworks/vImage.framework/Versions/A/vImage
0x000000000afd7000 	/System/Library/Frameworks/Accelerate.framework/Versions/A/Frameworks/vecLib.framework/Versions/A/vecLib
0x000000000afd7000 	/System/Library/Frameworks/Accelerate.framework/Versions/A/Frameworks/vecLib.framework/Versions/A/libvDSP.dylib
0x000000000afd7000 	/System/Library/Frameworks/Accelerate.framework/Versions/A/Frameworks/vecLib.framework/Versions/A/libvMisc.dylib
0x000000000afd7000 	/System/Library/Frameworks/Accelerate.framework/Versions/A/Frameworks/vecLib.framework/Versions/A/libLAPACK.dylib
0x000000000afd7000 	/System/Library/Frameworks/Accelerate.framework/Versions/A/Frameworks/vecLib.framework/Versions/A/libBLAS.dylib
0x000000000afd7000 	/System/Library/Frameworks/Accelerate.framework/Versions/A/Frameworks/vecLib.framework/Versions/A/libLinearAlgebra.dylib
0x000000000afd7000 	/System/Library/Frameworks/Accelerate.framework/Versions/A/Frameworks/vecLib.framework/Versions/A/libSparseBLAS.dylib
0x000000000afd7000 	/System/Library/PrivateFrameworks/GPUCompiler.framework/libmetal_timestamp.dylib
0x000000000afd7000 	/System/Library/Frameworks/OpenGL.framework/Versions/A/Libraries/libCoreFSCache.dylib
0x000000000afd7000 	/System/Library/PrivateFrameworks/IOAccelerator.framework/Versions/A/IOAccelerator
0x000000000afd7000 	/System/Library/Frameworks/ApplicationServices.framework/Versions/A/Frameworks/ATS.framework/Versions/A/Resources/libFontParser.dylib
0x000000000afd7000 	/System/Library/Frameworks/ApplicationServices.framework/Versions/A/Frameworks/ATS.framework/Versions/A/Resources/libFontRegistry.dylib
0x000000000afd7000 	/System/Library/PrivateFrameworks/AppleVPA.framework/Versions/A/AppleVPA
0x000000000afd7000 	/System/Library/PrivateFrameworks/AppleJPEG.framework/Versions/A/AppleJPEG
0x000000000afd7000 	/System/Library/Frameworks/ImageIO.framework/Versions/A/Resources/libJPEG.dylib
0x000000000afd7000 	/System/Library/Frameworks/ImageIO.framework/Versions/A/Resources/libTIFF.dylib
0x000000000afd7000 	/System/Library/Frameworks/ImageIO.framework/Versions/A/Resources/libPng.dylib
0x000000000afd7000 	/System/Library/Frameworks/ImageIO.framework/Versions/A/Resources/libGIF.dylib
0x000000000afd7000 	/System/Library/Frameworks/ImageIO.framework/Versions/A/Resources/libJP2.dylib
0x000000000afd7000 	/System/Library/Frameworks/ImageIO.framework/Versions/A/Resources/libRadiance.dylib
0x000000000afd7000 	/System/Library/Frameworks/CoreVideo.framework/Versions/A/CoreVideo
0x000000000afd7000 	/System/Library/Frameworks/OpenGL.framework/Versions/A/Libraries/libGLU.dylib
0x000000000afd7000 	/System/Library/Frameworks/OpenGL.framework/Versions/A/Libraries/libGFXShared.dylib
0x000000000afd7000 	/System/Library/Frameworks/OpenGL.framework/Versions/A/Libraries/libGL.dylib
0x000000000afd7000 	/System/Library/Frameworks/OpenGL.framework/Versions/A/Libraries/libGLImage.dylib
0x000000000afd7000 	/System/Library/Frameworks/OpenGL.framework/Versions/A/Libraries/libCVMSPluginSupport.dylib
0x000000000afd7000 	/System/Library/Frameworks/OpenGL.framework/Versions/A/Libraries/libCoreVMClient.dylib
0x000000000afd7000 	/usr/lib/libcompression.dylib
0x000000000afd7000 	/usr/lib/libcups.2.dylib
0x000000000afd7000 	/System/Library/Frameworks/Kerberos.framework/Versions/A/Kerberos
0x000000000afd7000 	/System/Library/Frameworks/GSS.framework/Versions/A/GSS
0x000000000afd7000 	/usr/lib/libresolv.9.dylib
0x000000000afd7000 	/usr/lib/libiconv.2.dylib
0x000000000afd7000 	/System/Library/PrivateFrameworks/Heimdal.framework/Versions/A/Heimdal
0x000000000afd7000 	/usr/lib/libheimdal-asn1.dylib
0x000000000afd7000 	/System/Library/Frameworks/OpenDirectory.framework/Versions/A/OpenDirectory
0x000000000afd7000 	/System/Library/PrivateFrameworks/CommonAuth.framework/Versions/A/CommonAuth
0x000000000afd7000 	/System/Library/Frameworks/OpenDirectory.framework/Versions/A/Frameworks/CFOpenDirectory.framework/Versions/A/CFOpenDirectory
0x000000000afd7000 	/System/Library/Frameworks/SecurityFoundation.framework/Versions/A/SecurityFoundation
0x000000000afd7000 	/System/Library/PrivateFrameworks/LanguageModeling.framework/Versions/A/LanguageModeling
0x000000000afd7000 	/usr/lib/libmarisa.dylib
0x000000000afd7000 	/usr/lib/libChineseTokenizer.dylib
0x000000000afd7000 	/usr/lib/libcmph.dylib
0x000000000afd7000 	/System/Library/Frameworks/ServiceManagement.framework/Versions/A/ServiceManagement
0x000000000afd7000 	/usr/lib/libxslt.1.dylib
0x000000000afd7000 	/System/Library/Frameworks/Carbon.framework/Versions/A/Frameworks/Ink.framework/Versions/A/Ink
0x000000000afd7000 	/usr/lib/libFosl_dynamic.dylib
0x000000000afd7000 	/System/Library/PrivateFrameworks/FaceCore.framework/Versions/A/FaceCore
0x000000000afd7000 	/System/Library/Frameworks/OpenCL.framework/Versions/A/OpenCL
0x000000000afd7000 	/System/Library/PrivateFrameworks/CrashReporterSupport.framework/Versions/A/CrashReporterSupport
0x000000000afd7000 	/System/Library/PrivateFrameworks/IconServices.framework/Versions/A/IconServices
0x000000000afd7000 	/System/Library/PrivateFrameworks/Apple80211.framework/Versions/A/Apple80211
0x000000000afd7000 	/System/Library/Frameworks/CoreWLAN.framework/Versions/A/CoreWLAN
0x000000000afd7000 	/System/Library/Frameworks/IOBluetooth.framework/Versions/A/IOBluetooth
0x000000000afd7000 	/System/Library/PrivateFrameworks/CoreWiFi.framework/Versions/A/CoreWiFi
0x000000000afd7000 	/System/Library/Frameworks/CoreBluetooth.framework/Versions/A/CoreBluetooth
0x000000000afd7000 	/System/Library/PrivateFrameworks/ChunkingLibrary.framework/Versions/A/ChunkingLibrary
0x000000000afd7000 	/System/Library/PrivateFrameworks/DebugSymbols.framework/Versions/A/DebugSymbols
0x000000000afd7000 	/System/Library/PrivateFrameworks/CoreSymbolication.framework/Versions/A/CoreSymbolication
0x000000000afd7000 	/System/Library/PrivateFrameworks/Symbolication.framework/Versions/A/Symbolication
0x000000000afd7000 	/System/Library/PrivateFrameworks/SpeechRecognitionCore.framework/Versions/A/SpeechRecognitionCore
0x0000000105400000 	/Library/Java/JavaVirtualMachines/jdk1.8.0_72.jdk/Contents/Home/jre/lib/server/libjvm.dylib
0x000000000afd7000 	/usr/lib/libstdc++.6.dylib
0x0000000104b0b000 	/Library/Java/JavaVirtualMachines/jdk1.8.0_72.jdk/Contents/Home/jre/lib/libverify.dylib
0x0000000104b19000 	/Library/Java/JavaVirtualMachines/jdk1.8.0_72.jdk/Contents/Home/jre/lib/libjava.dylib
0x0000000104b58000 	/Library/Java/JavaVirtualMachines/jdk1.8.0_72.jdk/Contents/Home/jre/lib/libzip.dylib
0x0000000119642000 	/System/Library/Frameworks/JavaVM.framework/Frameworks/JavaRuntimeSupport.framework/JavaRuntimeSupport
0x000000011965d000 	/System/Library/Frameworks/JavaVM.framework/Versions/A/Frameworks/JavaNativeFoundation.framework/Versions/A/JavaNativeFoundation
0x0000000119672000 	/System/Library/Frameworks/JavaVM.framework/Versions/A/JavaVM
0x000000000afd7000 	/System/Library/Frameworks/Carbon.framework/Versions/A/Carbon
0x000000011967f000 	/System/Library/PrivateFrameworks/JavaLaunching.framework/Versions/A/JavaLaunching
0x000000000afd7000 	/System/Library/Frameworks/Carbon.framework/Versions/A/Frameworks/CommonPanels.framework/Versions/A/CommonPanels
0x000000000afd7000 	/System/Library/Frameworks/Carbon.framework/Versions/A/Frameworks/Help.framework/Versions/A/Help
0x000000000afd7000 	/System/Library/Frameworks/Carbon.framework/Versions/A/Frameworks/ImageCapture.framework/Versions/A/ImageCapture
0x000000000afd7000 	/System/Library/Frameworks/Carbon.framework/Versions/A/Frameworks/OpenScripting.framework/Versions/A/OpenScripting
0x000000000afd7000 	/System/Library/Frameworks/Carbon.framework/Versions/A/Frameworks/Print.framework/Versions/A/Print
0x000000000afd7000 	/System/Library/Frameworks/Carbon.framework/Versions/A/Frameworks/SecurityHI.framework/Versions/A/SecurityHI
0x000000011afc0000 	/Library/Java/JavaVirtualMachines/jdk1.8.0_72.jdk/Contents/Home/jre/lib/libawt.dylib
0x000000011b068000 	/Library/Java/JavaVirtualMachines/jdk1.8.0_72.jdk/Contents/Home/jre/lib/./libmlib_image.dylib
0x000000011b134000 	/Library/Java/JavaVirtualMachines/jdk1.8.0_72.jdk/Contents/Home/jre/lib/libawt_lwawt.dylib
0x000000011b1e9000 	/Library/Java/JavaVirtualMachines/jdk1.8.0_72.jdk/Contents/Home/jre/lib/./libosxapp.dylib
0x000000000afd7000 	/System/Library/Frameworks/ExceptionHandling.framework/Versions/A/ExceptionHandling
0x000000000afd7000 	/System/Library/PrivateFrameworks/CoreServicesInternal.framework/Versions/A/CoreServicesInternal
0x000000011b9ae000 	/System/Library/Frameworks/CoreGraphics.framework/Versions/A/Resources/libRIP.A.dylib
0x000000000afd7000 	/System/Library/Frameworks/Accelerate.framework/Versions/A/Frameworks/vImage.framework/Versions/A/Libraries/libCGInterfaces.dylib
0x000000011bc4a000 	/System/Library/Frameworks/CoreGraphics.framework/Versions/A/Resources/libCGXType.A.dylib
0x000000000afd7000 	/System/Library/Frameworks/OpenCL.framework/Versions/A/Libraries/libcldcpuengine.dylib
0x000000000afd7000 	/System/Library/PrivateFrameworks/DiskImages.framework/Versions/A/DiskImages
0x000000000afd7000 	/System/Library/Frameworks/DiscRecording.framework/Versions/A/DiscRecording
0x000000000afd7000 	/usr/lib/libcsfde.dylib
0x000000000afd7000 	/usr/lib/libcurl.4.dylib
0x000000000afd7000 	/System/Library/PrivateFrameworks/MediaKit.framework/Versions/A/MediaKit
0x000000000afd7000 	/System/Library/PrivateFrameworks/ProtectedCloudStorage.framework/Versions/A/ProtectedCloudStorage
0x000000000afd7000 	/usr/lib/libCoreStorage.dylib
0x000000000afd7000 	/System/Library/PrivateFrameworks/EFILogin.framework/Versions/A/EFILogin
0x000000000afd7000 	/usr/lib/libutil.dylib
0x000000000afd7000 	/System/Library/PrivateFrameworks/FindMyDevice.framework/Versions/A/FindMyDevice
0x000000000afd7000 	/System/Library/Frameworks/LDAP.framework/Versions/A/LDAP
0x000000000afd7000 	/usr/lib/libsasl2.2.dylib
0x000000000afd7000 	/System/Library/PrivateFrameworks/CoreDaemon.framework/Versions/B/CoreDaemon
0x000000000afd7000 	/usr/lib/libcrypto.0.9.8.dylib
0x000000000afd7000 	/System/Library/PrivateFrameworks/AppleSRP.framework/Versions/A/AppleSRP
0x000000000afd7000 	/System/Library/PrivateFrameworks/TrustEvaluationAgent.framework/Versions/A/TrustEvaluationAgent
0x000000011c2a7000 	cl_kernels
0x000000000afd7000 	/System/Library/Frameworks/OpenCL.framework/Versions/A/Libraries/ImageFormats/unorm8_bgra.dylib
0x000000000afd7000 	/System/Library/Frameworks/OpenCL.framework/Versions/A/Libraries/ImageFormats/unorm8_rgba.dylib
0x000000000afd7000 	/System/Library/PrivateFrameworks/FamilyControls.framework/Versions/A/FamilyControls
0x000000000afd7000 	/System/Library/PrivateFrameworks/CommerceKit.framework/Versions/A/Frameworks/CommerceCore.framework/Versions/A/CommerceCore
0x000000000afd7000 	/System/Library/PrivateFrameworks/SystemAdministration.framework/Versions/A/SystemAdministration
0x000000000afd7000 	/System/Library/PrivateFrameworks/AppContainer.framework/Versions/A/AppContainer
0x000000000afd7000 	/System/Library/PrivateFrameworks/SecCodeWrapper.framework/Versions/A/SecCodeWrapper
0x000000000afd7000 	/System/Library/Frameworks/DirectoryService.framework/Versions/A/DirectoryService
0x000000000afd7000 	/System/Library/PrivateFrameworks/LoginUIKit.framework/Versions/A/Frameworks/LoginUICore.framework/Versions/A/LoginUICore
0x000000000afd7000 	/usr/lib/libodfde.dylib
0x000000011c320000 	/Library/Java/JavaVirtualMachines/jdk1.8.0_72.jdk/Contents/Home/jre/lib/libfontmanager.dylib
0x000000011e189000 	/Users/jerem/GitHub/MiniNavette_LO43/MiniNavette/Libs/Natives/liblwjgl.dylib
0x000000011bbd3000 	/Library/Java/JavaVirtualMachines/jdk1.8.0_72.jdk/Contents/Home/jre/lib/libjawt.dylib
0x000000011e20b000 	/System/Library/Frameworks/OpenGL.framework/Resources/GLEngine.bundle/GLEngine
0x000000000afd7000 	/System/Library/Frameworks/OpenGL.framework/Versions/A/Libraries/libGLProgrammability.dylib
0x000000011e3f3000 	/System/Library/Extensions/AppleIntelHD5000GraphicsGLDriver.bundle/Contents/MacOS/AppleIntelHD5000GraphicsGLDriver
0x000000000afd7000 	/System/Library/PrivateFrameworks/GPUSupport.framework/Versions/A/Libraries/libGPUSupportMercury.dylib
0x000000011eb42000 	/System/Library/Frameworks/OpenGL.framework/Resources//GLRendererFloat.bundle/GLRendererFloat
0x000000011c3a1000 	/Users/jerem/GitHub/MiniNavette_LO43/MiniNavette/Libs/Natives/libjinput-osx.dylib
0x000000011fb25000 	/System/Library/Extensions/IOHIDFamily.kext/Contents/PlugIns/IOHIDLib.plugin/Contents/MacOS/IOHIDLib

VM Arguments:
jvm_args: -Djava.library.path=/Users/jerem/GitHub/MiniNavette_LO43/MiniNavette/Libs/Natives -Dfile.encoding=UTF-8 
java_command: fr.utbm.lo43.Main
java_class_path (initial): /Users/jerem/GitHub/MiniNavette_LO43/MiniNavette/bin:/Users/jerem/GitHub/MiniNavette_LO43/MiniNavette/Libs/jinput.jar:/Users/jerem/GitHub/MiniNavette_LO43/MiniNavette/Libs/lwjgl_util.jar:/Users/jerem/GitHub/MiniNavette_LO43/MiniNavette/Libs/lwjgl.jar:/Users/jerem/GitHub/MiniNavette_LO43/MiniNavette/Libs/slick.jar
Launcher Type: SUN_STANDARD

Environment Variables:
PATH=/usr/bin:/bin:/usr/sbin:/sbin
SHELL=/bin/bash
DISPLAY=/private/tmp/com.apple.launchd.KZMVDy97K8/org.macosforge.xquartz:0

Signal Handlers:
SIGSEGV: [libjvm.dylib+0x57599d], sa_mask[0]=11111111011111110111111111111111, sa_flags=SA_ONSTACK|SA_RESTART|SA_SIGINFO
SIGBUS: [libjvm.dylib+0x57599d], sa_mask[0]=11111111011111110111111111111111, sa_flags=SA_RESTART|SA_SIGINFO
SIGFPE: [libjvm.dylib+0x4522ac], sa_mask[0]=11111111011111110111111111111111, sa_flags=SA_RESTART|SA_SIGINFO
SIGPIPE: [libjvm.dylib+0x4522ac], sa_mask[0]=11111111011111110111111111111111, sa_flags=SA_RESTART|SA_SIGINFO
SIGXFSZ: [libjvm.dylib+0x4522ac], sa_mask[0]=11111111011111110111111111111111, sa_flags=SA_RESTART|SA_SIGINFO
SIGILL: [libjvm.dylib+0x4522ac], sa_mask[0]=11111111011111110111111111111111, sa_flags=SA_RESTART|SA_SIGINFO
SIGUSR1: SIG_DFL, sa_mask[0]=00000000000000000000000000000000, sa_flags=none
SIGUSR2: [libjvm.dylib+0x451dca], sa_mask[0]=00100000000000000000000000000000, sa_flags=SA_RESTART|SA_SIGINFO
SIGHUP: [libjvm.dylib+0x4503a1], sa_mask[0]=11111111011111110111111111111111, sa_flags=SA_RESTART|SA_SIGINFO
SIGINT: [libjvm.dylib+0x4503a1], sa_mask[0]=11111111011111110111111111111111, sa_flags=SA_RESTART|SA_SIGINFO
SIGTERM: [libjvm.dylib+0x4503a1], sa_mask[0]=11111111011111110111111111111111, sa_flags=SA_RESTART|SA_SIGINFO
SIGQUIT: [libjvm.dylib+0x4503a1], sa_mask[0]=11111111011111110111111111111111, sa_flags=SA_RESTART|SA_SIGINFO


---------------  S Y S T E M  ---------------

OS:Bsduname:Darwin 15.6.0 Darwin Kernel Version 15.6.0: Wed Nov  2 20:30:56 PDT 2016; root:xnu-3248.60.11.1.2~2/RELEASE_X86_64 x86_64
rlimit: STACK 8192k, CORE 0k, NPROC 709, NOFILE 10240, AS infinity
load average:1.23 1.46 1.55

CPU:total 4 (2 cores per cpu, 2 threads per core) family 6 model 69 stepping 1, cmov, cx8, fxsr, mmx, sse, sse2, sse3, ssse3, sse4.1, sse4.2, popcnt, avx, avx2, aes, clmul, erms, lzcnt, ht, tsc, tscinvbit, bmi1, bmi2

Memory: 4k page, physical 4194304k(83388k free)

/proc/meminfo:


vm_info: Java HotSpot(TM) 64-Bit Server VM (25.72-b05) for bsd-amd64 JRE (1.8.0_72-ea-b05), built on Oct 26 2015 17:56:02 by "java_re" with gcc 4.2.1 (Based on Apple Inc. build 5658) (LLVM build 2336.11.00)

time: Wed Jan  4 14:16:05 2017
elapsed time: 8 seconds (0d 0h 0m 8s)

