#
# A fatal error has been detected by the Java Runtime Environment:
#
#  SIGSEGV (0xb) at pc=0x00007fff9158f322, pid=3546, tid=2571
#
# JRE version: Java(TM) SE Runtime Environment (8.0_72-b05) (build 1.8.0_72-ea-b05)
# Java VM: Java HotSpot(TM) 64-Bit Server VM (25.72-b05 mixed mode bsd-amd64 compressed oops)
# Problematic frame:
# C  [libobjc.A.dylib+0xb322]  objc_storeWeak+0x104
#
# Failed to write core dump. Core dumps have been disabled. To enable core dumping, try "ulimit -c unlimited" before starting Java again
#
# If you would like to submit a bug report, please visit:
#   http://bugreport.java.com/bugreport/crash.jsp
# The crash happened outside the Java Virtual Machine in native code.
# See problematic frame for where to report the bug.
#

---------------  T H R E A D  ---------------

Current thread (0x00007fe8dd193000):  JavaThread "AppKit Thread" daemon [_thread_in_native, id=2571, stack(0x00007fff53017000,0x00007fff53817000)]

siginfo: si_signo: 11 (SIGSEGV), si_code: 1 (SEGV_MAPERR), si_addr: 0x000007fe8db6bfe8

Registers:
RAX=0x0000000000000000, RBX=0x00007fff7ca86d00, RCX=0x0000000000000a0b, RDX=0x00007ffffffffff8
RSP=0x00007fff53812430, RBP=0x00007fff538124a0, RSI=0x000007fe8db6bfc8, RDI=0x00007fff7ca86d00
R8 =0x00007fff90f9ea67, R9 =0x00007fe8db77b820, R10=0x000000000000001e, R11=0x0000000000000006
R12=0x00007fe8db7858d0, R13=0x0000000000000000, R14=0x00007fff7ca87880, R15=0x0000000000000000
RIP=0x00007fff9158f322, EFLAGS=0x0000000000010202, ERR=0x0000000000000004
  TRAPNO=0x000000000000000e

Top of Stack: (sp=0x00007fff53812430)
0x00007fff53812430:   ffff8017248847e0 00007fe8db7851a0
0x00007fff53812440:   0000000000000b80 0000000000000000
0x00007fff53812450:   0000000000000000 0000000000000000
0x00007fff53812460:   00007fe8db69c360 0000000000000017
0x00007fff53812470:   000000000000000c 00007fe8db77b820
0x00007fff53812480:   0000000000000000 00007fe8db654ab0
0x00007fff53812490:   00007fe8db7851a0 00007fe8db69c360
0x00007fff538124a0:   00007fff538124e0 00007fff90f98973
0x00007fff538124b0:   00007fe8db77b820 0000000000000000
0x00007fff538124c0:   00007fe8db69c360 00007fff915854c0
0x00007fff538124d0:   00007fe8db77b820 00007fff7e6c3388
0x00007fff538124e0:   00007fff53812510 00007fff98f34f6a
0x00007fff538124f0:   00007fff53812588 00007fff915854c0
0x00007fff53812500:   00007fe8db69c360 00007fe8db77b820
0x00007fff53812510:   00007fff53812540 00007fff992746dd
0x00007fff53812520:   0000000000000000 0000000000000094
0x00007fff53812530:   00007fff53812588 0000000000000001
0x00007fff53812540:   00007fff53812570 00007fff98d72325
0x00007fff53812550:   00007fe8db77b820 00007fe8db69c360
0x00007fff53812560:   00007fe8db77b820 0000000000000000
0x00007fff53812570:   00007fff538125d0 00007fff98f34c0d
0x00007fff53812580:   0000000000000000 00007fff7ef640a0
0x00007fff53812590:   0000000042000000 00007fff99274607
0x00007fff538125a0:   00007fff7e42f9e0 0000000000000000
0x00007fff538125b0:   00007fe8db69c360 00007fe8db77b820
0x00007fff538125c0:   00007fe8db77b820 00007fe8db69c360
0x00007fff538125d0:   00007fff53812600 0000000125cce586
0x00007fff538125e0:   00007fe8db77b820 0000000125d02c60
0x00007fff538125f0:   00007fe8db654ab0 00007fe8db77b820
0x00007fff53812600:   00007fff53812ae0 00007fff98d97797
0x00007fff53812610:   0000000000000000 0000000000000000
0x00007fff53812620:   4090e00000000000 4086800000000000 

Instructions: (pc=0x00007fff9158f322)
0x00007fff9158f302:   48 8b 30 48 21 d6 eb 0f 48 8b 45 a8 48 8d 0d 8b
0x00007fff9158f312:   b2 43 eb 48 8b 34 c1 48 8b 45 b8 48 39 c6 74 48
0x00007fff9158f322:   48 8b 46 20 48 89 c1 48 21 d1 48 8b 49 08 f6 01
0x00007fff9158f332:   01 75 0a 48 8b 06 48 21 d0 48 8b 40 20 48 21 d0 

Register to memory mapping:

RAX=0x0000000000000000 is an unknown value
RBX=0x00007fff7ca86d00: _ZN12_GLOBAL__N_1L12SideTableBufE+0 in /usr/lib/libobjc.A.dylib at 0x00007fff91584000
RCX=0x0000000000000a0b is an unknown value
RDX=0x00007ffffffffff8 is an unknown value
RSP=0x00007fff53812430 is pointing into the stack for thread: 0x00007fe8dd193000
RBP=0x00007fff538124a0 is pointing into the stack for thread: 0x00007fe8dd193000
RSI=0x000007fe8db6bfc8 is an unknown value
RDI=0x00007fff7ca86d00: _ZN12_GLOBAL__N_1L12SideTableBufE+0 in /usr/lib/libobjc.A.dylib at 0x00007fff91584000
R8 =0x00007fff90f9ea67: storeARCWeakAt+0 in /System/Library/Frameworks/Foundation.framework/Versions/C/Foundation at 0x00007fff90f7f000
R9 =0x00007fe8db77b820 is an unknown value
R10=0x000000000000001e is an unknown value
R11=0x0000000000000006 is an unknown value
R12=0x00007fe8db7858d0 is an unknown value
R13=0x0000000000000000 is an unknown value
R14=0x00007fff7ca87880: _ZN12_GLOBAL__N_1L12SideTableBufE+0xb80 in /usr/lib/libobjc.A.dylib at 0x00007fff91584000
R15=0x0000000000000000 is an unknown value


Stack: [0x00007fff53017000,0x00007fff53817000],  sp=0x00007fff53812430,  free space=8173k
Native frames: (J=compiled Java code, j=interpreted, Vv=VM code, C=native code)
C  [libobjc.A.dylib+0xb322]  objc_storeWeak+0x104
C  [Foundation+0x19973]  -[NSConcreteMapTable setObject:forKey:]+0x6e
C  [AppKit+0x345f6a]  -[NSView(NSOpenGLContextAssociation) _setOpenGLContext:]+0xf2
C  [AppKit+0x6856dd]  __27-[NSOpenGLContext setView:]_block_invoke+0xd6
C  [AppKit+0x183325]  NSPerformVisuallyAtomicChange+0x93
C  [AppKit+0x345c0d]  -[NSOpenGLContext setView:]+0x77
C  [liblwjgl.dylib+0xa586]  -[MacOSXOpenGLView lockFocus]+0x76
C  [AppKit+0x1a8797]  -[NSView _recursiveDisplayRectIfNeededIgnoringOpacity:isVisibleRect:rectIsVisibleRectForView:topView:]+0x6e2
C  [AppKit+0x1a9785]  -[NSView _recursiveDisplayRectIfNeededIgnoringOpacity:isVisibleRect:rectIsVisibleRectForView:topView:]+0x16d0
C  [AppKit+0x1a7be0]  -[NSThemeFrame _recursiveDisplayRectIfNeededIgnoringOpacity:isVisibleRect:rectIsVisibleRectForView:topView:]+0x14e
C  [AppKit+0x1a5feb]  -[NSView _displayRectIgnoringOpacity:isVisibleRect:rectIsVisibleRectForView:]+0x991
C  [AppKit+0x1a13f5]  -[NSView displayIfNeeded]+0x79e
C  [AppKit+0x1a0c3c]  -[NSWindow displayIfNeeded]+0xe8
C  [AppKit+0x82541b]  ___NSWindowGetDisplayCycleObserver_block_invoke6365+0x1dc
C  [AppKit+0x1a05d6]  __37+[NSDisplayCycle currentDisplayCycle]_block_invoke+0x3ad
C  [QuartzCore+0x10f71]  CA::Transaction::run_commit_handlers(CATransactionPhase)+0x55
C  [QuartzCore+0x1042c]  CA::Context::commit_transaction(CA::Transaction*)+0xa0
C  [QuartzCore+0x100ec]  CA::Transaction::commit()+0x1fc
C  [QuartzCore+0x1b977]  CA::Transaction::observer_callback(__CFRunLoopObserver*, unsigned long, void*)+0x47
C  [CoreFoundation+0xa9fc7]  __CFRUNLOOP_IS_CALLING_OUT_TO_AN_OBSERVER_CALLBACK_FUNCTION__+0x17
C  [CoreFoundation+0xa9f37]  __CFRunLoopDoObservers+0x187
C  [CoreFoundation+0x88e58]  CFRunLoopRunSpecific+0x148
C  [HIToolbox+0x30935]  RunCurrentEventLoopInMode+0xeb
C  [HIToolbox+0x30677]  ReceiveNextEventCommon+0xb8
C  [HIToolbox+0x305af]  _BlockUntilNextEventMatchingListInModeWithFilter+0x47
C  [AppKit+0x48df6]  _DPSNextEvent+0x42b
C  [AppKit+0x48226]  -[NSApplication _nextEventMatchingEventMask:untilDate:inMode:dequeue:]+0x1c6
C  [libosxapp.dylib+0x23aa]  -[NSApplicationAWT nextEventMatchingMask:untilDate:inMode:dequeue:]+0x7c
C  [AppKit+0x3cd80]  -[NSApplication run]+0x2aa
C  [libosxapp.dylib+0x214d]  +[NSApplicationAWT runAWTLoopWithApp:]+0x9c
C  [libawt_lwawt.dylib+0x4455b]  -[AWTStarter starter:]+0x389
C  [Foundation+0x76fde]  __NSThreadPerformPerform+0x117
C  [CoreFoundation+0xaa7e1]  __CFRUNLOOP_IS_CALLING_OUT_TO_A_SOURCE0_PERFORM_FUNCTION__+0x11
C  [CoreFoundation+0x89f1c]  __CFRunLoopDoSources0+0x22c
C  [CoreFoundation+0x8943f]  __CFRunLoopRun+0x39f
C  [CoreFoundation+0x88e38]  CFRunLoopRunSpecific+0x128
C  [java+0x6463]  CreateExecutionEnvironment+0x367
C  [java+0x21ac]  JLI_Launch+0x7a0
C  [java+0x84c0]  main+0x65
C  [java+0x1a04]  start+0x34
C  0x0000000000000006


---------------  P R O C E S S  ---------------

Java Threads: ( => current thread )
  0x00007fe8dd223000 JavaThread "AWT-Shutdown" [_thread_blocked, id=13451, stack(0x0000700000932000,0x0000700000a32000)]
=>0x00007fe8dd193000 JavaThread "AppKit Thread" daemon [_thread_in_native, id=2571, stack(0x00007fff53017000,0x00007fff53817000)]
  0x00007fe8dc825000 JavaThread "Service Thread" daemon [_thread_blocked, id=18691, stack(0x0000700000e44000,0x0000700000f44000)]
  0x00007fe8dc02f800 JavaThread "C1 CompilerThread2" daemon [_thread_blocked, id=18179, stack(0x0000700000d41000,0x0000700000e41000)]
  0x00007fe8dd052000 JavaThread "C2 CompilerThread1" daemon [_thread_blocked, id=17667, stack(0x0000700000c3e000,0x0000700000d3e000)]
  0x00007fe8dd050000 JavaThread "C2 CompilerThread0" daemon [_thread_blocked, id=17155, stack(0x0000700000b3b000,0x0000700000c3b000)]
  0x00007fe8dd043000 JavaThread "Signal Dispatcher" daemon [_thread_blocked, id=13839, stack(0x0000700000a38000,0x0000700000b38000)]
  0x00007fe8dd038800 JavaThread "Finalizer" daemon [_thread_blocked, id=12291, stack(0x000070000082f000,0x000070000092f000)]
  0x00007fe8dc816000 JavaThread "Reference Handler" daemon [_thread_blocked, id=11779, stack(0x000070000072c000,0x000070000082c000)]
  0x00007fe8dd002000 JavaThread "main" [_thread_in_native, id=5891, stack(0x000070000011a000,0x000070000021a000)]

Other Threads:
  0x00007fe8dc000000 VMThread [stack: 0x0000700000629000,0x0000700000729000] [id=11267]
  0x00007fe8dc81a800 WatcherThread [stack: 0x0000700000f47000,0x0000700001047000] [id=19203]

VM state:not at safepoint (normal execution)

VM Mutex/Monitor currently owned by a thread: None

Heap:
 PSYoungGen      total 18944K, used 13732K [0x00000007aab00000, 0x00000007ac000000, 0x00000007c0000000)
  eden space 16384K, 68% used [0x00000007aab00000,0x00000007ab5eaf78,0x00000007abb00000)
  from space 2560K, 99% used [0x00000007abb00000,0x00000007abd7e158,0x00000007abd80000)
  to   space 2560K, 0% used [0x00000007abd80000,0x00000007abd80000,0x00000007ac000000)
 ParOldGen       total 44032K, used 2663K [0x0000000780000000, 0x0000000782b00000, 0x00000007aab00000)
  object space 44032K, 6% used [0x0000000780000000,0x0000000780299fa8,0x0000000782b00000)
 Metaspace       used 7495K, capacity 7663K, committed 7808K, reserved 1056768K
  class space    used 731K, capacity 794K, committed 896K, reserved 1048576K

Card table byte_map: [0x000000011d2a2000,0x000000011d4a3000] byte_map_base: 0x00000001196a2000

Marking Bits: (ParMarkBitMap*) 0x000000010d888780
 Begin Bits: [0x000000011d5f9000, 0x000000011e5f9000)
 End Bits:   [0x000000011e5f9000, 0x000000011f5f9000)

Polling page: 0x000000010c6ac000

CodeCache: size=245760Kb used=4056Kb max_used=4109Kb free=241703Kb
 bounds [0x000000010dee2000, 0x000000010e2f2000, 0x000000011cee2000]
 total_blobs=1424 nmethods=1026 adapters=313
 compilation: enabled

Compilation events (10 events):
Event: 112.444 Thread 0x00007fe8dd050000 1033   !   4       org.newdawn.slick.GameContainer::updateAndRender (406 bytes)
Event: 112.444 Thread 0x00007fe8dd052000 1034       4       org.newdawn.slick.Music::poll (54 bytes)
Event: 112.445 Thread 0x00007fe8dd052000 nmethod 1034 0x000000010e2a1850 code [0x000000010e2a19a0, 0x000000010e2a1a18]
Event: 112.445 Thread 0x00007fe8dd052000 1035       4       org.newdawn.slick.AppGameContainer::hasFocus (4 bytes)
Event: 112.447 Thread 0x00007fe8dd052000 nmethod 1035 0x000000010e2c6510 code [0x000000010e2c6680, 0x000000010e2c6a08]
Event: 112.469 Thread 0x00007fe8dd050000 nmethod 1033 0x000000010e2cacd0 code [0x000000010e2cb000, 0x000000010e2cc060]
Event: 137.956 Thread 0x00007fe8dd052000 1036       4       sun.misc.MetaIndex::mayContain (51 bytes)
Event: 137.963 Thread 0x00007fe8dd052000 nmethod 1036 0x000000010e2c5d50 code [0x000000010e2c5ec0, 0x000000010e2c6238]
Event: 198.121 Thread 0x00007fe8dd052000 1037  s    4       sun.misc.URLClassPath::getNextLoader (88 bytes)
Event: 198.143 Thread 0x00007fe8dd052000 nmethod 1037 0x000000010e2eb250 code [0x000000010e2eb480, 0x000000010e2ec500]

GC Heap History (2 events):
Event: 27.282 GC heap before
{Heap before GC invocations=1 (full 0):
 PSYoungGen      total 18944K, used 16384K [0x00000007aab00000, 0x00000007ac000000, 0x00000007c0000000)
  eden space 16384K, 100% used [0x00000007aab00000,0x00000007abb00000,0x00000007abb00000)
  from space 2560K, 0% used [0x00000007abd80000,0x00000007abd80000,0x00000007ac000000)
  to   space 2560K, 0% used [0x00000007abb00000,0x00000007abb00000,0x00000007abd80000)
 ParOldGen       total 44032K, used 0K [0x0000000780000000, 0x0000000782b00000, 0x00000007aab00000)
  object space 44032K, 0% used [0x0000000780000000,0x0000000780000000,0x0000000782b00000)
 Metaspace       used 7469K, capacity 7663K, committed 7808K, reserved 1056768K
  class space    used 731K, capacity 794K, committed 896K, reserved 1048576K
Event: 27.294 GC heap after
Heap after GC invocations=1 (full 0):
 PSYoungGen      total 18944K, used 2552K [0x00000007aab00000, 0x00000007ac000000, 0x00000007c0000000)
  eden space 16384K, 0% used [0x00000007aab00000,0x00000007aab00000,0x00000007abb00000)
  from space 2560K, 99% used [0x00000007abb00000,0x00000007abd7e158,0x00000007abd80000)
  to   space 2560K, 0% used [0x00000007abd80000,0x00000007abd80000,0x00000007ac000000)
 ParOldGen       total 44032K, used 2663K [0x0000000780000000, 0x0000000782b00000, 0x00000007aab00000)
  object space 44032K, 6% used [0x0000000780000000,0x0000000780299fa8,0x0000000782b00000)
 Metaspace       used 7469K, capacity 7663K, committed 7808K, reserved 1056768K
  class space    used 731K, capacity 794K, committed 896K, reserved 1048576K
}

Deoptimization events (3 events):
Event: 0.547 Thread 0x00007fe8dd002000 Uncommon trap: reason=unstable_if action=reinterpret pc=0x000000010e06739c method=java.lang.String.replace(CC)Ljava/lang/String; @ 26
Event: 4.787 Thread 0x00007fe8dd002000 Uncommon trap: reason=unstable_if action=reinterpret pc=0x000000010e1c5a84 method=org.newdawn.slick.geom.Shape.checkPoints()V @ 4
Event: 232.709 Thread 0x00007fe8dd002000 Uncommon trap: reason=unstable_if action=reinterpret pc=0x000000010e2c4a20 method=org.newdawn.slick.AppGameContainer.gameLoop()V @ 60

Internal exceptions (10 events):
Event: 0.184 Thread 0x00007fe8dd002000 Exception <a 'java/security/PrivilegedActionException'> (0x00000007aacb4518) thrown at [/Users/java_re/workspace/8-2-build-macosx-x86_64/jdk8u72/5182.nc/hotspot/src/share/vm/prims/jvm.cpp, line 1386]
Event: 0.184 Thread 0x00007fe8dd002000 Exception <a 'java/security/PrivilegedActionException'> (0x00000007aacb4728) thrown at [/Users/java_re/workspace/8-2-build-macosx-x86_64/jdk8u72/5182.nc/hotspot/src/share/vm/prims/jvm.cpp, line 1386]
Event: 0.184 Thread 0x00007fe8dd002000 Exception <a 'java/security/PrivilegedActionException'> (0x00000007aacb72c0) thrown at [/Users/java_re/workspace/8-2-build-macosx-x86_64/jdk8u72/5182.nc/hotspot/src/share/vm/prims/jvm.cpp, line 1386]
Event: 0.184 Thread 0x00007fe8dd002000 Exception <a 'java/security/PrivilegedActionException'> (0x00000007aacb74d0) thrown at [/Users/java_re/workspace/8-2-build-macosx-x86_64/jdk8u72/5182.nc/hotspot/src/share/vm/prims/jvm.cpp, line 1386]
Event: 0.184 Thread 0x00007fe8dd002000 Exception <a 'java/security/PrivilegedActionException'> (0x00000007aacb83e8) thrown at [/Users/java_re/workspace/8-2-build-macosx-x86_64/jdk8u72/5182.nc/hotspot/src/share/vm/prims/jvm.cpp, line 1386]
Event: 0.184 Thread 0x00007fe8dd002000 Exception <a 'java/security/PrivilegedActionException'> (0x00000007aacb85f8) thrown at [/Users/java_re/workspace/8-2-build-macosx-x86_64/jdk8u72/5182.nc/hotspot/src/share/vm/prims/jvm.cpp, line 1386]
Event: 0.256 Thread 0x00007fe8dd002000 Exception <a 'java/lang/NoSuchFieldError': method resolution failed> (0x00000007aad865f0) thrown at [/Users/java_re/workspace/8-2-build-macosx-x86_64/jdk8u72/5182.nc/hotspot/src/share/vm/prims/methodHandles.cpp, line 1146]
Event: 0.259 Thread 0x00007fe8dd002000 Exception <a 'java/lang/NoSuchFieldError': method resolution failed> (0x00000007aad93dd8) thrown at [/Users/java_re/workspace/8-2-build-macosx-x86_64/jdk8u72/5182.nc/hotspot/src/share/vm/prims/methodHandles.cpp, line 1146]
Event: 0.479 Thread 0x00007fe8dd002000 Exception <a 'java/io/FileNotFoundException'> (0x00000007aae0ee70) thrown at [/Users/java_re/workspace/8-2-build-macosx-x86_64/jdk8u72/5182.nc/hotspot/src/share/vm/prims/jni.cpp, line 709]
Event: 0.479 Thread 0x00007fe8dd002000 Exception <a 'java/io/FileNotFoundException'> (0x00000007aae0f9b8) thrown at [/Users/java_re/workspace/8-2-build-macosx-x86_64/jdk8u72/5182.nc/hotspot/src/share/vm/prims/jni.cpp, line 709]

Events (10 events):
Event: 224.174 Executing VM operation: RevokeBias done
Event: 224.174 Thread 0x00007fe8dd223000 Thread exited: 0x00007fe8dd223000
Event: 228.181 Thread 0x00007fe8dc9ec000 Thread added: 0x00007fe8dc9ec000
Event: 229.183 Executing VM operation: RevokeBias
Event: 229.183 Executing VM operation: RevokeBias done
Event: 229.183 Thread 0x00007fe8dc9ec000 Thread exited: 0x00007fe8dc9ec000
Event: 229.328 Thread 0x00007fe8dd223000 Thread added: 0x00007fe8dd223000
Event: 232.709 Thread 0x00007fe8dd002000 Uncommon trap: trap_request=0xffffff65 fr.pc=0x000000010e2c4a20
Event: 232.709 Thread 0x00007fe8dd002000 DEOPT PACKING pc=0x000000010e2c4a20 sp=0x0000700000219840
Event: 232.709 Thread 0x00007fe8dd002000 DEOPT UNPACKING pc=0x000000010dee6f69 sp=0x0000700000219808 mode 2


Dynamic libraries:
0x000000000afd7000 	/System/Library/Frameworks/Cocoa.framework/Versions/A/Cocoa
0x000000000afd7000 	/System/Library/Frameworks/Security.framework/Versions/A/Security
0x000000000afd7000 	/System/Library/Frameworks/ApplicationServices.framework/Versions/A/ApplicationServices
0x000000000afd7000 	/usr/lib/libz.1.dylib
0x000000000afd7000 	/usr/lib/libSystem.B.dylib
0x000000000afd7000 	/usr/lib/libobjc.A.dylib
0x000000000afd7000 	/System/Library/Frameworks/CoreFoundation.framework/Versions/A/CoreFoundation
0x000000000afd7000 	/System/Library/Frameworks/Foundation.framework/Versions/C/Foundation
0x000000000afd7000 	/System/Library/Frameworks/AppKit.framework/Versions/C/AppKit
0x000000000afd7000 	/System/Library/Frameworks/CoreData.framework/Versions/A/CoreData
0x000000000afd7000 	/System/Library/PrivateFrameworks/RemoteViewServices.framework/Versions/A/RemoteViewServices
0x000000000afd7000 	/System/Library/PrivateFrameworks/UIFoundation.framework/Versions/A/UIFoundation
0x000000000afd7000 	/usr/lib/libScreenReader.dylib
0x000000000afd7000 	/System/Library/Frameworks/Accelerate.framework/Versions/A/Accelerate
0x000000000afd7000 	/System/Library/Frameworks/IOSurface.framework/Versions/A/IOSurface
0x000000000afd7000 	/System/Library/Frameworks/AudioToolbox.framework/Versions/A/AudioToolbox
0x000000000afd7000 	/System/Library/Frameworks/AudioUnit.framework/Versions/A/AudioUnit
0x000000000afd7000 	/System/Library/PrivateFrameworks/DataDetectorsCore.framework/Versions/A/DataDetectorsCore
0x000000000afd7000 	/System/Library/PrivateFrameworks/DesktopServicesPriv.framework/Versions/A/DesktopServicesPriv
0x000000000afd7000 	/System/Library/Frameworks/Carbon.framework/Versions/A/Frameworks/HIToolbox.framework/Versions/A/HIToolbox
0x000000000afd7000 	/System/Library/Frameworks/QuartzCore.framework/Versions/A/QuartzCore
0x000000000afd7000 	/System/Library/Frameworks/Carbon.framework/Versions/A/Frameworks/SpeechRecognition.framework/Versions/A/SpeechRecognition
0x000000000afd7000 	/usr/lib/libauto.dylib
0x000000000afd7000 	/usr/lib/libicucore.A.dylib
0x000000000afd7000 	/usr/lib/libxml2.2.dylib
0x000000000afd7000 	/System/Library/PrivateFrameworks/CoreUI.framework/Versions/A/CoreUI
0x000000000afd7000 	/System/Library/Frameworks/CoreAudio.framework/Versions/A/CoreAudio
0x000000000afd7000 	/System/Library/Frameworks/DiskArbitration.framework/Versions/A/DiskArbitration
0x000000000afd7000 	/usr/lib/liblangid.dylib
0x000000000afd7000 	/System/Library/PrivateFrameworks/MultitouchSupport.framework/Versions/A/MultitouchSupport
0x000000000afd7000 	/System/Library/Frameworks/IOKit.framework/Versions/A/IOKit
0x000000000afd7000 	/usr/lib/libDiagnosticMessagesClient.dylib
0x000000000afd7000 	/System/Library/Frameworks/CoreServices.framework/Versions/A/CoreServices
0x000000000afd7000 	/System/Library/PrivateFrameworks/PerformanceAnalysis.framework/Versions/A/PerformanceAnalysis
0x000000000afd7000 	/System/Library/PrivateFrameworks/GenerationalStorage.framework/Versions/A/GenerationalStorage
0x000000000afd7000 	/System/Library/Frameworks/OpenGL.framework/Versions/A/OpenGL
0x000000000afd7000 	/System/Library/PrivateFrameworks/Sharing.framework/Versions/A/Sharing
0x000000000afd7000 	/System/Library/Frameworks/CoreGraphics.framework/Versions/A/CoreGraphics
0x000000000afd7000 	/System/Library/Frameworks/CoreImage.framework/Versions/A/CoreImage
0x000000000afd7000 	/System/Library/Frameworks/CoreText.framework/Versions/A/CoreText
0x000000000afd7000 	/System/Library/Frameworks/ImageIO.framework/Versions/A/ImageIO
0x000000000afd7000 	/System/Library/PrivateFrameworks/Backup.framework/Versions/A/Backup
0x000000000afd7000 	/usr/lib/libextension.dylib
0x000000000afd7000 	/usr/lib/libarchive.2.dylib
0x000000000afd7000 	/System/Library/Frameworks/CFNetwork.framework/Versions/A/CFNetwork
0x000000000afd7000 	/System/Library/Frameworks/SystemConfiguration.framework/Versions/A/SystemConfiguration
0x000000000afd7000 	/usr/lib/libCRFSuite.dylib
0x000000000afd7000 	/usr/lib/libc++.1.dylib
0x000000000afd7000 	/usr/lib/libc++abi.dylib
0x000000000afd7000 	/usr/lib/system/libcache.dylib
0x000000000afd7000 	/usr/lib/system/libcommonCrypto.dylib
0x000000000afd7000 	/usr/lib/system/libcompiler_rt.dylib
0x000000000afd7000 	/usr/lib/system/libcopyfile.dylib
0x000000000afd7000 	/usr/lib/system/libcorecrypto.dylib
0x000000000afd7000 	/usr/lib/system/libdispatch.dylib
0x000000000afd7000 	/usr/lib/system/libdyld.dylib
0x000000000afd7000 	/usr/lib/system/libkeymgr.dylib
0x000000000afd7000 	/usr/lib/system/liblaunch.dylib
0x000000000afd7000 	/usr/lib/system/libmacho.dylib
0x000000000afd7000 	/usr/lib/system/libquarantine.dylib
0x000000000afd7000 	/usr/lib/system/libremovefile.dylib
0x000000000afd7000 	/usr/lib/system/libsystem_asl.dylib
0x000000000afd7000 	/usr/lib/system/libsystem_blocks.dylib
0x000000000afd7000 	/usr/lib/system/libsystem_c.dylib
0x000000000afd7000 	/usr/lib/system/libsystem_configuration.dylib
0x000000000afd7000 	/usr/lib/system/libsystem_coreservices.dylib
0x000000000afd7000 	/usr/lib/system/libsystem_coretls.dylib
0x000000000afd7000 	/usr/lib/system/libsystem_dnssd.dylib
0x000000000afd7000 	/usr/lib/system/libsystem_info.dylib
0x000000000afd7000 	/usr/lib/system/libsystem_kernel.dylib
0x000000000afd7000 	/usr/lib/system/libsystem_m.dylib
0x000000000afd7000 	/usr/lib/system/libsystem_malloc.dylib
0x000000000afd7000 	/usr/lib/system/libsystem_network.dylib
0x000000000afd7000 	/usr/lib/system/libsystem_networkextension.dylib
0x000000000afd7000 	/usr/lib/system/libsystem_notify.dylib
0x000000000afd7000 	/usr/lib/system/libsystem_platform.dylib
0x000000000afd7000 	/usr/lib/system/libsystem_pthread.dylib
0x000000000afd7000 	/usr/lib/system/libsystem_sandbox.dylib
0x000000000afd7000 	/usr/lib/system/libsystem_secinit.dylib
0x000000000afd7000 	/usr/lib/system/libsystem_trace.dylib
0x000000000afd7000 	/usr/lib/system/libunc.dylib
0x000000000afd7000 	/usr/lib/system/libunwind.dylib
0x000000000afd7000 	/usr/lib/system/libxpc.dylib
0x000000000afd7000 	/usr/lib/libenergytrace.dylib
0x000000000afd7000 	/usr/lib/libbsm.0.dylib
0x000000000afd7000 	/usr/lib/system/libkxld.dylib
0x000000000afd7000 	/usr/lib/libxar.1.dylib
0x000000000afd7000 	/usr/lib/libsqlite3.dylib
0x000000000afd7000 	/usr/lib/libpam.2.dylib
0x000000000afd7000 	/usr/lib/libOpenScriptingUtil.dylib
0x000000000afd7000 	/usr/lib/libbz2.1.0.dylib
0x000000000afd7000 	/usr/lib/liblzma.5.dylib
0x000000000afd7000 	/System/Library/Frameworks/CoreServices.framework/Versions/A/Frameworks/FSEvents.framework/Versions/A/FSEvents
0x000000000afd7000 	/System/Library/Frameworks/CoreServices.framework/Versions/A/Frameworks/CarbonCore.framework/Versions/A/CarbonCore
0x000000000afd7000 	/System/Library/Frameworks/CoreServices.framework/Versions/A/Frameworks/Metadata.framework/Versions/A/Metadata
0x000000000afd7000 	/System/Library/Frameworks/CoreServices.framework/Versions/A/Frameworks/OSServices.framework/Versions/A/OSServices
0x000000000afd7000 	/System/Library/Frameworks/CoreServices.framework/Versions/A/Frameworks/SearchKit.framework/Versions/A/SearchKit
0x000000000afd7000 	/System/Library/Frameworks/CoreServices.framework/Versions/A/Frameworks/AE.framework/Versions/A/AE
0x000000000afd7000 	/System/Library/Frameworks/CoreServices.framework/Versions/A/Frameworks/LaunchServices.framework/Versions/A/LaunchServices
0x000000000afd7000 	/System/Library/Frameworks/CoreServices.framework/Versions/A/Frameworks/DictionaryServices.framework/Versions/A/DictionaryServices
0x000000000afd7000 	/System/Library/Frameworks/CoreServices.framework/Versions/A/Frameworks/SharedFileList.framework/Versions/A/SharedFileList
0x000000000afd7000 	/System/Library/Frameworks/NetFS.framework/Versions/A/NetFS
0x000000000afd7000 	/System/Library/PrivateFrameworks/NetAuth.framework/Versions/A/NetAuth
0x000000000afd7000 	/System/Library/PrivateFrameworks/login.framework/Versions/A/Frameworks/loginsupport.framework/Versions/A/loginsupport
0x000000000afd7000 	/System/Library/PrivateFrameworks/TCC.framework/Versions/A/TCC
0x000000000afd7000 	/usr/lib/libmecabra.dylib
0x000000000afd7000 	/System/Library/Frameworks/ApplicationServices.framework/Versions/A/Frameworks/ATS.framework/Versions/A/ATS
0x000000000afd7000 	/System/Library/Frameworks/ApplicationServices.framework/Versions/A/Frameworks/ColorSync.framework/Versions/A/ColorSync
0x000000000afd7000 	/System/Library/Frameworks/ApplicationServices.framework/Versions/A/Frameworks/HIServices.framework/Versions/A/HIServices
0x000000000afd7000 	/System/Library/Frameworks/ApplicationServices.framework/Versions/A/Frameworks/LangAnalysis.framework/Versions/A/LangAnalysis
0x000000000afd7000 	/System/Library/Frameworks/ApplicationServices.framework/Versions/A/Frameworks/PrintCore.framework/Versions/A/PrintCore
0x000000000afd7000 	/System/Library/Frameworks/ApplicationServices.framework/Versions/A/Frameworks/QD.framework/Versions/A/QD
0x000000000afd7000 	/System/Library/Frameworks/ApplicationServices.framework/Versions/A/Frameworks/SpeechSynthesis.framework/Versions/A/SpeechSynthesis
0x000000000afd7000 	/System/Library/Frameworks/Metal.framework/Versions/A/Metal
0x000000000afd7000 	/System/Library/Frameworks/Accelerate.framework/Versions/A/Frameworks/vImage.framework/Versions/A/vImage
0x000000000afd7000 	/System/Library/Frameworks/Accelerate.framework/Versions/A/Frameworks/vecLib.framework/Versions/A/vecLib
0x000000000afd7000 	/System/Library/Frameworks/Accelerate.framework/Versions/A/Frameworks/vecLib.framework/Versions/A/libvDSP.dylib
0x000000000afd7000 	/System/Library/Frameworks/Accelerate.framework/Versions/A/Frameworks/vecLib.framework/Versions/A/libvMisc.dylib
0x000000000afd7000 	/System/Library/Frameworks/Accelerate.framework/Versions/A/Frameworks/vecLib.framework/Versions/A/libLAPACK.dylib
0x000000000afd7000 	/System/Library/Frameworks/Accelerate.framework/Versions/A/Frameworks/vecLib.framework/Versions/A/libBLAS.dylib
0x000000000afd7000 	/System/Library/Frameworks/Accelerate.framework/Versions/A/Frameworks/vecLib.framework/Versions/A/libLinearAlgebra.dylib
0x000000000afd7000 	/System/Library/Frameworks/Accelerate.framework/Versions/A/Frameworks/vecLib.framework/Versions/A/libSparseBLAS.dylib
0x000000000afd7000 	/System/Library/PrivateFrameworks/GPUCompiler.framework/libmetal_timestamp.dylib
0x000000000afd7000 	/System/Library/Frameworks/OpenGL.framework/Versions/A/Libraries/libCoreFSCache.dylib
0x000000000afd7000 	/System/Library/PrivateFrameworks/IOAccelerator.framework/Versions/A/IOAccelerator
0x000000000afd7000 	/System/Library/Frameworks/ApplicationServices.framework/Versions/A/Frameworks/ATS.framework/Versions/A/Resources/libFontParser.dylib
0x000000000afd7000 	/System/Library/Frameworks/ApplicationServices.framework/Versions/A/Frameworks/ATS.framework/Versions/A/Resources/libFontRegistry.dylib
0x000000000afd7000 	/System/Library/PrivateFrameworks/AppleVPA.framework/Versions/A/AppleVPA
0x000000000afd7000 	/System/Library/PrivateFrameworks/AppleJPEG.framework/Versions/A/AppleJPEG
0x000000000afd7000 	/System/Library/Frameworks/ImageIO.framework/Versions/A/Resources/libJPEG.dylib
0x000000000afd7000 	/System/Library/Frameworks/ImageIO.framework/Versions/A/Resources/libTIFF.dylib
0x000000000afd7000 	/System/Library/Frameworks/ImageIO.framework/Versions/A/Resources/libPng.dylib
0x000000000afd7000 	/System/Library/Frameworks/ImageIO.framework/Versions/A/Resources/libGIF.dylib
0x000000000afd7000 	/System/Library/Frameworks/ImageIO.framework/Versions/A/Resources/libJP2.dylib
0x000000000afd7000 	/System/Library/Frameworks/ImageIO.framework/Versions/A/Resources/libRadiance.dylib
0x000000000afd7000 	/System/Library/Frameworks/CoreVideo.framework/Versions/A/CoreVideo
0x000000000afd7000 	/System/Library/Frameworks/OpenGL.framework/Versions/A/Libraries/libGLU.dylib
0x000000000afd7000 	/System/Library/Frameworks/OpenGL.framework/Versions/A/Libraries/libGFXShared.dylib
0x000000000afd7000 	/System/Library/Frameworks/OpenGL.framework/Versions/A/Libraries/libGL.dylib
0x000000000afd7000 	/System/Library/Frameworks/OpenGL.framework/Versions/A/Libraries/libGLImage.dylib
0x000000000afd7000 	/System/Library/Frameworks/OpenGL.framework/Versions/A/Libraries/libCVMSPluginSupport.dylib
0x000000000afd7000 	/System/Library/Frameworks/OpenGL.framework/Versions/A/Libraries/libCoreVMClient.dylib
0x000000000afd7000 	/usr/lib/libcompression.dylib
0x000000000afd7000 	/usr/lib/libcups.2.dylib
0x000000000afd7000 	/System/Library/Frameworks/Kerberos.framework/Versions/A/Kerberos
0x000000000afd7000 	/System/Library/Frameworks/GSS.framework/Versions/A/GSS
0x000000000afd7000 	/usr/lib/libresolv.9.dylib
0x000000000afd7000 	/usr/lib/libiconv.2.dylib
0x000000000afd7000 	/System/Library/PrivateFrameworks/Heimdal.framework/Versions/A/Heimdal
0x000000000afd7000 	/usr/lib/libheimdal-asn1.dylib
0x000000000afd7000 	/System/Library/Frameworks/OpenDirectory.framework/Versions/A/OpenDirectory
0x000000000afd7000 	/System/Library/PrivateFrameworks/CommonAuth.framework/Versions/A/CommonAuth
0x000000000afd7000 	/System/Library/Frameworks/OpenDirectory.framework/Versions/A/Frameworks/CFOpenDirectory.framework/Versions/A/CFOpenDirectory
0x000000000afd7000 	/System/Library/Frameworks/SecurityFoundation.framework/Versions/A/SecurityFoundation
0x000000000afd7000 	/System/Library/PrivateFrameworks/LanguageModeling.framework/Versions/A/LanguageModeling
0x000000000afd7000 	/usr/lib/libmarisa.dylib
0x000000000afd7000 	/usr/lib/libChineseTokenizer.dylib
0x000000000afd7000 	/usr/lib/libcmph.dylib
0x000000000afd7000 	/System/Library/Frameworks/ServiceManagement.framework/Versions/A/ServiceManagement
0x000000000afd7000 	/usr/lib/libxslt.1.dylib
0x000000000afd7000 	/System/Library/Frameworks/Carbon.framework/Versions/A/Frameworks/Ink.framework/Versions/A/Ink
0x000000000afd7000 	/usr/lib/libFosl_dynamic.dylib
0x000000000afd7000 	/System/Library/PrivateFrameworks/FaceCore.framework/Versions/A/FaceCore
0x000000000afd7000 	/System/Library/Frameworks/OpenCL.framework/Versions/A/OpenCL
0x000000000afd7000 	/System/Library/PrivateFrameworks/CrashReporterSupport.framework/Versions/A/CrashReporterSupport
0x000000000afd7000 	/System/Library/PrivateFrameworks/IconServices.framework/Versions/A/IconServices
0x000000000afd7000 	/System/Library/PrivateFrameworks/Apple80211.framework/Versions/A/Apple80211
0x000000000afd7000 	/System/Library/Frameworks/CoreWLAN.framework/Versions/A/CoreWLAN
0x000000000afd7000 	/System/Library/Frameworks/IOBluetooth.framework/Versions/A/IOBluetooth
0x000000000afd7000 	/System/Library/PrivateFrameworks/CoreWiFi.framework/Versions/A/CoreWiFi
0x000000000afd7000 	/System/Library/Frameworks/CoreBluetooth.framework/Versions/A/CoreBluetooth
0x000000000afd7000 	/System/Library/PrivateFrameworks/ChunkingLibrary.framework/Versions/A/ChunkingLibrary
0x000000000afd7000 	/System/Library/PrivateFrameworks/DebugSymbols.framework/Versions/A/DebugSymbols
0x000000000afd7000 	/System/Library/PrivateFrameworks/CoreSymbolication.framework/Versions/A/CoreSymbolication
0x000000000afd7000 	/System/Library/PrivateFrameworks/Symbolication.framework/Versions/A/Symbolication
0x000000000afd7000 	/System/Library/PrivateFrameworks/SpeechRecognitionCore.framework/Versions/A/SpeechRecognitionCore
0x000000010d000000 	/Library/Java/JavaVirtualMachines/jdk1.8.0_72.jdk/Contents/Home/jre/lib/server/libjvm.dylib
0x000000000afd7000 	/usr/lib/libstdc++.6.dylib
0x000000010c669000 	/Library/Java/JavaVirtualMachines/jdk1.8.0_72.jdk/Contents/Home/jre/lib/libverify.dylib
0x000000010c677000 	/Library/Java/JavaVirtualMachines/jdk1.8.0_72.jdk/Contents/Home/jre/lib/libjava.dylib
0x000000010c6b6000 	/Library/Java/JavaVirtualMachines/jdk1.8.0_72.jdk/Contents/Home/jre/lib/libzip.dylib
0x00000001211ac000 	/System/Library/Frameworks/JavaVM.framework/Frameworks/JavaRuntimeSupport.framework/JavaRuntimeSupport
0x00000001211c7000 	/System/Library/Frameworks/JavaVM.framework/Versions/A/Frameworks/JavaNativeFoundation.framework/Versions/A/JavaNativeFoundation
0x000000010c7ed000 	/System/Library/Frameworks/JavaVM.framework/Versions/A/JavaVM
0x000000000afd7000 	/System/Library/Frameworks/Carbon.framework/Versions/A/Carbon
0x00000001211dc000 	/System/Library/PrivateFrameworks/JavaLaunching.framework/Versions/A/JavaLaunching
0x000000000afd7000 	/System/Library/Frameworks/Carbon.framework/Versions/A/Frameworks/CommonPanels.framework/Versions/A/CommonPanels
0x000000000afd7000 	/System/Library/Frameworks/Carbon.framework/Versions/A/Frameworks/Help.framework/Versions/A/Help
0x000000000afd7000 	/System/Library/Frameworks/Carbon.framework/Versions/A/Frameworks/ImageCapture.framework/Versions/A/ImageCapture
0x000000000afd7000 	/System/Library/Frameworks/Carbon.framework/Versions/A/Frameworks/OpenScripting.framework/Versions/A/OpenScripting
0x000000000afd7000 	/System/Library/Frameworks/Carbon.framework/Versions/A/Frameworks/Print.framework/Versions/A/Print
0x000000000afd7000 	/System/Library/Frameworks/Carbon.framework/Versions/A/Frameworks/SecurityHI.framework/Versions/A/SecurityHI
0x0000000122b1d000 	/Library/Java/JavaVirtualMachines/jdk1.8.0_72.jdk/Contents/Home/jre/lib/libawt.dylib
0x0000000122bc5000 	/Library/Java/JavaVirtualMachines/jdk1.8.0_72.jdk/Contents/Home/jre/lib/./libmlib_image.dylib
0x0000000122c91000 	/Library/Java/JavaVirtualMachines/jdk1.8.0_72.jdk/Contents/Home/jre/lib/libawt_lwawt.dylib
0x0000000122d46000 	/Library/Java/JavaVirtualMachines/jdk1.8.0_72.jdk/Contents/Home/jre/lib/./libosxapp.dylib
0x000000000afd7000 	/System/Library/Frameworks/ExceptionHandling.framework/Versions/A/ExceptionHandling
0x000000000afd7000 	/System/Library/PrivateFrameworks/CoreServicesInternal.framework/Versions/A/CoreServicesInternal
0x0000000123bc4000 	/System/Library/Frameworks/CoreGraphics.framework/Versions/A/Resources/libRIP.A.dylib
0x000000000afd7000 	/System/Library/Frameworks/Accelerate.framework/Versions/A/Frameworks/vImage.framework/Versions/A/Libraries/libCGInterfaces.dylib
0x0000000123e60000 	/System/Library/Frameworks/CoreGraphics.framework/Versions/A/Resources/libCGXType.A.dylib
0x000000000afd7000 	/System/Library/Frameworks/OpenCL.framework/Versions/A/Libraries/libcldcpuengine.dylib
0x000000000afd7000 	/System/Library/PrivateFrameworks/DiskImages.framework/Versions/A/DiskImages
0x000000000afd7000 	/System/Library/Frameworks/DiscRecording.framework/Versions/A/DiscRecording
0x000000000afd7000 	/usr/lib/libcsfde.dylib
0x000000000afd7000 	/usr/lib/libcurl.4.dylib
0x000000000afd7000 	/System/Library/PrivateFrameworks/MediaKit.framework/Versions/A/MediaKit
0x000000000afd7000 	/System/Library/PrivateFrameworks/ProtectedCloudStorage.framework/Versions/A/ProtectedCloudStorage
0x000000000afd7000 	/usr/lib/libCoreStorage.dylib
0x000000000afd7000 	/System/Library/PrivateFrameworks/EFILogin.framework/Versions/A/EFILogin
0x000000000afd7000 	/usr/lib/libutil.dylib
0x000000000afd7000 	/System/Library/PrivateFrameworks/FindMyDevice.framework/Versions/A/FindMyDevice
0x000000000afd7000 	/System/Library/Frameworks/LDAP.framework/Versions/A/LDAP
0x000000000afd7000 	/usr/lib/libsasl2.2.dylib
0x000000000afd7000 	/System/Library/PrivateFrameworks/CoreDaemon.framework/Versions/B/CoreDaemon
0x000000000afd7000 	/usr/lib/libcrypto.0.9.8.dylib
0x000000000afd7000 	/System/Library/PrivateFrameworks/AppleSRP.framework/Versions/A/AppleSRP
0x000000000afd7000 	/System/Library/PrivateFrameworks/TrustEvaluationAgent.framework/Versions/A/TrustEvaluationAgent
0x0000000124be8000 	cl_kernels
0x000000000afd7000 	/System/Library/Frameworks/OpenCL.framework/Versions/A/Libraries/ImageFormats/unorm8_bgra.dylib
0x000000000afd7000 	/System/Library/Frameworks/OpenCL.framework/Versions/A/Libraries/ImageFormats/unorm8_rgba.dylib
0x000000000afd7000 	/System/Library/PrivateFrameworks/FamilyControls.framework/Versions/A/FamilyControls
0x000000000afd7000 	/System/Library/PrivateFrameworks/CommerceKit.framework/Versions/A/Frameworks/CommerceCore.framework/Versions/A/CommerceCore
0x000000000afd7000 	/System/Library/PrivateFrameworks/SystemAdministration.framework/Versions/A/SystemAdministration
0x000000000afd7000 	/System/Library/PrivateFrameworks/AppContainer.framework/Versions/A/AppContainer
0x000000000afd7000 	/System/Library/PrivateFrameworks/SecCodeWrapper.framework/Versions/A/SecCodeWrapper
0x000000000afd7000 	/System/Library/Frameworks/DirectoryService.framework/Versions/A/DirectoryService
0x000000000afd7000 	/System/Library/PrivateFrameworks/LoginUIKit.framework/Versions/A/Frameworks/LoginUICore.framework/Versions/A/LoginUICore
0x000000000afd7000 	/usr/lib/libodfde.dylib
0x0000000125c5d000 	/Library/Java/JavaVirtualMachines/jdk1.8.0_72.jdk/Contents/Home/jre/lib/libfontmanager.dylib
0x0000000125cc4000 	/Users/jerem/GitHub/MiniNavette_LO43/MiniNavette/Libs/Natives/liblwjgl.dylib
0x0000000123de9000 	/Library/Java/JavaVirtualMachines/jdk1.8.0_72.jdk/Contents/Home/jre/lib/libjawt.dylib
0x0000000125d46000 	/System/Library/Frameworks/OpenGL.framework/Resources/GLEngine.bundle/GLEngine
0x000000000afd7000 	/System/Library/Frameworks/OpenGL.framework/Versions/A/Libraries/libGLProgrammability.dylib
0x0000000125f2e000 	/System/Library/Extensions/AppleIntelHD5000GraphicsGLDriver.bundle/Contents/MacOS/AppleIntelHD5000GraphicsGLDriver
0x000000000afd7000 	/System/Library/PrivateFrameworks/GPUSupport.framework/Versions/A/Libraries/libGPUSupportMercury.dylib
0x000000012667d000 	/System/Library/Frameworks/OpenGL.framework/Resources//GLRendererFloat.bundle/GLRendererFloat
0x000000012767a000 	/Users/jerem/GitHub/MiniNavette_LO43/MiniNavette/Libs/Natives/libjinput-osx.dylib
0x000000012767f000 	/System/Library/Extensions/IOHIDFamily.kext/Contents/PlugIns/IOHIDLib.plugin/Contents/MacOS/IOHIDLib

VM Arguments:
jvm_args: -Djava.library.path=/Users/jerem/GitHub/MiniNavette_LO43/MiniNavette/Libs/Natives -Dfile.encoding=UTF-8 
java_command: fr.utbm.lo43.Main
java_class_path (initial): /Users/jerem/GitHub/MiniNavette_LO43/MiniNavette/bin:/Users/jerem/GitHub/MiniNavette_LO43/MiniNavette/Libs/jinput.jar:/Users/jerem/GitHub/MiniNavette_LO43/MiniNavette/Libs/lwjgl_util.jar:/Users/jerem/GitHub/MiniNavette_LO43/MiniNavette/Libs/lwjgl.jar:/Users/jerem/GitHub/MiniNavette_LO43/MiniNavette/Libs/slick.jar
Launcher Type: SUN_STANDARD

Environment Variables:
PATH=/usr/bin:/bin:/usr/sbin:/sbin
SHELL=/bin/bash
DISPLAY=/private/tmp/com.apple.launchd.KZMVDy97K8/org.macosforge.xquartz:0

Signal Handlers:
SIGSEGV: [libjvm.dylib+0x57599d], sa_mask[0]=11111111011111110111111111111111, sa_flags=SA_ONSTACK|SA_RESTART|SA_SIGINFO
SIGBUS: [libjvm.dylib+0x57599d], sa_mask[0]=11111111011111110111111111111111, sa_flags=SA_RESTART|SA_SIGINFO
SIGFPE: [libjvm.dylib+0x4522ac], sa_mask[0]=11111111011111110111111111111111, sa_flags=SA_RESTART|SA_SIGINFO
SIGPIPE: [libjvm.dylib+0x4522ac], sa_mask[0]=11111111011111110111111111111111, sa_flags=SA_RESTART|SA_SIGINFO
SIGXFSZ: [libjvm.dylib+0x4522ac], sa_mask[0]=11111111011111110111111111111111, sa_flags=SA_RESTART|SA_SIGINFO
SIGILL: [libjvm.dylib+0x4522ac], sa_mask[0]=11111111011111110111111111111111, sa_flags=SA_RESTART|SA_SIGINFO
SIGUSR1: SIG_DFL, sa_mask[0]=00000000000000000000000000000000, sa_flags=none
SIGUSR2: [libjvm.dylib+0x451dca], sa_mask[0]=00100000000000000000000000000000, sa_flags=SA_RESTART|SA_SIGINFO
SIGHUP: [libjvm.dylib+0x4503a1], sa_mask[0]=11111111011111110111111111111111, sa_flags=SA_RESTART|SA_SIGINFO
SIGINT: [libjvm.dylib+0x4503a1], sa_mask[0]=11111111011111110111111111111111, sa_flags=SA_RESTART|SA_SIGINFO
SIGTERM: [libjvm.dylib+0x4503a1], sa_mask[0]=11111111011111110111111111111111, sa_flags=SA_RESTART|SA_SIGINFO
SIGQUIT: [libjvm.dylib+0x4503a1], sa_mask[0]=11111111011111110111111111111111, sa_flags=SA_RESTART|SA_SIGINFO


---------------  S Y S T E M  ---------------

OS:Bsduname:Darwin 15.6.0 Darwin Kernel Version 15.6.0: Wed Nov  2 20:30:56 PDT 2016; root:xnu-3248.60.11.1.2~2/RELEASE_X86_64 x86_64
rlimit: STACK 8192k, CORE 0k, NPROC 709, NOFILE 10240, AS infinity
load average:1.89 1.87 1.76

CPU:total 4 (2 cores per cpu, 2 threads per core) family 6 model 69 stepping 1, cmov, cx8, fxsr, mmx, sse, sse2, sse3, ssse3, sse4.1, sse4.2, popcnt, avx, avx2, aes, clmul, erms, lzcnt, ht, tsc, tscinvbit, bmi1, bmi2

Memory: 4k page, physical 4194304k(192956k free)

/proc/meminfo:


vm_info: Java HotSpot(TM) 64-Bit Server VM (25.72-b05) for bsd-amd64 JRE (1.8.0_72-ea-b05), built on Oct 26 2015 17:56:02 by "java_re" with gcc 4.2.1 (Based on Apple Inc. build 5658) (LLVM build 2336.11.00)

time: Wed Jan  4 15:48:55 2017
elapsed time: 232 seconds (0d 0h 3m 52s)

