#
# A fatal error has been detected by the Java Runtime Environment:
#
#  SIGSEGV (0xb) at pc=0x00007fff901914dd, pid=1086, tid=2571
#
# JRE version: Java(TM) SE Runtime Environment (8.0_72-b05) (build 1.8.0_72-ea-b05)
# Java VM: Java HotSpot(TM) 64-Bit Server VM (25.72-b05 mixed mode bsd-amd64 compressed oops)
# Problematic frame:
# C  [libobjc.A.dylib+0x14dd]  objc_msgSend+0x1d
#
# Failed to write core dump. Core dumps have been disabled. To enable core dumping, try "ulimit -c unlimited" before starting Java again
#
# If you would like to submit a bug report, please visit:
#   http://bugreport.java.com/bugreport/crash.jsp
# The crash happened outside the Java Virtual Machine in native code.
# See problematic frame for where to report the bug.
#

---------------  T H R E A D  ---------------

Current thread (0x00007f81a40df000):  JavaThread "AppKit Thread" daemon [_thread_in_native, id=2571, stack(0x00007fff596e1000,0x00007fff59ee1000)]

siginfo: si_signo: 11 (SIGSEGV), si_code: 1 (SEGV_MAPERR), si_addr: 0x00001b9200010020

Registers:
RAX=0x00007f81a2d3b910, RBX=0x00007fff59edc008, RCX=0x00007f81a2c65968, RDX=0x00007f81a2e5cde0
RSP=0x00007fff59edbfc8, RBP=0x00007fff59edbfd0, RSI=0x00007fff9828884a, RDI=0x00007f81a2d3b910
R8 =0x000000000000001f, R9 =0x00007f81a2cc5f70, R10=0x00007fff9828884a, R11=0x00001b9200010008
R12=0x00007f81a2e5cde0, R13=0x00007f81a2cc5f70, R14=0x00007f81a2c65960, R15=0x0000000000000000
RIP=0x00007fff901914dd, EFLAGS=0x0000000000010202, ERR=0x0000000000000004
  TRAPNO=0x000000000000000e

Top of Stack: (sp=0x00007fff59edbfc8)
0x00007fff59edbfc8:   00007fff9911bb1c 00007fff59edbff0
0x00007fff59edbfd8:   00007fff9911baaf 0000000000000000
0x00007fff59edbfe8:   0000000000000000 00007fff59edc060
0x00007fff59edbff8:   00007fff9911ba27 00007fff59edc030
0x00007fff59edc008:   00007fff7db700a0 0000000042000000
0x00007fff59edc018:   00007fff9911ba70 00007fff7d4d4720
0x00007fff59edc028:   00007f81a2cc5f70 00007f81a2e5cde0
0x00007fff59edc038:   00007fff59edc808 00007fff7d601780
0x00007fff59edc048:   00007fff59edc808 00007f81a2cc5f70
0x00007fff59edc058:   00007fff994db9da 00007fff59edc0a0
0x00007fff59edc068:   00007fff9911b792 00007fff59edc680
0x00007fff59edc078:   0000000000000001 00007fff7d601780
0x00007fff59edc088:   00007fff59edc808 00007fff901914c0
0x00007fff59edc098:   00007fff994db9da 00007fff59edc7b0
0x00007fff59edc0a8:   00007fff990d8542 00007f81a2f14980
0x00007fff59edc0b8:   ffff807e5d0eb680 00007fff7b692d00
0x00007fff59edc0c8:   00007f81a2f08f10 00007f81a40020b8
0x00007fff59edc0d8:   00007f81a2d3bbd0 0000000000000000
0x00007fff59edc0e8:   0000000000000000 0000000000000000
0x00007fff59edc0f8:   00007f81a2d3cd50 00007fff7d511bc0
0x00007fff59edc108:   00007fff59edc680 0000000000000002
0x00007fff59edc118:   0000000000000100 00007fff59edc100
0x00007fff59edc128:   00007fff59edc580 0000000000000000
0x00007fff59edc138:   0000000000000100 00007fff59edc100
0x00007fff59edc148:   00007fff7d601780 0000000000000000
0x00007fff59edc158:   00007fff7d4d5500 00007fff7d601780
0x00007fff59edc168:   0000000000000000 00007fff7d4d5500
0x00007fff59edc178:   00007fff7b692d00 00007fff59edc1f0
0x00007fff59edc188:   00007fff901982a4 0000000000000000
0x00007fff59edc198:   00007fff7b692e10 0000000100000000
0x00007fff59edc1a8:   0000000000000000 ffff807e5d1d2d50
0x00007fff59edc1b8:   00007f81a4896060 00007f81a4896200 

Instructions: (pc=0x00007fff901914dd)
0x00007fff901914bd:   44 00 00 48 85 ff 2e 74 62 40 f6 c7 01 2e 75 66
0x00007fff901914cd:   49 bb f8 ff ff ff ff 7f 00 00 4c 23 1f 49 89 f2
0x00007fff901914dd:   45 23 53 18 49 c1 e2 04 4d 03 53 10 49 3b 32 75
0x00007fff901914ed:   04 41 ff 62 08 49 83 3a 01 76 0d 49 83 c2 10 49 

Register to memory mapping:

RAX=0x00007f81a2d3b910 is an unknown value
RBX=0x00007fff59edc008 is pointing into the stack for thread: 0x00007f81a40df000
RCX=0x00007f81a2c65968 is an unknown value
RDX=0x00007f81a2e5cde0 is an unknown value
RSP=0x00007fff59edbfc8 is pointing into the stack for thread: 0x00007f81a40df000
RBP=0x00007fff59edbfd0 is pointing into the stack for thread: 0x00007f81a40df000
RSI=0x00007fff9828884a: -[NSTitlebarContainerView transparent]+0x63088 in /System/Library/Frameworks/AppKit.framework/Versions/C/AppKit at 0x00007fff977fb000
RDI=0x00007f81a2d3b910 is an unknown value
R8 =0x000000000000001f is an unknown value
R9 =0x00007f81a2cc5f70 is an unknown value
R10=0x00007fff9828884a: -[NSTitlebarContainerView transparent]+0x63088 in /System/Library/Frameworks/AppKit.framework/Versions/C/AppKit at 0x00007fff977fb000
R11=0x00001b9200010008 is an unknown value
R12=0x00007f81a2e5cde0 is an unknown value
R13=0x00007f81a2cc5f70 is an unknown value
R14=0x00007f81a2c65960 is an unknown value
R15=0x0000000000000000 is an unknown value


Stack: [0x00007fff596e1000,0x00007fff59ee1000],  sp=0x00007fff59edbfc8,  free space=8171k
Native frames: (J=compiled Java code, j=interpreted, Vv=VM code, C=native code)
C  [libobjc.A.dylib+0x14dd]  objc_msgSend+0x1d
C  [CoreFoundation+0xa0aaf]  ___CFXRegistrationPost_block_invoke+0x3f
C  [CoreFoundation+0xa0a27]  _CFXRegistrationPost+0x197
C  [CoreFoundation+0xa0792]  ___CFXNotificationPost_block_invoke+0x32
C  [CoreFoundation+0x5d542]  -[_CFXNotificationRegistrar find:object:observer:enumerator:]+0x782
C  [CoreFoundation+0x5c795]  _CFXNotificationPost+0x2b5
C  [Foundation+0x717a]  -[NSNotificationCenter postNotificationName:object:userInfo:]+0x42
C  [AppKit+0x26526e]  -[NSSurface _disposeSurface]+0xa9
C  [AppKit+0x264cc7]  -[NSSurface setWindow:]+0x42
C  [AppKit+0x28ba7]  -[NSView _setWindow:]+0x9be
C  [AppKit+0x2b993]  -[NSView removeFromSuperview]+0x1d7
C  [AppKit+0x155c7b]  -[NSView removeFromSuperviewWithoutNeedingDisplay]+0x26
C  [liblwjgl.dylib+0xa205]  +[MacOSXKeyableWindow destroyWindow]+0xb5
C  [Foundation+0x76fde]  __NSThreadPerformPerform+0x117
C  [CoreFoundation+0xaa7e1]  __CFRUNLOOP_IS_CALLING_OUT_TO_A_SOURCE0_PERFORM_FUNCTION__+0x11
C  [CoreFoundation+0x89f1c]  __CFRunLoopDoSources0+0x22c
C  [CoreFoundation+0x8943f]  __CFRunLoopRun+0x39f
C  [CoreFoundation+0x88e38]  CFRunLoopRunSpecific+0x128
C  [HIToolbox+0x30935]  RunCurrentEventLoopInMode+0xeb
C  [HIToolbox+0x3076f]  ReceiveNextEventCommon+0x1b0
C  [HIToolbox+0x305af]  _BlockUntilNextEventMatchingListInModeWithFilter+0x47
C  [AppKit+0x48df6]  _DPSNextEvent+0x42b
C  [AppKit+0x48226]  -[NSApplication _nextEventMatchingEventMask:untilDate:inMode:dequeue:]+0x1c6
C  [libosxapp.dylib+0x23aa]  -[NSApplicationAWT nextEventMatchingMask:untilDate:inMode:dequeue:]+0x7c
C  [AppKit+0x3cd80]  -[NSApplication run]+0x2aa
C  [libosxapp.dylib+0x214d]  +[NSApplicationAWT runAWTLoopWithApp:]+0x9c
C  [libawt_lwawt.dylib+0x4455b]  -[AWTStarter starter:]+0x389
C  [Foundation+0x76fde]  __NSThreadPerformPerform+0x117
C  [CoreFoundation+0xaa7e1]  __CFRUNLOOP_IS_CALLING_OUT_TO_A_SOURCE0_PERFORM_FUNCTION__+0x11
C  [CoreFoundation+0x89f1c]  __CFRunLoopDoSources0+0x22c
C  [CoreFoundation+0x8943f]  __CFRunLoopRun+0x39f
C  [CoreFoundation+0x88e38]  CFRunLoopRunSpecific+0x128
C  [java+0x6463]  CreateExecutionEnvironment+0x367
C  [java+0x21ac]  JLI_Launch+0x7a0
C  [java+0x84c0]  main+0x65
C  [java+0x1a04]  start+0x34
C  0x0000000000000006


---------------  P R O C E S S  ---------------

Java Threads: ( => current thread )
  0x00007f81a4008000 JavaThread "AWT-Shutdown" [_thread_blocked, id=12811, stack(0x0000700000932000,0x0000700000a32000)]
  0x00007f81a3977000 JavaThread "Java2D Queue Flusher" daemon [_thread_blocked, id=56583, stack(0x00007000013d9000,0x00007000014d9000)]
  0x00007f81a3311800 JavaThread "Java2D Disposer" daemon [_thread_blocked, id=52251, stack(0x00007000012d6000,0x00007000013d6000)]
=>0x00007f81a40df000 JavaThread "AppKit Thread" daemon [_thread_in_native, id=2571, stack(0x00007fff596e1000,0x00007fff59ee1000)]
  0x00007f81a4044000 JavaThread "Service Thread" daemon [_thread_blocked, id=18947, stack(0x0000700000ec7000,0x0000700000fc7000)]
  0x00007f81a4009000 JavaThread "C1 CompilerThread2" daemon [_thread_blocked, id=18435, stack(0x0000700000dc4000,0x0000700000ec4000)]
  0x00007f81a3061000 JavaThread "C2 CompilerThread1" daemon [_thread_blocked, id=17923, stack(0x0000700000cc1000,0x0000700000dc1000)]
  0x00007f81a481c000 JavaThread "C2 CompilerThread0" daemon [_thread_blocked, id=17411, stack(0x0000700000bbe000,0x0000700000cbe000)]
  0x00007f81a481b800 JavaThread "Signal Dispatcher" daemon [_thread_blocked, id=16659, stack(0x0000700000abb000,0x0000700000bbb000)]
  0x00007f81a3047800 JavaThread "Finalizer" daemon [_thread_blocked, id=12291, stack(0x000070000082f000,0x000070000092f000)]
  0x00007f81a3044800 JavaThread "Reference Handler" daemon [_thread_blocked, id=11779, stack(0x000070000072c000,0x000070000082c000)]
  0x00007f81a3005800 JavaThread "main" [_thread_in_native, id=5891, stack(0x000070000011a000,0x000070000021a000)]

Other Threads:
  0x00007f81a480d000 VMThread [stack: 0x0000700000629000,0x0000700000729000] [id=11267]
  0x00007f81a481b000 WatcherThread [stack: 0x0000700000fca000,0x00007000010ca000] [id=19459]

VM state:not at safepoint (normal execution)

VM Mutex/Monitor currently owned by a thread: None

Heap:
 PSYoungGen      total 22016K, used 6297K [0x00000007aab00000, 0x00000007ac680000, 0x00000007c0000000)
  eden space 15872K, 38% used [0x00000007aab00000,0x00000007ab0f64b0,0x00000007aba80000)
  from space 6144K, 3% used [0x00000007ac080000,0x00000007ac0b0000,0x00000007ac680000)
  to   space 6144K, 0% used [0x00000007aba80000,0x00000007aba80000,0x00000007ac080000)
 ParOldGen       total 44032K, used 5950K [0x0000000780000000, 0x0000000782b00000, 0x00000007aab00000)
  object space 44032K, 13% used [0x0000000780000000,0x00000007805cfbc0,0x0000000782b00000)
 Metaspace       used 10075K, capacity 10209K, committed 10368K, reserved 1058816K
  class space    used 1020K, capacity 1087K, committed 1152K, reserved 1048576K

Card table byte_map: [0x0000000116aa2000,0x0000000116ca3000] byte_map_base: 0x0000000112ea2000

Marking Bits: (ParMarkBitMap*) 0x0000000107088780
 Begin Bits: [0x0000000116df9000, 0x0000000117df9000)
 End Bits:   [0x0000000117df9000, 0x0000000118df9000)

Polling page: 0x0000000105fe2000

CodeCache: size=245760Kb used=5806Kb max_used=5818Kb free=239953Kb
 bounds [0x00000001076e2000, 0x0000000107ca2000, 0x00000001166e2000]
 total_blobs=1857 nmethods=1342 adapters=430
 compilation: enabled

Compilation events (10 events):
Event: 55.030 Thread 0x00007f81a3061000 1353       4       fr.utbm.lo43.entities.Segment::update (151 bytes)
Event: 55.041 Thread 0x00007f81a3061000 nmethod 1353 0x0000000107c6f090 code [0x0000000107c6f260, 0x0000000107c6fc38]
Event: 55.043 Thread 0x00007f81a481c000 1354 %     4       java.util.Arrays::fill @ 5 (21 bytes)
Event: 55.047 Thread 0x00007f81a481c000 nmethod 1354% 0x0000000107868ad0 code [0x0000000107868c20, 0x0000000107868dd8]
Event: 55.178 Thread 0x00007f81a4009000 1355       3       org.newdawn.slick.Input::poll (1561 bytes)
Event: 55.193 Thread 0x00007f81a3061000 1356       4       java.util.Arrays::fill (21 bytes)
Event: 55.194 Thread 0x00007f81a3061000 nmethod 1356 0x00000001077e5250 code [0x00000001077e53a0, 0x00000001077e5438]
Event: 55.195 Thread 0x00007f81a4009000 nmethod 1355 0x0000000107c84e90 code [0x0000000107c85f80, 0x0000000107c93438]
Event: 55.826 Thread 0x00007f81a481c000 1357       4       fr.utbm.lo43.entities.Segment::isFirstinLine (31 bytes)
Event: 55.830 Thread 0x00007f81a481c000 nmethod 1357 0x0000000107c6e7d0 code [0x0000000107c6e980, 0x0000000107c6ec90]

GC Heap History (10 events):
Event: 33.403 GC heap before
{Heap before GC invocations=6 (full 0):
 PSYoungGen      total 18944K, used 18936K [0x00000007aab00000, 0x00000007ac600000, 0x00000007c0000000)
  eden space 16384K, 100% used [0x00000007aab00000,0x00000007abb00000,0x00000007abb00000)
  from space 2560K, 99% used [0x00000007abb00000,0x00000007abd7e158,0x00000007abd80000)
  to   space 5632K, 0% used [0x00000007ac080000,0x00000007ac080000,0x00000007ac600000)
 ParOldGen       total 44032K, used 3392K [0x0000000780000000, 0x0000000782b00000, 0x00000007aab00000)
  object space 44032K, 7% used [0x0000000780000000,0x0000000780350168,0x0000000782b00000)
 Metaspace       used 10061K, capacity 10209K, committed 10368K, reserved 1058816K
  class space    used 1020K, capacity 1087K, committed 1152K, reserved 1048576K
Event: 33.412 GC heap after
Heap after GC invocations=6 (full 0):
 PSYoungGen      total 22016K, used 2680K [0x00000007aab00000, 0x00000007ac600000, 0x00000007c0000000)
  eden space 16384K, 0% used [0x00000007aab00000,0x00000007aab00000,0x00000007abb00000)
  from space 5632K, 47% used [0x00000007ac080000,0x00000007ac31e158,0x00000007ac600000)
  to   space 5632K, 0% used [0x00000007abb00000,0x00000007abb00000,0x00000007ac080000)
 ParOldGen       total 44032K, used 3400K [0x0000000780000000, 0x0000000782b00000, 0x00000007aab00000)
  object space 44032K, 7% used [0x0000000780000000,0x0000000780352168,0x0000000782b00000)
 Metaspace       used 10061K, capacity 10209K, committed 10368K, reserved 1058816K
  class space    used 1020K, capacity 1087K, committed 1152K, reserved 1048576K
}
Event: 38.252 GC heap before
{Heap before GC invocations=7 (full 0):
 PSYoungGen      total 22016K, used 19064K [0x00000007aab00000, 0x00000007ac600000, 0x00000007c0000000)
  eden space 16384K, 100% used [0x00000007aab00000,0x00000007abb00000,0x00000007abb00000)
  from space 5632K, 47% used [0x00000007ac080000,0x00000007ac31e158,0x00000007ac600000)
  to   space 5632K, 0% used [0x00000007abb00000,0x00000007abb00000,0x00000007ac080000)
 ParOldGen       total 44032K, used 3400K [0x0000000780000000, 0x0000000782b00000, 0x00000007aab00000)
  object space 44032K, 7% used [0x0000000780000000,0x0000000780352168,0x0000000782b00000)
 Metaspace       used 10061K, capacity 10209K, committed 10368K, reserved 1058816K
  class space    used 1020K, capacity 1087K, committed 1152K, reserved 1048576K
Event: 38.259 GC heap after
Heap after GC invocations=7 (full 0):
 PSYoungGen      total 22016K, used 192K [0x00000007aab00000, 0x00000007ac600000, 0x00000007c0000000)
  eden space 16384K, 0% used [0x00000007aab00000,0x00000007aab00000,0x00000007abb00000)
  from space 5632K, 3% used [0x00000007abb00000,0x00000007abb30000,0x00000007ac080000)
  to   space 5632K, 0% used [0x00000007ac080000,0x00000007ac080000,0x00000007ac600000)
 ParOldGen       total 44032K, used 5886K [0x0000000780000000, 0x0000000782b00000, 0x00000007aab00000)
  object space 44032K, 13% used [0x0000000780000000,0x00000007805bfbc0,0x0000000782b00000)
 Metaspace       used 10061K, capacity 10209K, committed 10368K, reserved 1058816K
  class space    used 1020K, capacity 1087K, committed 1152K, reserved 1048576K
}
Event: 43.203 GC heap before
{Heap before GC invocations=8 (full 0):
 PSYoungGen      total 22016K, used 16576K [0x00000007aab00000, 0x00000007ac600000, 0x00000007c0000000)
  eden space 16384K, 100% used [0x00000007aab00000,0x00000007abb00000,0x00000007abb00000)
  from space 5632K, 3% used [0x00000007abb00000,0x00000007abb30000,0x00000007ac080000)
  to   space 5632K, 0% used [0x00000007ac080000,0x00000007ac080000,0x00000007ac600000)
 ParOldGen       total 44032K, used 5886K [0x0000000780000000, 0x0000000782b00000, 0x00000007aab00000)
  object space 44032K, 13% used [0x0000000780000000,0x00000007805bfbc0,0x0000000782b00000)
 Metaspace       used 10063K, capacity 10209K, committed 10368K, reserved 1058816K
  class space    used 1020K, capacity 1087K, committed 1152K, reserved 1048576K
Event: 43.205 GC heap after
Heap after GC invocations=8 (full 0):
 PSYoungGen      total 21504K, used 192K [0x00000007aab00000, 0x00000007ac700000, 0x00000007c0000000)
  eden space 15872K, 0% used [0x00000007aab00000,0x00000007aab00000,0x00000007aba80000)
  from space 5632K, 3% used [0x00000007ac080000,0x00000007ac0b0000,0x00000007ac600000)
  to   space 6144K, 0% used [0x00000007aba80000,0x00000007aba80000,0x00000007ac080000)
 ParOldGen       total 44032K, used 5910K [0x0000000780000000, 0x0000000782b00000, 0x00000007aab00000)
  object space 44032K, 13% used [0x0000000780000000,0x00000007805c5bc0,0x0000000782b00000)
 Metaspace       used 10063K, capacity 10209K, committed 10368K, reserved 1058816K
  class space    used 1020K, capacity 1087K, committed 1152K, reserved 1048576K
}
Event: 48.235 GC heap before
{Heap before GC invocations=9 (full 0):
 PSYoungGen      total 21504K, used 16064K [0x00000007aab00000, 0x00000007ac700000, 0x00000007c0000000)
  eden space 15872K, 100% used [0x00000007aab00000,0x00000007aba80000,0x00000007aba80000)
  from space 5632K, 3% used [0x00000007ac080000,0x00000007ac0b0000,0x00000007ac600000)
  to   space 6144K, 0% used [0x00000007aba80000,0x00000007aba80000,0x00000007ac080000)
 ParOldGen       total 44032K, used 5910K [0x0000000780000000, 0x0000000782b00000, 0x00000007aab00000)
  object space 44032K, 13% used [0x0000000780000000,0x00000007805c5bc0,0x0000000782b00000)
 Metaspace       used 10064K, capacity 10209K, committed 10368K, reserved 1058816K
  class space    used 1020K, capacity 1087K, committed 1152K, reserved 1048576K
Event: 48.236 GC heap after
Heap after GC invocations=9 (full 0):
 PSYoungGen      total 22016K, used 192K [0x00000007aab00000, 0x00000007ac680000, 0x00000007c0000000)
  eden space 15872K, 0% used [0x00000007aab00000,0x00000007aab00000,0x00000007aba80000)
  from space 6144K, 3% used [0x00000007aba80000,0x00000007abab0000,0x00000007ac080000)
  to   space 6144K, 0% used [0x00000007ac080000,0x00000007ac080000,0x00000007ac680000)
 ParOldGen       total 44032K, used 5934K [0x0000000780000000, 0x0000000782b00000, 0x00000007aab00000)
  object space 44032K, 13% used [0x0000000780000000,0x00000007805cbbc0,0x0000000782b00000)
 Metaspace       used 10064K, capacity 10209K, committed 10368K, reserved 1058816K
  class space    used 1020K, capacity 1087K, committed 1152K, reserved 1048576K
}
Event: 53.270 GC heap before
{Heap before GC invocations=10 (full 0):
 PSYoungGen      total 22016K, used 16064K [0x00000007aab00000, 0x00000007ac680000, 0x00000007c0000000)
  eden space 15872K, 100% used [0x00000007aab00000,0x00000007aba80000,0x00000007aba80000)
  from space 6144K, 3% used [0x00000007aba80000,0x00000007abab0000,0x00000007ac080000)
  to   space 6144K, 0% used [0x00000007ac080000,0x00000007ac080000,0x00000007ac680000)
 ParOldGen       total 44032K, used 5934K [0x0000000780000000, 0x0000000782b00000, 0x00000007aab00000)
  object space 44032K, 13% used [0x0000000780000000,0x00000007805cbbc0,0x0000000782b00000)
 Metaspace       used 10069K, capacity 10209K, committed 10368K, reserved 1058816K
  class space    used 1020K, capacity 1087K, committed 1152K, reserved 1048576K
Event: 53.272 GC heap after
Heap after GC invocations=10 (full 0):
 PSYoungGen      total 22016K, used 192K [0x00000007aab00000, 0x00000007ac680000, 0x00000007c0000000)
  eden space 15872K, 0% used [0x00000007aab00000,0x00000007aab00000,0x00000007aba80000)
  from space 6144K, 3% used [0x00000007ac080000,0x00000007ac0b0000,0x00000007ac680000)
  to   space 6144K, 0% used [0x00000007aba80000,0x00000007aba80000,0x00000007ac080000)
 ParOldGen       total 44032K, used 5950K [0x0000000780000000, 0x0000000782b00000, 0x00000007aab00000)
  object space 44032K, 13% used [0x0000000780000000,0x00000007805cfbc0,0x0000000782b00000)
 Metaspace       used 10069K, capacity 10209K, committed 10368K, reserved 1058816K
  class space    used 1020K, capacity 1087K, committed 1152K, reserved 1048576K
}

Deoptimization events (10 events):
Event: 1.405 Thread 0x00007f81a3005800 Uncommon trap: reason=class_check action=maybe_recompile pc=0x000000010790b3a0 method=java.util.HashMap.putVal(ILjava/lang/Object;Ljava/lang/Object;ZZ)Ljava/lang/Object; @ 253
Event: 1.405 Thread 0x00007f81a3005800 Uncommon trap: reason=class_check action=maybe_recompile pc=0x000000010790b3a0 method=java.util.HashMap.putVal(ILjava/lang/Object;Ljava/lang/Object;ZZ)Ljava/lang/Object; @ 253
Event: 1.405 Thread 0x00007f81a3005800 Uncommon trap: reason=class_check action=maybe_recompile pc=0x000000010790b3a0 method=java.util.HashMap.putVal(ILjava/lang/Object;Ljava/lang/Object;ZZ)Ljava/lang/Object; @ 253
Event: 1.406 Thread 0x00007f81a3005800 Uncommon trap: reason=class_check action=maybe_recompile pc=0x0000000107907d48 method=java.util.HashMap.putVal(ILjava/lang/Object;Ljava/lang/Object;ZZ)Ljava/lang/Object; @ 253
Event: 1.539 Thread 0x00007f81a3005800 Uncommon trap: reason=unstable_if action=reinterpret pc=0x0000000107978fb0 method=java.awt.image.ComponentColorModel.getRGBComponent(Ljava/lang/Object;I)I @ 15
Event: 3.688 Thread 0x00007f81a3005800 Uncommon trap: reason=range_check action=make_not_entrant pc=0x0000000107a30c2c method=java.util.ArrayList.elementData(I)Ljava/lang/Object; @ 5
Event: 4.338 Thread 0x00007f81a3005800 Uncommon trap: reason=bimorphic action=maybe_recompile pc=0x0000000107a23a58 method=org.newdawn.slick.geom.Shape.checkPoints()V @ 8
Event: 4.338 Thread 0x00007f81a3005800 Uncommon trap: reason=bimorphic action=maybe_recompile pc=0x0000000107a23a58 method=org.newdawn.slick.geom.Shape.checkPoints()V @ 8
Event: 4.354 Thread 0x00007f81a3005800 Uncommon trap: reason=bimorphic action=maybe_recompile pc=0x0000000107a23a58 method=org.newdawn.slick.geom.Shape.checkPoints()V @ 8
Event: 4.354 Thread 0x00007f81a3005800 Uncommon trap: reason=bimorphic action=maybe_recompile pc=0x0000000107a23a58 method=org.newdawn.slick.geom.Shape.checkPoints()V @ 8

Internal exceptions (10 events):
Event: 22.706 Thread 0x00007f81a3005800 Implicit division by zero exception at 0x0000000107acd772 to 0x0000000107ad5e20
Event: 22.706 Thread 0x00007f81a3005800 Exception <a 'java/lang/ArithmeticException'> (0x00000007ab694670) thrown at [/Users/java_re/workspace/8-2-build-macosx-x86_64/jdk8u72/5182.nc/hotspot/src/share/vm/runtime/sharedRuntime.cpp, line 605]
Event: 22.720 Thread 0x00007f81a3005800 Implicit null exception at 0x0000000107acabc3 to 0x0000000107ad5772
Event: 22.720 Thread 0x00007f81a3005800 Exception <a 'java/lang/NullPointerException'> (0x00000007ab69bdc8) thrown at [/Users/java_re/workspace/8-2-build-macosx-x86_64/jdk8u72/5182.nc/hotspot/src/share/vm/runtime/sharedRuntime.cpp, line 605]
Event: 22.720 Thread 0x00007f81a3005800 Implicit division by zero exception at 0x0000000107acd68d to 0x0000000107ad5e04
Event: 22.720 Thread 0x00007f81a3005800 Exception <a 'java/lang/ArithmeticException'> (0x00000007ab69c608) thrown at [/Users/java_re/workspace/8-2-build-macosx-x86_64/jdk8u72/5182.nc/hotspot/src/share/vm/runtime/sharedRuntime.cpp, line 605]
Event: 22.720 Thread 0x00007f81a3005800 Implicit null exception at 0x0000000107acabc3 to 0x0000000107ad5772
Event: 22.720 Thread 0x00007f81a3005800 Exception <a 'java/lang/NullPointerException'> (0x00000007ab6a3410) thrown at [/Users/java_re/workspace/8-2-build-macosx-x86_64/jdk8u72/5182.nc/hotspot/src/share/vm/runtime/sharedRuntime.cpp, line 605]
Event: 22.720 Thread 0x00007f81a3005800 Implicit division by zero exception at 0x0000000107acd772 to 0x0000000107ad5e20
Event: 22.720 Thread 0x00007f81a3005800 Exception <a 'java/lang/ArithmeticException'> (0x00000007ab6a3c50) thrown at [/Users/java_re/workspace/8-2-build-macosx-x86_64/jdk8u72/5182.nc/hotspot/src/share/vm/runtime/sharedRuntime.cpp, line 605]

Events (10 events):
Event: 48.130 Thread 0x00007f81a3061000 flushing nmethod 0x00000001078688d0
Event: 48.235 Executing VM operation: ParallelGCFailedAllocation
Event: 48.236 Executing VM operation: ParallelGCFailedAllocation done
Event: 53.270 Executing VM operation: ParallelGCFailedAllocation
Event: 53.272 Executing VM operation: ParallelGCFailedAllocation done
Event: 53.746 Thread 0x00007f81a4008000 Thread added: 0x00007f81a4008000
Event: 55.178 Thread 0x00007f81a3005800 DEOPT PACKING pc=0x0000000107abe6cd sp=0x0000700000219390
Event: 55.178 Thread 0x00007f81a3005800 DEOPT UNPACKING pc=0x0000000107729373 sp=0x0000700000219248 mode 0
Event: 56.288 loading class org/lwjgl/opengl/CallbackUtil
Event: 56.288 loading class org/lwjgl/opengl/CallbackUtil done


Dynamic libraries:
0x0000000009be3000 	/System/Library/Frameworks/Cocoa.framework/Versions/A/Cocoa
0x0000000009be3000 	/System/Library/Frameworks/Security.framework/Versions/A/Security
0x0000000009be3000 	/System/Library/Frameworks/ApplicationServices.framework/Versions/A/ApplicationServices
0x0000000009be3000 	/usr/lib/libz.1.dylib
0x0000000009be3000 	/usr/lib/libSystem.B.dylib
0x0000000009be3000 	/usr/lib/libobjc.A.dylib
0x0000000009be3000 	/System/Library/Frameworks/CoreFoundation.framework/Versions/A/CoreFoundation
0x0000000009be3000 	/System/Library/Frameworks/Foundation.framework/Versions/C/Foundation
0x0000000009be3000 	/System/Library/Frameworks/AppKit.framework/Versions/C/AppKit
0x0000000009be3000 	/System/Library/Frameworks/CoreData.framework/Versions/A/CoreData
0x0000000009be3000 	/System/Library/PrivateFrameworks/RemoteViewServices.framework/Versions/A/RemoteViewServices
0x0000000009be3000 	/System/Library/PrivateFrameworks/UIFoundation.framework/Versions/A/UIFoundation
0x0000000009be3000 	/usr/lib/libScreenReader.dylib
0x0000000009be3000 	/System/Library/Frameworks/Accelerate.framework/Versions/A/Accelerate
0x0000000009be3000 	/System/Library/Frameworks/IOSurface.framework/Versions/A/IOSurface
0x0000000009be3000 	/System/Library/Frameworks/AudioToolbox.framework/Versions/A/AudioToolbox
0x0000000009be3000 	/System/Library/Frameworks/AudioUnit.framework/Versions/A/AudioUnit
0x0000000009be3000 	/System/Library/PrivateFrameworks/DataDetectorsCore.framework/Versions/A/DataDetectorsCore
0x0000000009be3000 	/System/Library/PrivateFrameworks/DesktopServicesPriv.framework/Versions/A/DesktopServicesPriv
0x0000000009be3000 	/System/Library/Frameworks/Carbon.framework/Versions/A/Frameworks/HIToolbox.framework/Versions/A/HIToolbox
0x0000000009be3000 	/System/Library/Frameworks/QuartzCore.framework/Versions/A/QuartzCore
0x0000000009be3000 	/System/Library/Frameworks/Carbon.framework/Versions/A/Frameworks/SpeechRecognition.framework/Versions/A/SpeechRecognition
0x0000000009be3000 	/usr/lib/libauto.dylib
0x0000000009be3000 	/usr/lib/libicucore.A.dylib
0x0000000009be3000 	/usr/lib/libxml2.2.dylib
0x0000000009be3000 	/System/Library/PrivateFrameworks/CoreUI.framework/Versions/A/CoreUI
0x0000000009be3000 	/System/Library/Frameworks/CoreAudio.framework/Versions/A/CoreAudio
0x0000000009be3000 	/System/Library/Frameworks/DiskArbitration.framework/Versions/A/DiskArbitration
0x0000000009be3000 	/usr/lib/liblangid.dylib
0x0000000009be3000 	/System/Library/PrivateFrameworks/MultitouchSupport.framework/Versions/A/MultitouchSupport
0x0000000009be3000 	/System/Library/Frameworks/IOKit.framework/Versions/A/IOKit
0x0000000009be3000 	/usr/lib/libDiagnosticMessagesClient.dylib
0x0000000009be3000 	/System/Library/Frameworks/CoreServices.framework/Versions/A/CoreServices
0x0000000009be3000 	/System/Library/PrivateFrameworks/PerformanceAnalysis.framework/Versions/A/PerformanceAnalysis
0x0000000009be3000 	/System/Library/PrivateFrameworks/GenerationalStorage.framework/Versions/A/GenerationalStorage
0x0000000009be3000 	/System/Library/Frameworks/OpenGL.framework/Versions/A/OpenGL
0x0000000009be3000 	/System/Library/PrivateFrameworks/Sharing.framework/Versions/A/Sharing
0x0000000009be3000 	/System/Library/Frameworks/CoreGraphics.framework/Versions/A/CoreGraphics
0x0000000009be3000 	/System/Library/Frameworks/CoreImage.framework/Versions/A/CoreImage
0x0000000009be3000 	/System/Library/Frameworks/CoreText.framework/Versions/A/CoreText
0x0000000009be3000 	/System/Library/Frameworks/ImageIO.framework/Versions/A/ImageIO
0x0000000009be3000 	/System/Library/PrivateFrameworks/Backup.framework/Versions/A/Backup
0x0000000009be3000 	/usr/lib/libextension.dylib
0x0000000009be3000 	/usr/lib/libarchive.2.dylib
0x0000000009be3000 	/System/Library/Frameworks/CFNetwork.framework/Versions/A/CFNetwork
0x0000000009be3000 	/System/Library/Frameworks/SystemConfiguration.framework/Versions/A/SystemConfiguration
0x0000000009be3000 	/usr/lib/libCRFSuite.dylib
0x0000000009be3000 	/usr/lib/libc++.1.dylib
0x0000000009be3000 	/usr/lib/libc++abi.dylib
0x0000000009be3000 	/usr/lib/system/libcache.dylib
0x0000000009be3000 	/usr/lib/system/libcommonCrypto.dylib
0x0000000009be3000 	/usr/lib/system/libcompiler_rt.dylib
0x0000000009be3000 	/usr/lib/system/libcopyfile.dylib
0x0000000009be3000 	/usr/lib/system/libcorecrypto.dylib
0x0000000009be3000 	/usr/lib/system/libdispatch.dylib
0x0000000009be3000 	/usr/lib/system/libdyld.dylib
0x0000000009be3000 	/usr/lib/system/libkeymgr.dylib
0x0000000009be3000 	/usr/lib/system/liblaunch.dylib
0x0000000009be3000 	/usr/lib/system/libmacho.dylib
0x0000000009be3000 	/usr/lib/system/libquarantine.dylib
0x0000000009be3000 	/usr/lib/system/libremovefile.dylib
0x0000000009be3000 	/usr/lib/system/libsystem_asl.dylib
0x0000000009be3000 	/usr/lib/system/libsystem_blocks.dylib
0x0000000009be3000 	/usr/lib/system/libsystem_c.dylib
0x0000000009be3000 	/usr/lib/system/libsystem_configuration.dylib
0x0000000009be3000 	/usr/lib/system/libsystem_coreservices.dylib
0x0000000009be3000 	/usr/lib/system/libsystem_coretls.dylib
0x0000000009be3000 	/usr/lib/system/libsystem_dnssd.dylib
0x0000000009be3000 	/usr/lib/system/libsystem_info.dylib
0x0000000009be3000 	/usr/lib/system/libsystem_kernel.dylib
0x0000000009be3000 	/usr/lib/system/libsystem_m.dylib
0x0000000009be3000 	/usr/lib/system/libsystem_malloc.dylib
0x0000000009be3000 	/usr/lib/system/libsystem_network.dylib
0x0000000009be3000 	/usr/lib/system/libsystem_networkextension.dylib
0x0000000009be3000 	/usr/lib/system/libsystem_notify.dylib
0x0000000009be3000 	/usr/lib/system/libsystem_platform.dylib
0x0000000009be3000 	/usr/lib/system/libsystem_pthread.dylib
0x0000000009be3000 	/usr/lib/system/libsystem_sandbox.dylib
0x0000000009be3000 	/usr/lib/system/libsystem_secinit.dylib
0x0000000009be3000 	/usr/lib/system/libsystem_trace.dylib
0x0000000009be3000 	/usr/lib/system/libunc.dylib
0x0000000009be3000 	/usr/lib/system/libunwind.dylib
0x0000000009be3000 	/usr/lib/system/libxpc.dylib
0x0000000009be3000 	/usr/lib/libenergytrace.dylib
0x0000000009be3000 	/usr/lib/libbsm.0.dylib
0x0000000009be3000 	/usr/lib/system/libkxld.dylib
0x0000000009be3000 	/usr/lib/libxar.1.dylib
0x0000000009be3000 	/usr/lib/libsqlite3.dylib
0x0000000009be3000 	/usr/lib/libpam.2.dylib
0x0000000009be3000 	/usr/lib/libOpenScriptingUtil.dylib
0x0000000009be3000 	/usr/lib/libbz2.1.0.dylib
0x0000000009be3000 	/usr/lib/liblzma.5.dylib
0x0000000009be3000 	/System/Library/Frameworks/CoreServices.framework/Versions/A/Frameworks/FSEvents.framework/Versions/A/FSEvents
0x0000000009be3000 	/System/Library/Frameworks/CoreServices.framework/Versions/A/Frameworks/CarbonCore.framework/Versions/A/CarbonCore
0x0000000009be3000 	/System/Library/Frameworks/CoreServices.framework/Versions/A/Frameworks/Metadata.framework/Versions/A/Metadata
0x0000000009be3000 	/System/Library/Frameworks/CoreServices.framework/Versions/A/Frameworks/OSServices.framework/Versions/A/OSServices
0x0000000009be3000 	/System/Library/Frameworks/CoreServices.framework/Versions/A/Frameworks/SearchKit.framework/Versions/A/SearchKit
0x0000000009be3000 	/System/Library/Frameworks/CoreServices.framework/Versions/A/Frameworks/AE.framework/Versions/A/AE
0x0000000009be3000 	/System/Library/Frameworks/CoreServices.framework/Versions/A/Frameworks/LaunchServices.framework/Versions/A/LaunchServices
0x0000000009be3000 	/System/Library/Frameworks/CoreServices.framework/Versions/A/Frameworks/DictionaryServices.framework/Versions/A/DictionaryServices
0x0000000009be3000 	/System/Library/Frameworks/CoreServices.framework/Versions/A/Frameworks/SharedFileList.framework/Versions/A/SharedFileList
0x0000000009be3000 	/System/Library/Frameworks/NetFS.framework/Versions/A/NetFS
0x0000000009be3000 	/System/Library/PrivateFrameworks/NetAuth.framework/Versions/A/NetAuth
0x0000000009be3000 	/System/Library/PrivateFrameworks/login.framework/Versions/A/Frameworks/loginsupport.framework/Versions/A/loginsupport
0x0000000009be3000 	/System/Library/PrivateFrameworks/TCC.framework/Versions/A/TCC
0x0000000009be3000 	/usr/lib/libmecabra.dylib
0x0000000009be3000 	/System/Library/Frameworks/ApplicationServices.framework/Versions/A/Frameworks/ATS.framework/Versions/A/ATS
0x0000000009be3000 	/System/Library/Frameworks/ApplicationServices.framework/Versions/A/Frameworks/ColorSync.framework/Versions/A/ColorSync
0x0000000009be3000 	/System/Library/Frameworks/ApplicationServices.framework/Versions/A/Frameworks/HIServices.framework/Versions/A/HIServices
0x0000000009be3000 	/System/Library/Frameworks/ApplicationServices.framework/Versions/A/Frameworks/LangAnalysis.framework/Versions/A/LangAnalysis
0x0000000009be3000 	/System/Library/Frameworks/ApplicationServices.framework/Versions/A/Frameworks/PrintCore.framework/Versions/A/PrintCore
0x0000000009be3000 	/System/Library/Frameworks/ApplicationServices.framework/Versions/A/Frameworks/QD.framework/Versions/A/QD
0x0000000009be3000 	/System/Library/Frameworks/ApplicationServices.framework/Versions/A/Frameworks/SpeechSynthesis.framework/Versions/A/SpeechSynthesis
0x0000000009be3000 	/System/Library/Frameworks/Metal.framework/Versions/A/Metal
0x0000000009be3000 	/System/Library/Frameworks/Accelerate.framework/Versions/A/Frameworks/vImage.framework/Versions/A/vImage
0x0000000009be3000 	/System/Library/Frameworks/Accelerate.framework/Versions/A/Frameworks/vecLib.framework/Versions/A/vecLib
0x0000000009be3000 	/System/Library/Frameworks/Accelerate.framework/Versions/A/Frameworks/vecLib.framework/Versions/A/libvDSP.dylib
0x0000000009be3000 	/System/Library/Frameworks/Accelerate.framework/Versions/A/Frameworks/vecLib.framework/Versions/A/libvMisc.dylib
0x0000000009be3000 	/System/Library/Frameworks/Accelerate.framework/Versions/A/Frameworks/vecLib.framework/Versions/A/libLAPACK.dylib
0x0000000009be3000 	/System/Library/Frameworks/Accelerate.framework/Versions/A/Frameworks/vecLib.framework/Versions/A/libBLAS.dylib
0x0000000009be3000 	/System/Library/Frameworks/Accelerate.framework/Versions/A/Frameworks/vecLib.framework/Versions/A/libLinearAlgebra.dylib
0x0000000009be3000 	/System/Library/Frameworks/Accelerate.framework/Versions/A/Frameworks/vecLib.framework/Versions/A/libSparseBLAS.dylib
0x0000000009be3000 	/System/Library/PrivateFrameworks/GPUCompiler.framework/libmetal_timestamp.dylib
0x0000000009be3000 	/System/Library/Frameworks/OpenGL.framework/Versions/A/Libraries/libCoreFSCache.dylib
0x0000000009be3000 	/System/Library/PrivateFrameworks/IOAccelerator.framework/Versions/A/IOAccelerator
0x0000000009be3000 	/System/Library/Frameworks/ApplicationServices.framework/Versions/A/Frameworks/ATS.framework/Versions/A/Resources/libFontParser.dylib
0x0000000009be3000 	/System/Library/Frameworks/ApplicationServices.framework/Versions/A/Frameworks/ATS.framework/Versions/A/Resources/libFontRegistry.dylib
0x0000000009be3000 	/System/Library/PrivateFrameworks/AppleVPA.framework/Versions/A/AppleVPA
0x0000000009be3000 	/System/Library/PrivateFrameworks/AppleJPEG.framework/Versions/A/AppleJPEG
0x0000000009be3000 	/System/Library/Frameworks/ImageIO.framework/Versions/A/Resources/libJPEG.dylib
0x0000000009be3000 	/System/Library/Frameworks/ImageIO.framework/Versions/A/Resources/libTIFF.dylib
0x0000000009be3000 	/System/Library/Frameworks/ImageIO.framework/Versions/A/Resources/libPng.dylib
0x0000000009be3000 	/System/Library/Frameworks/ImageIO.framework/Versions/A/Resources/libGIF.dylib
0x0000000009be3000 	/System/Library/Frameworks/ImageIO.framework/Versions/A/Resources/libJP2.dylib
0x0000000009be3000 	/System/Library/Frameworks/ImageIO.framework/Versions/A/Resources/libRadiance.dylib
0x0000000009be3000 	/System/Library/Frameworks/CoreVideo.framework/Versions/A/CoreVideo
0x0000000009be3000 	/System/Library/Frameworks/OpenGL.framework/Versions/A/Libraries/libGLU.dylib
0x0000000009be3000 	/System/Library/Frameworks/OpenGL.framework/Versions/A/Libraries/libGFXShared.dylib
0x0000000009be3000 	/System/Library/Frameworks/OpenGL.framework/Versions/A/Libraries/libGL.dylib
0x0000000009be3000 	/System/Library/Frameworks/OpenGL.framework/Versions/A/Libraries/libGLImage.dylib
0x0000000009be3000 	/System/Library/Frameworks/OpenGL.framework/Versions/A/Libraries/libCVMSPluginSupport.dylib
0x0000000009be3000 	/System/Library/Frameworks/OpenGL.framework/Versions/A/Libraries/libCoreVMClient.dylib
0x0000000009be3000 	/usr/lib/libcompression.dylib
0x0000000009be3000 	/usr/lib/libcups.2.dylib
0x0000000009be3000 	/System/Library/Frameworks/Kerberos.framework/Versions/A/Kerberos
0x0000000009be3000 	/System/Library/Frameworks/GSS.framework/Versions/A/GSS
0x0000000009be3000 	/usr/lib/libresolv.9.dylib
0x0000000009be3000 	/usr/lib/libiconv.2.dylib
0x0000000009be3000 	/System/Library/PrivateFrameworks/Heimdal.framework/Versions/A/Heimdal
0x0000000009be3000 	/usr/lib/libheimdal-asn1.dylib
0x0000000009be3000 	/System/Library/Frameworks/OpenDirectory.framework/Versions/A/OpenDirectory
0x0000000009be3000 	/System/Library/PrivateFrameworks/CommonAuth.framework/Versions/A/CommonAuth
0x0000000009be3000 	/System/Library/Frameworks/OpenDirectory.framework/Versions/A/Frameworks/CFOpenDirectory.framework/Versions/A/CFOpenDirectory
0x0000000009be3000 	/System/Library/Frameworks/SecurityFoundation.framework/Versions/A/SecurityFoundation
0x0000000009be3000 	/System/Library/PrivateFrameworks/LanguageModeling.framework/Versions/A/LanguageModeling
0x0000000009be3000 	/usr/lib/libmarisa.dylib
0x0000000009be3000 	/usr/lib/libChineseTokenizer.dylib
0x0000000009be3000 	/usr/lib/libcmph.dylib
0x0000000009be3000 	/System/Library/Frameworks/ServiceManagement.framework/Versions/A/ServiceManagement
0x0000000009be3000 	/usr/lib/libxslt.1.dylib
0x0000000009be3000 	/System/Library/Frameworks/Carbon.framework/Versions/A/Frameworks/Ink.framework/Versions/A/Ink
0x0000000009be3000 	/usr/lib/libFosl_dynamic.dylib
0x0000000009be3000 	/System/Library/PrivateFrameworks/FaceCore.framework/Versions/A/FaceCore
0x0000000009be3000 	/System/Library/Frameworks/OpenCL.framework/Versions/A/OpenCL
0x0000000009be3000 	/System/Library/PrivateFrameworks/CrashReporterSupport.framework/Versions/A/CrashReporterSupport
0x0000000009be3000 	/System/Library/PrivateFrameworks/IconServices.framework/Versions/A/IconServices
0x0000000009be3000 	/System/Library/PrivateFrameworks/Apple80211.framework/Versions/A/Apple80211
0x0000000009be3000 	/System/Library/Frameworks/CoreWLAN.framework/Versions/A/CoreWLAN
0x0000000009be3000 	/System/Library/Frameworks/IOBluetooth.framework/Versions/A/IOBluetooth
0x0000000009be3000 	/System/Library/PrivateFrameworks/CoreWiFi.framework/Versions/A/CoreWiFi
0x0000000009be3000 	/System/Library/Frameworks/CoreBluetooth.framework/Versions/A/CoreBluetooth
0x0000000009be3000 	/System/Library/PrivateFrameworks/ChunkingLibrary.framework/Versions/A/ChunkingLibrary
0x0000000009be3000 	/System/Library/PrivateFrameworks/DebugSymbols.framework/Versions/A/DebugSymbols
0x0000000009be3000 	/System/Library/PrivateFrameworks/CoreSymbolication.framework/Versions/A/CoreSymbolication
0x0000000009be3000 	/System/Library/PrivateFrameworks/Symbolication.framework/Versions/A/Symbolication
0x0000000009be3000 	/System/Library/PrivateFrameworks/SpeechRecognitionCore.framework/Versions/A/SpeechRecognitionCore
0x0000000106800000 	/Library/Java/JavaVirtualMachines/jdk1.8.0_72.jdk/Contents/Home/jre/lib/server/libjvm.dylib
0x0000000009be3000 	/usr/lib/libstdc++.6.dylib
0x0000000105f9f000 	/Library/Java/JavaVirtualMachines/jdk1.8.0_72.jdk/Contents/Home/jre/lib/libverify.dylib
0x0000000105fad000 	/Library/Java/JavaVirtualMachines/jdk1.8.0_72.jdk/Contents/Home/jre/lib/libjava.dylib
0x0000000105fec000 	/Library/Java/JavaVirtualMachines/jdk1.8.0_72.jdk/Contents/Home/jre/lib/libzip.dylib
0x000000011aad9000 	/System/Library/Frameworks/JavaVM.framework/Frameworks/JavaRuntimeSupport.framework/JavaRuntimeSupport
0x000000011aaf4000 	/System/Library/Frameworks/JavaVM.framework/Versions/A/Frameworks/JavaNativeFoundation.framework/Versions/A/JavaNativeFoundation
0x000000011ab09000 	/System/Library/Frameworks/JavaVM.framework/Versions/A/JavaVM
0x0000000009be3000 	/System/Library/Frameworks/Carbon.framework/Versions/A/Carbon
0x000000011ab16000 	/System/Library/PrivateFrameworks/JavaLaunching.framework/Versions/A/JavaLaunching
0x0000000009be3000 	/System/Library/Frameworks/Carbon.framework/Versions/A/Frameworks/CommonPanels.framework/Versions/A/CommonPanels
0x0000000009be3000 	/System/Library/Frameworks/Carbon.framework/Versions/A/Frameworks/Help.framework/Versions/A/Help
0x0000000009be3000 	/System/Library/Frameworks/Carbon.framework/Versions/A/Frameworks/ImageCapture.framework/Versions/A/ImageCapture
0x0000000009be3000 	/System/Library/Frameworks/Carbon.framework/Versions/A/Frameworks/OpenScripting.framework/Versions/A/OpenScripting
0x0000000009be3000 	/System/Library/Frameworks/Carbon.framework/Versions/A/Frameworks/Print.framework/Versions/A/Print
0x0000000009be3000 	/System/Library/Frameworks/Carbon.framework/Versions/A/Frameworks/SecurityHI.framework/Versions/A/SecurityHI
0x000000011c453000 	/Library/Java/JavaVirtualMachines/jdk1.8.0_72.jdk/Contents/Home/jre/lib/libawt.dylib
0x000000011c4fb000 	/Library/Java/JavaVirtualMachines/jdk1.8.0_72.jdk/Contents/Home/jre/lib/./libmlib_image.dylib
0x000000011c5c7000 	/Library/Java/JavaVirtualMachines/jdk1.8.0_72.jdk/Contents/Home/jre/lib/libawt_lwawt.dylib
0x000000011c67c000 	/Library/Java/JavaVirtualMachines/jdk1.8.0_72.jdk/Contents/Home/jre/lib/./libosxapp.dylib
0x0000000009be3000 	/System/Library/Frameworks/ExceptionHandling.framework/Versions/A/ExceptionHandling
0x0000000009be3000 	/System/Library/PrivateFrameworks/CoreServicesInternal.framework/Versions/A/CoreServicesInternal
0x000000011d4fa000 	/System/Library/Frameworks/CoreGraphics.framework/Versions/A/Resources/libRIP.A.dylib
0x0000000009be3000 	/System/Library/Frameworks/Accelerate.framework/Versions/A/Frameworks/vImage.framework/Versions/A/Libraries/libCGInterfaces.dylib
0x000000011d796000 	/System/Library/Frameworks/CoreGraphics.framework/Versions/A/Resources/libCGXType.A.dylib
0x0000000009be3000 	/System/Library/Frameworks/OpenCL.framework/Versions/A/Libraries/libcldcpuengine.dylib
0x0000000009be3000 	/System/Library/PrivateFrameworks/DiskImages.framework/Versions/A/DiskImages
0x0000000009be3000 	/System/Library/Frameworks/DiscRecording.framework/Versions/A/DiscRecording
0x0000000009be3000 	/usr/lib/libcsfde.dylib
0x0000000009be3000 	/usr/lib/libcurl.4.dylib
0x0000000009be3000 	/System/Library/PrivateFrameworks/MediaKit.framework/Versions/A/MediaKit
0x0000000009be3000 	/System/Library/PrivateFrameworks/ProtectedCloudStorage.framework/Versions/A/ProtectedCloudStorage
0x0000000009be3000 	/usr/lib/libCoreStorage.dylib
0x0000000009be3000 	/System/Library/PrivateFrameworks/EFILogin.framework/Versions/A/EFILogin
0x0000000009be3000 	/usr/lib/libutil.dylib
0x0000000009be3000 	/System/Library/PrivateFrameworks/FindMyDevice.framework/Versions/A/FindMyDevice
0x0000000009be3000 	/System/Library/Frameworks/LDAP.framework/Versions/A/LDAP
0x0000000009be3000 	/usr/lib/libsasl2.2.dylib
0x0000000009be3000 	/System/Library/PrivateFrameworks/CoreDaemon.framework/Versions/B/CoreDaemon
0x0000000009be3000 	/usr/lib/libcrypto.0.9.8.dylib
0x0000000009be3000 	/System/Library/PrivateFrameworks/AppleSRP.framework/Versions/A/AppleSRP
0x0000000009be3000 	/System/Library/PrivateFrameworks/TrustEvaluationAgent.framework/Versions/A/TrustEvaluationAgent
0x000000011e51e000 	cl_kernels
0x0000000009be3000 	/System/Library/Frameworks/OpenCL.framework/Versions/A/Libraries/ImageFormats/unorm8_bgra.dylib
0x0000000009be3000 	/System/Library/Frameworks/OpenCL.framework/Versions/A/Libraries/ImageFormats/unorm8_rgba.dylib
0x0000000009be3000 	/System/Library/PrivateFrameworks/FamilyControls.framework/Versions/A/FamilyControls
0x0000000009be3000 	/System/Library/PrivateFrameworks/CommerceKit.framework/Versions/A/Frameworks/CommerceCore.framework/Versions/A/CommerceCore
0x0000000009be3000 	/System/Library/PrivateFrameworks/SystemAdministration.framework/Versions/A/SystemAdministration
0x0000000009be3000 	/System/Library/PrivateFrameworks/AppContainer.framework/Versions/A/AppContainer
0x0000000009be3000 	/System/Library/PrivateFrameworks/SecCodeWrapper.framework/Versions/A/SecCodeWrapper
0x0000000009be3000 	/System/Library/Frameworks/DirectoryService.framework/Versions/A/DirectoryService
0x0000000009be3000 	/System/Library/PrivateFrameworks/LoginUIKit.framework/Versions/A/Frameworks/LoginUICore.framework/Versions/A/LoginUICore
0x0000000009be3000 	/usr/lib/libodfde.dylib
0x000000011f593000 	/Library/Java/JavaVirtualMachines/jdk1.8.0_72.jdk/Contents/Home/jre/lib/libfontmanager.dylib
0x000000011f5fa000 	/Users/jerem/GitHub/MiniNavette_LO43/MiniNavette/Libs/Natives/liblwjgl.dylib
0x000000011d71f000 	/Library/Java/JavaVirtualMachines/jdk1.8.0_72.jdk/Contents/Home/jre/lib/libjawt.dylib
0x000000011f67c000 	/System/Library/Frameworks/OpenGL.framework/Resources/GLEngine.bundle/GLEngine
0x0000000009be3000 	/System/Library/Frameworks/OpenGL.framework/Versions/A/Libraries/libGLProgrammability.dylib
0x000000011f864000 	/System/Library/Extensions/AppleIntelHD5000GraphicsGLDriver.bundle/Contents/MacOS/AppleIntelHD5000GraphicsGLDriver
0x0000000009be3000 	/System/Library/PrivateFrameworks/GPUSupport.framework/Versions/A/Libraries/libGPUSupportMercury.dylib
0x000000011ffb3000 	/System/Library/Frameworks/OpenGL.framework/Resources//GLRendererFloat.bundle/GLRendererFloat
0x00000001210d8000 	/Users/jerem/GitHub/MiniNavette_LO43/MiniNavette/Libs/Natives/libjinput-osx.dylib
0x00000001210dd000 	/System/Library/Extensions/IOHIDFamily.kext/Contents/PlugIns/IOHIDLib.plugin/Contents/MacOS/IOHIDLib
0x000000012187a000 	/Library/Java/JavaVirtualMachines/jdk1.8.0_72.jdk/Contents/Home/jre/lib/libnio.dylib
0x000000012188a000 	/Library/Java/JavaVirtualMachines/jdk1.8.0_72.jdk/Contents/Home/jre/lib/./libnet.dylib

VM Arguments:
jvm_args: -Djava.library.path=/Users/jerem/GitHub/MiniNavette_LO43/MiniNavette/Libs/Natives -Dfile.encoding=UTF-8 
java_command: fr.utbm.lo43.Main
java_class_path (initial): /Users/jerem/GitHub/MiniNavette_LO43/MiniNavette/bin:/Users/jerem/GitHub/MiniNavette_LO43/MiniNavette/Libs/jinput.jar:/Users/jerem/GitHub/MiniNavette_LO43/MiniNavette/Libs/lwjgl_util.jar:/Users/jerem/GitHub/MiniNavette_LO43/MiniNavette/Libs/lwjgl.jar:/Users/jerem/GitHub/MiniNavette_LO43/MiniNavette/Libs/slick.jar
Launcher Type: SUN_STANDARD

Environment Variables:
PATH=/usr/bin:/bin:/usr/sbin:/sbin
SHELL=/bin/bash
DISPLAY=/private/tmp/com.apple.launchd.uVTzQcpikU/org.macosforge.xquartz:0

Signal Handlers:
SIGSEGV: [libjvm.dylib+0x57599d], sa_mask[0]=11111111011111110111111111111111, sa_flags=SA_ONSTACK|SA_RESTART|SA_SIGINFO
SIGBUS: [libjvm.dylib+0x57599d], sa_mask[0]=11111111011111110111111111111111, sa_flags=SA_RESTART|SA_SIGINFO
SIGFPE: [libjvm.dylib+0x4522ac], sa_mask[0]=11111111011111110111111111111111, sa_flags=SA_RESTART|SA_SIGINFO
SIGPIPE: [libjvm.dylib+0x4522ac], sa_mask[0]=11111111011111110111111111111111, sa_flags=SA_RESTART|SA_SIGINFO
SIGXFSZ: [libjvm.dylib+0x4522ac], sa_mask[0]=11111111011111110111111111111111, sa_flags=SA_RESTART|SA_SIGINFO
SIGILL: [libjvm.dylib+0x4522ac], sa_mask[0]=11111111011111110111111111111111, sa_flags=SA_RESTART|SA_SIGINFO
SIGUSR1: SIG_DFL, sa_mask[0]=00000000000000000000000000000000, sa_flags=none
SIGUSR2: [libjvm.dylib+0x451dca], sa_mask[0]=00100000000000000000000000000000, sa_flags=SA_RESTART|SA_SIGINFO
SIGHUP: [libjvm.dylib+0x4503a1], sa_mask[0]=11111111011111110111111111111111, sa_flags=SA_RESTART|SA_SIGINFO
SIGINT: [libjvm.dylib+0x4503a1], sa_mask[0]=11111111011111110111111111111111, sa_flags=SA_RESTART|SA_SIGINFO
SIGTERM: [libjvm.dylib+0x4503a1], sa_mask[0]=11111111011111110111111111111111, sa_flags=SA_RESTART|SA_SIGINFO
SIGQUIT: [libjvm.dylib+0x4503a1], sa_mask[0]=11111111011111110111111111111111, sa_flags=SA_RESTART|SA_SIGINFO


---------------  S Y S T E M  ---------------

OS:Bsduname:Darwin 15.6.0 Darwin Kernel Version 15.6.0: Wed Nov  2 20:30:56 PDT 2016; root:xnu-3248.60.11.1.2~2/RELEASE_X86_64 x86_64
rlimit: STACK 8192k, CORE 0k, NPROC 709, NOFILE 10240, AS infinity
load average:1.64 1.72 1.66

CPU:total 4 (2 cores per cpu, 2 threads per core) family 6 model 69 stepping 1, cmov, cx8, fxsr, mmx, sse, sse2, sse3, ssse3, sse4.1, sse4.2, popcnt, avx, avx2, aes, clmul, erms, lzcnt, ht, tsc, tscinvbit, bmi1, bmi2

Memory: 4k page, physical 4194304k(63088k free)

/proc/meminfo:


vm_info: Java HotSpot(TM) 64-Bit Server VM (25.72-b05) for bsd-amd64 JRE (1.8.0_72-ea-b05), built on Oct 26 2015 17:56:02 by "java_re" with gcc 4.2.1 (Based on Apple Inc. build 5658) (LLVM build 2336.11.00)

time: Sun Jan  8 17:28:50 2017
elapsed time: 56 seconds (0d 0h 0m 56s)

