#
# A fatal error has been detected by the Java Runtime Environment:
#
#  SIGSEGV (0xb) at pc=0x00007fff8e0004dd, pid=945, tid=2571
#
# JRE version: Java(TM) SE Runtime Environment (8.0_72-b05) (build 1.8.0_72-ea-b05)
# Java VM: Java HotSpot(TM) 64-Bit Server VM (25.72-b05 mixed mode bsd-amd64 compressed oops)
# Problematic frame:
# C  [libobjc.A.dylib+0x14dd]  objc_msgSend+0x1d
#
# Failed to write core dump. Core dumps have been disabled. To enable core dumping, try "ulimit -c unlimited" before starting Java again
#
# If you would like to submit a bug report, please visit:
#   http://bugreport.java.com/bugreport/crash.jsp
# The crash happened outside the Java Virtual Machine in native code.
# See problematic frame for where to report the bug.
#

---------------  T H R E A D  ---------------

Current thread (0x00007fc732821800):  JavaThread "AppKit Thread" daemon [_thread_in_native, id=2571, stack(0x00007fff5f1eb000,0x00007fff5f9eb000)]

siginfo: si_signo: 11 (SIGSEGV), si_code: 1 (SEGV_MAPERR), si_addr: 0x0000000000000018

Registers:
RAX=0x00007fc732773710, RBX=0x00007fff5f9e6008, RCX=0x00007fc7324a2d48, RDX=0x00007fc7327d6a00
RSP=0x00007fff5f9e5fc8, RBP=0x00007fff5f9e5fd0, RSI=0x00007fff960f784a, RDI=0x00007fc732773710
R8 =0x000000000000001f, R9 =0x00007fc7324b5c50, R10=0x00007fff960f784a, R11=0x0000000000000000
R12=0x00007fc7327d6a00, R13=0x00007fc7324b5c50, R14=0x00007fc7324a2d40, R15=0x0000000000000000
RIP=0x00007fff8e0004dd, EFLAGS=0x0000000000010246, ERR=0x0000000000000004
  TRAPNO=0x000000000000000e

Top of Stack: (sp=0x00007fff5f9e5fc8)
0x00007fff5f9e5fc8:   00007fff96f8ab1c 00007fff5f9e5ff0
0x00007fff5f9e5fd8:   00007fff96f8aaaf 0000000000000000
0x00007fff5f9e5fe8:   0000000000000000 00007fff5f9e6060
0x00007fff5f9e5ff8:   00007fff96f8aa27 00007fff5f9e6030
0x00007fff5f9e6008:   00007fff7b9df0a0 0000000042000000
0x00007fff5f9e6018:   00007fff96f8aa70 00007fff7b343720
0x00007fff5f9e6028:   00007fc7324b5c50 00007fc7327d6a00
0x00007fff5f9e6038:   00007fff5f9e6808 00007fff7b470780
0x00007fff5f9e6048:   00007fff5f9e6808 00007fc7324b5c50
0x00007fff5f9e6058:   00007fff9734a9da 00007fff5f9e60a0
0x00007fff5f9e6068:   00007fff96f8a792 00007fff5f9e6680
0x00007fff5f9e6078:   0000000000000001 00007fff7b470780
0x00007fff5f9e6088:   00007fff5f9e6808 00007fff8e0004c0
0x00007fff5f9e6098:   00007fff9734a9da 00007fff5f9e67b0
0x00007fff5f9e60a8:   00007fff96f47542 00007fc732447920
0x00007fff5f9e60b8:   ffff8038cdbb86e0 00007fff79501d00
0x00007fff5f9e60c8:   00007fc7325333a0 00007fc7330050b8
0x00007fff5f9e60d8:   00007fc732461260 0000000000000000
0x00007fff5f9e60e8:   0000000000000000 0000000000000000
0x00007fff5f9e60f8:   00007fc732461dd0 00007fff7b380bc0
0x00007fff5f9e6108:   00007fff5f9e6680 0000000000000002
0x00007fff5f9e6118:   0000000000000100 00007fff5f9e6100
0x00007fff5f9e6128:   00007fff5f9e6580 0000000000000000
0x00007fff5f9e6138:   0000000000000100 00007fff5f9e6100
0x00007fff5f9e6148:   00007fff7b470780 0000000000000000
0x00007fff5f9e6158:   00007fff7b344500 00007fff7b470780
0x00007fff5f9e6168:   0000000000000000 00007fff7b344500
0x00007fff5f9e6178:   00007fff79501d00 00007fff5f9e61f0
0x00007fff5f9e6188:   00007fff8e0072a4 0000000000000000
0x00007fff5f9e6198:   00007fff79503290 0000000100000000
0x00007fff5f9e61a8:   0000000000000000 ffff8038cd8d2fd0
0x00007fff5f9e61b8:   00007fc732739d00 00007fc732739d80 

Instructions: (pc=0x00007fff8e0004dd)
0x00007fff8e0004bd:   44 00 00 48 85 ff 2e 74 62 40 f6 c7 01 2e 75 66
0x00007fff8e0004cd:   49 bb f8 ff ff ff ff 7f 00 00 4c 23 1f 49 89 f2
0x00007fff8e0004dd:   45 23 53 18 49 c1 e2 04 4d 03 53 10 49 3b 32 75
0x00007fff8e0004ed:   04 41 ff 62 08 49 83 3a 01 76 0d 49 83 c2 10 49 

Register to memory mapping:

RAX=0x00007fc732773710 is an unknown value
RBX=0x00007fff5f9e6008 is pointing into the stack for thread: 0x00007fc732821800
RCX=0x00007fc7324a2d48 is an unknown value
RDX=0x00007fc7327d6a00 is an unknown value
RSP=0x00007fff5f9e5fc8 is pointing into the stack for thread: 0x00007fc732821800
RBP=0x00007fff5f9e5fd0 is pointing into the stack for thread: 0x00007fc732821800
RSI=0x00007fff960f784a: -[NSTitlebarContainerView transparent]+0x63088 in /System/Library/Frameworks/AppKit.framework/Versions/C/AppKit at 0x00007fff9566a000
RDI=0x00007fc732773710 is an unknown value
R8 =0x000000000000001f is an unknown value
R9 =0x00007fc7324b5c50 is an unknown value
R10=0x00007fff960f784a: -[NSTitlebarContainerView transparent]+0x63088 in /System/Library/Frameworks/AppKit.framework/Versions/C/AppKit at 0x00007fff9566a000
R11=0x0000000000000000 is an unknown value
R12=0x00007fc7327d6a00 is an unknown value
R13=0x00007fc7324b5c50 is an unknown value
R14=0x00007fc7324a2d40 is an unknown value
R15=0x0000000000000000 is an unknown value


Stack: [0x00007fff5f1eb000,0x00007fff5f9eb000],  sp=0x00007fff5f9e5fc8,  free space=8171k
Native frames: (J=compiled Java code, j=interpreted, Vv=VM code, C=native code)
C  [libobjc.A.dylib+0x14dd]  objc_msgSend+0x1d
C  [CoreFoundation+0xa0aaf]  ___CFXRegistrationPost_block_invoke+0x3f
C  [CoreFoundation+0xa0a27]  _CFXRegistrationPost+0x197
C  [CoreFoundation+0xa0792]  ___CFXNotificationPost_block_invoke+0x32
C  [CoreFoundation+0x5d542]  -[_CFXNotificationRegistrar find:object:observer:enumerator:]+0x782
C  [CoreFoundation+0x5c795]  _CFXNotificationPost+0x2b5
C  [Foundation+0x717a]  -[NSNotificationCenter postNotificationName:object:userInfo:]+0x42
C  [AppKit+0x26526e]  -[NSSurface _disposeSurface]+0xa9
C  [AppKit+0x264cc7]  -[NSSurface setWindow:]+0x42
C  [AppKit+0x28ba7]  -[NSView _setWindow:]+0x9be
C  [AppKit+0x2b993]  -[NSView removeFromSuperview]+0x1d7
C  [AppKit+0x155c7b]  -[NSView removeFromSuperviewWithoutNeedingDisplay]+0x26
C  [liblwjgl.dylib+0xa205]  +[MacOSXKeyableWindow destroyWindow]+0xb5
C  [Foundation+0x76fde]  __NSThreadPerformPerform+0x117
C  [CoreFoundation+0xaa7e1]  __CFRUNLOOP_IS_CALLING_OUT_TO_A_SOURCE0_PERFORM_FUNCTION__+0x11
C  [CoreFoundation+0x89f1c]  __CFRunLoopDoSources0+0x22c
C  [CoreFoundation+0x8943f]  __CFRunLoopRun+0x39f
C  [CoreFoundation+0x88e38]  CFRunLoopRunSpecific+0x128
C  [HIToolbox+0x30935]  RunCurrentEventLoopInMode+0xeb
C  [HIToolbox+0x3076f]  ReceiveNextEventCommon+0x1b0
C  [HIToolbox+0x305af]  _BlockUntilNextEventMatchingListInModeWithFilter+0x47
C  [AppKit+0x48df6]  _DPSNextEvent+0x42b
C  [AppKit+0x48226]  -[NSApplication _nextEventMatchingEventMask:untilDate:inMode:dequeue:]+0x1c6
C  [libosxapp.dylib+0x23aa]  -[NSApplicationAWT nextEventMatchingMask:untilDate:inMode:dequeue:]+0x7c
C  [AppKit+0x3cd80]  -[NSApplication run]+0x2aa
C  [libosxapp.dylib+0x214d]  +[NSApplicationAWT runAWTLoopWithApp:]+0x9c
C  [libawt_lwawt.dylib+0x4455b]  -[AWTStarter starter:]+0x389
C  [Foundation+0x76fde]  __NSThreadPerformPerform+0x117
C  [CoreFoundation+0xaa7e1]  __CFRUNLOOP_IS_CALLING_OUT_TO_A_SOURCE0_PERFORM_FUNCTION__+0x11
C  [CoreFoundation+0x89f1c]  __CFRunLoopDoSources0+0x22c
C  [CoreFoundation+0x8943f]  __CFRunLoopRun+0x39f
C  [CoreFoundation+0x88e38]  CFRunLoopRunSpecific+0x128
C  [java+0x6463]  CreateExecutionEnvironment+0x367
C  [java+0x21ac]  JLI_Launch+0x7a0
C  [java+0x84c0]  main+0x65
C  [java+0x1a04]  start+0x34
C  0x0000000000000006


---------------  P R O C E S S  ---------------

Java Threads: ( => current thread )
  0x00007fc732b8b000 JavaThread "AWT-Shutdown" [_thread_blocked, id=6671, stack(0x0000700000932000,0x0000700000a32000)]
  0x00007fc7340c4800 JavaThread "Java2D Queue Flusher" daemon [_thread_blocked, id=57351, stack(0x000070000145c000,0x000070000155c000)]
  0x00007fc7340c3800 JavaThread "Java2D Disposer" daemon [_thread_blocked, id=52763, stack(0x0000700001359000,0x0000700001459000)]
=>0x00007fc732821800 JavaThread "AppKit Thread" daemon [_thread_in_native, id=2571, stack(0x00007fff5f1eb000,0x00007fff5f9eb000)]
  0x00007fc733846800 JavaThread "Service Thread" daemon [_thread_blocked, id=18691, stack(0x0000700000e44000,0x0000700000f44000)]
  0x00007fc733042000 JavaThread "C1 CompilerThread2" daemon [_thread_blocked, id=18179, stack(0x0000700000d41000,0x0000700000e41000)]
  0x00007fc732831800 JavaThread "C2 CompilerThread1" daemon [_thread_blocked, id=17667, stack(0x0000700000c3e000,0x0000700000d3e000)]
  0x00007fc73383b000 JavaThread "C2 CompilerThread0" daemon [_thread_blocked, id=17155, stack(0x0000700000b3b000,0x0000700000c3b000)]
  0x00007fc733803800 JavaThread "Signal Dispatcher" daemon [_thread_blocked, id=13839, stack(0x0000700000a38000,0x0000700000b38000)]
  0x00007fc734012800 JavaThread "Finalizer" daemon [_thread_blocked, id=11779, stack(0x000070000082f000,0x000070000092f000)]
  0x00007fc73303a800 JavaThread "Reference Handler" daemon [_thread_blocked, id=11267, stack(0x000070000072c000,0x000070000082c000)]
  0x00007fc733806800 JavaThread "main" [_thread_in_native, id=4099, stack(0x0000700000084000,0x0000700000184000)]

Other Threads:
  0x00007fc733036000 VMThread [stack: 0x0000700000629000,0x0000700000729000] [id=10755]
  0x00007fc732818000 WatcherThread [stack: 0x0000700000f47000,0x0000700001047000] [id=19203]

VM state:not at safepoint (normal execution)

VM Mutex/Monitor currently owned by a thread: None

Heap:
 PSYoungGen      total 18944K, used 8478K [0x00000007aab00000, 0x00000007ac600000, 0x00000007c0000000)
  eden space 16384K, 36% used [0x00000007aab00000,0x00000007ab0cb208,0x00000007abb00000)
  from space 2560K, 99% used [0x00000007abb00000,0x00000007abd7c8f0,0x00000007abd80000)
  to   space 5632K, 0% used [0x00000007ac080000,0x00000007ac080000,0x00000007ac600000)
 ParOldGen       total 44032K, used 3042K [0x0000000780000000, 0x0000000782b00000, 0x00000007aab00000)
  object space 44032K, 6% used [0x0000000780000000,0x00000007802f8ab0,0x0000000782b00000)
 Metaspace       used 9948K, capacity 10145K, committed 10368K, reserved 1058816K
  class space    used 1021K, capacity 1087K, committed 1152K, reserved 1048576K

Card table byte_map: [0x0000000110fc0000,0x00000001111c1000] byte_map_base: 0x000000010d3c0000

Marking Bits: (ParMarkBitMap*) 0x0000000100d19780
 Begin Bits: [0x0000000111317000, 0x0000000112317000)
 End Bits:   [0x0000000112317000, 0x0000000113317000)

Polling page: 0x00000001013b6000

CodeCache: size=245760Kb used=4401Kb max_used=4411Kb free=241358Kb
 bounds [0x0000000101c00000, 0x0000000102060000, 0x0000000110c00000]
 total_blobs=1634 nmethods=1119 adapters=430
 compilation: enabled

Compilation events (10 events):
Event: 56.156 Thread 0x00007fc733042000 1118       1       java.nio.HeapByteBuffer::_put (8 bytes)
Event: 56.156 Thread 0x00007fc733042000 nmethod 1118 0x000000010204df10 code [0x000000010204e060, 0x000000010204e190]
Event: 56.163 Thread 0x00007fc733042000 1119       3       java.nio.Buffer::nextGetIndex (38 bytes)
Event: 56.164 Thread 0x00007fc733042000 nmethod 1119 0x0000000102049b10 code [0x0000000102049c80, 0x0000000102049ea8]
Event: 56.180 Thread 0x00007fc733042000 1120       1       java.nio.HeapByteBuffer::_get (7 bytes)
Event: 56.181 Thread 0x00007fc733042000 nmethod 1120 0x000000010204db50 code [0x000000010204dca0, 0x000000010204ddd0]
Event: 57.881 Thread 0x00007fc732831800 1121       4       fr.utbm.lo43.logic.Map::getInstance (20 bytes)
Event: 57.882 Thread 0x00007fc732831800 nmethod 1121 0x0000000102032b90 code [0x0000000102032ce0, 0x0000000102032d58]
Event: 59.355 Thread 0x00007fc733042000 1122       3       sun.awt.AWTAutoShutdown::getInstance (4 bytes)
Event: 59.355 Thread 0x00007fc733042000 nmethod 1122 0x0000000102049810 code [0x0000000102049960, 0x0000000102049a90]

GC Heap History (10 events):
Event: 1.596 GC heap before
{Heap before GC invocations=1 (full 0):
 PSYoungGen      total 18944K, used 16384K [0x00000007aab00000, 0x00000007ac000000, 0x00000007c0000000)
  eden space 16384K, 100% used [0x00000007aab00000,0x00000007abb00000,0x00000007abb00000)
  from space 2560K, 0% used [0x00000007abd80000,0x00000007abd80000,0x00000007ac000000)
  to   space 2560K, 0% used [0x00000007abb00000,0x00000007abb00000,0x00000007abd80000)
 ParOldGen       total 44032K, used 0K [0x0000000780000000, 0x0000000782b00000, 0x00000007aab00000)
  object space 44032K, 0% used [0x0000000780000000,0x0000000780000000,0x0000000782b00000)
 Metaspace       used 9618K, capacity 9825K, committed 10112K, reserved 1058816K
  class space    used 1003K, capacity 1087K, committed 1152K, reserved 1048576K
Event: 1.606 GC heap after
Heap after GC invocations=1 (full 0):
 PSYoungGen      total 18944K, used 2546K [0x00000007aab00000, 0x00000007ac000000, 0x00000007c0000000)
  eden space 16384K, 0% used [0x00000007aab00000,0x00000007aab00000,0x00000007abb00000)
  from space 2560K, 99% used [0x00000007abb00000,0x00000007abd7c8f0,0x00000007abd80000)
  to   space 2560K, 0% used [0x00000007abd80000,0x00000007abd80000,0x00000007ac000000)
 ParOldGen       total 44032K, used 2926K [0x0000000780000000, 0x0000000782b00000, 0x00000007aab00000)
  object space 44032K, 6% used [0x0000000780000000,0x00000007802dbb20,0x0000000782b00000)
 Metaspace       used 9618K, capacity 9825K, committed 10112K, reserved 1058816K
  class space    used 1003K, capacity 1087K, committed 1152K, reserved 1048576K
}
Event: 21.265 GC heap before
{Heap before GC invocations=2 (full 0):
 PSYoungGen      total 18944K, used 18930K [0x00000007aab00000, 0x00000007ac000000, 0x00000007c0000000)
  eden space 16384K, 100% used [0x00000007aab00000,0x00000007abb00000,0x00000007abb00000)
  from space 2560K, 99% used [0x00000007abb00000,0x00000007abd7c8f0,0x00000007abd80000)
  to   space 2560K, 0% used [0x00000007abd80000,0x00000007abd80000,0x00000007ac000000)
 ParOldGen       total 44032K, used 2926K [0x0000000780000000, 0x0000000782b00000, 0x00000007aab00000)
  object space 44032K, 6% used [0x0000000780000000,0x00000007802dbb20,0x0000000782b00000)
 Metaspace       used 9922K, capacity 10081K, committed 10368K, reserved 1058816K
  class space    used 1021K, capacity 1087K, committed 1152K, reserved 1048576K
Event: 21.273 GC heap after
Heap after GC invocations=2 (full 0):
 PSYoungGen      total 18944K, used 2530K [0x00000007aab00000, 0x00000007ac000000, 0x00000007c0000000)
  eden space 16384K, 0% used [0x00000007aab00000,0x00000007aab00000,0x00000007abb00000)
  from space 2560K, 98% used [0x00000007abd80000,0x00000007abff8900,0x00000007ac000000)
  to   space 2560K, 0% used [0x00000007abb00000,0x00000007abb00000,0x00000007abd80000)
 ParOldGen       total 44032K, used 3002K [0x0000000780000000, 0x0000000782b00000, 0x00000007aab00000)
  object space 44032K, 6% used [0x0000000780000000,0x00000007802eeab0,0x0000000782b00000)
 Metaspace       used 9922K, capacity 10081K, committed 10368K, reserved 1058816K
  class space    used 1021K, capacity 1087K, committed 1152K, reserved 1048576K
}
Event: 35.748 GC heap before
{Heap before GC invocations=3 (full 0):
 PSYoungGen      total 18944K, used 18914K [0x00000007aab00000, 0x00000007ac000000, 0x00000007c0000000)
  eden space 16384K, 100% used [0x00000007aab00000,0x00000007abb00000,0x00000007abb00000)
  from space 2560K, 98% used [0x00000007abd80000,0x00000007abff8900,0x00000007ac000000)
  to   space 2560K, 0% used [0x00000007abb00000,0x00000007abb00000,0x00000007abd80000)
 ParOldGen       total 44032K, used 3002K [0x0000000780000000, 0x0000000782b00000, 0x00000007aab00000)
  object space 44032K, 6% used [0x0000000780000000,0x00000007802eeab0,0x0000000782b00000)
 Metaspace       used 9933K, capacity 10081K, committed 10368K, reserved 1058816K
  class space    used 1021K, capacity 1087K, committed 1152K, reserved 1048576K
Event: 35.752 GC heap after
Heap after GC invocations=3 (full 0):
 PSYoungGen      total 18944K, used 2530K [0x00000007aab00000, 0x00000007ac000000, 0x00000007c0000000)
  eden space 16384K, 0% used [0x00000007aab00000,0x00000007aab00000,0x00000007abb00000)
  from space 2560K, 98% used [0x00000007abb00000,0x00000007abd78900,0x00000007abd80000)
  to   space 2560K, 0% used [0x00000007abd80000,0x00000007abd80000,0x00000007ac000000)
 ParOldGen       total 44032K, used 3010K [0x0000000780000000, 0x0000000782b00000, 0x00000007aab00000)
  object space 44032K, 6% used [0x0000000780000000,0x00000007802f0ab0,0x0000000782b00000)
 Metaspace       used 9933K, capacity 10081K, committed 10368K, reserved 1058816K
  class space    used 1021K, capacity 1087K, committed 1152K, reserved 1048576K
}
Event: 46.865 GC heap before
{Heap before GC invocations=4 (full 0):
 PSYoungGen      total 18944K, used 18914K [0x00000007aab00000, 0x00000007ac000000, 0x00000007c0000000)
  eden space 16384K, 100% used [0x00000007aab00000,0x00000007abb00000,0x00000007abb00000)
  from space 2560K, 98% used [0x00000007abb00000,0x00000007abd78900,0x00000007abd80000)
  to   space 2560K, 0% used [0x00000007abd80000,0x00000007abd80000,0x00000007ac000000)
 ParOldGen       total 44032K, used 3010K [0x0000000780000000, 0x0000000782b00000, 0x00000007aab00000)
  object space 44032K, 6% used [0x0000000780000000,0x00000007802f0ab0,0x0000000782b00000)
 Metaspace       used 9938K, capacity 10081K, committed 10368K, reserved 1058816K
  class space    used 1021K, capacity 1087K, committed 1152K, reserved 1048576K
Event: 46.871 GC heap after
Heap after GC invocations=4 (full 0):
 PSYoungGen      total 18944K, used 2530K [0x00000007aab00000, 0x00000007ac000000, 0x00000007c0000000)
  eden space 16384K, 0% used [0x00000007aab00000,0x00000007aab00000,0x00000007abb00000)
  from space 2560K, 98% used [0x00000007abd80000,0x00000007abff8900,0x00000007ac000000)
  to   space 2560K, 0% used [0x00000007abb00000,0x00000007abb00000,0x00000007abd80000)
 ParOldGen       total 44032K, used 3026K [0x0000000780000000, 0x0000000782b00000, 0x00000007aab00000)
  object space 44032K, 6% used [0x0000000780000000,0x00000007802f4ab0,0x0000000782b00000)
 Metaspace       used 9938K, capacity 10081K, committed 10368K, reserved 1058816K
  class space    used 1021K, capacity 1087K, committed 1152K, reserved 1048576K
}
Event: 56.431 GC heap before
{Heap before GC invocations=5 (full 0):
 PSYoungGen      total 18944K, used 18914K [0x00000007aab00000, 0x00000007ac000000, 0x00000007c0000000)
  eden space 16384K, 100% used [0x00000007aab00000,0x00000007abb00000,0x00000007abb00000)
  from space 2560K, 98% used [0x00000007abd80000,0x00000007abff8900,0x00000007ac000000)
  to   space 2560K, 0% used [0x00000007abb00000,0x00000007abb00000,0x00000007abd80000)
 ParOldGen       total 44032K, used 3026K [0x0000000780000000, 0x0000000782b00000, 0x00000007aab00000)
  object space 44032K, 6% used [0x0000000780000000,0x00000007802f4ab0,0x0000000782b00000)
 Metaspace       used 9941K, capacity 10081K, committed 10368K, reserved 1058816K
  class space    used 1021K, capacity 1087K, committed 1152K, reserved 1048576K
Event: 56.438 GC heap after
Heap after GC invocations=5 (full 0):
 PSYoungGen      total 18944K, used 2546K [0x00000007aab00000, 0x00000007ac600000, 0x00000007c0000000)
  eden space 16384K, 0% used [0x00000007aab00000,0x00000007aab00000,0x00000007abb00000)
  from space 2560K, 99% used [0x00000007abb00000,0x00000007abd7c8f0,0x00000007abd80000)
  to   space 5632K, 0% used [0x00000007ac080000,0x00000007ac080000,0x00000007ac600000)
 ParOldGen       total 44032K, used 3042K [0x0000000780000000, 0x0000000782b00000, 0x00000007aab00000)
  object space 44032K, 6% used [0x0000000780000000,0x00000007802f8ab0,0x0000000782b00000)
 Metaspace       used 9941K, capacity 10081K, committed 10368K, reserved 1058816K
  class space    used 1021K, capacity 1087K, committed 1152K, reserved 1048576K
}

Deoptimization events (9 events):
Event: 0.273 Thread 0x00007fc733806800 Uncommon trap: reason=unstable_if action=reinterpret pc=0x0000000101d39b00 method=java.lang.String.indexOf(II)I @ 49
Event: 0.585 Thread 0x00007fc733806800 Uncommon trap: reason=unstable_if action=reinterpret pc=0x0000000101d9b49c method=java.lang.String.replace(CC)Ljava/lang/String; @ 26
Event: 1.462 Thread 0x00007fc733806800 Uncommon trap: reason=unstable_if action=reinterpret pc=0x0000000101da1cd4 method=java.lang.String.indexOf([CII[CIII)I @ 3
Event: 1.467 Thread 0x00007fc733806800 Uncommon trap: reason=class_check action=maybe_recompile pc=0x0000000101e3ea30 method=java.util.HashMap.putVal(ILjava/lang/Object;Ljava/lang/Object;ZZ)Ljava/lang/Object; @ 253
Event: 1.467 Thread 0x00007fc733806800 Uncommon trap: reason=class_check action=maybe_recompile pc=0x0000000101e3ea30 method=java.util.HashMap.putVal(ILjava/lang/Object;Ljava/lang/Object;ZZ)Ljava/lang/Object; @ 253
Event: 1.467 Thread 0x00007fc733806800 Uncommon trap: reason=class_check action=maybe_recompile pc=0x0000000101e3ea30 method=java.util.HashMap.putVal(ILjava/lang/Object;Ljava/lang/Object;ZZ)Ljava/lang/Object; @ 253
Event: 1.467 Thread 0x00007fc733806800 Uncommon trap: reason=class_check action=maybe_recompile pc=0x0000000101e3ea30 method=java.util.HashMap.putVal(ILjava/lang/Object;Ljava/lang/Object;ZZ)Ljava/lang/Object; @ 253
Event: 1.467 Thread 0x00007fc733806800 Uncommon trap: reason=class_check action=maybe_recompile pc=0x0000000101e37e88 method=java.util.HashMap.putVal(ILjava/lang/Object;Ljava/lang/Object;ZZ)Ljava/lang/Object; @ 253
Event: 1.580 Thread 0x00007fc733806800 Uncommon trap: reason=unstable_if action=reinterpret pc=0x0000000101eaa3f0 method=java.awt.image.ComponentColorModel.getRGBComponent(Ljava/lang/Object;I)I @ 15

Internal exceptions (10 events):
Event: 0.239 Thread 0x00007fc733806800 Exception <a 'java/security/PrivilegedActionException'> (0x00000007aacb4540) thrown at [/Users/java_re/workspace/8-2-build-macosx-x86_64/jdk8u72/5182.nc/hotspot/src/share/vm/prims/jvm.cpp, line 1386]
Event: 0.239 Thread 0x00007fc733806800 Exception <a 'java/security/PrivilegedActionException'> (0x00000007aacb4750) thrown at [/Users/java_re/workspace/8-2-build-macosx-x86_64/jdk8u72/5182.nc/hotspot/src/share/vm/prims/jvm.cpp, line 1386]
Event: 0.239 Thread 0x00007fc733806800 Exception <a 'java/security/PrivilegedActionException'> (0x00000007aacb72e8) thrown at [/Users/java_re/workspace/8-2-build-macosx-x86_64/jdk8u72/5182.nc/hotspot/src/share/vm/prims/jvm.cpp, line 1386]
Event: 0.239 Thread 0x00007fc733806800 Exception <a 'java/security/PrivilegedActionException'> (0x00000007aacb74f8) thrown at [/Users/java_re/workspace/8-2-build-macosx-x86_64/jdk8u72/5182.nc/hotspot/src/share/vm/prims/jvm.cpp, line 1386]
Event: 0.239 Thread 0x00007fc733806800 Exception <a 'java/security/PrivilegedActionException'> (0x00000007aacb8410) thrown at [/Users/java_re/workspace/8-2-build-macosx-x86_64/jdk8u72/5182.nc/hotspot/src/share/vm/prims/jvm.cpp, line 1386]
Event: 0.240 Thread 0x00007fc733806800 Exception <a 'java/security/PrivilegedActionException'> (0x00000007aacb8620) thrown at [/Users/java_re/workspace/8-2-build-macosx-x86_64/jdk8u72/5182.nc/hotspot/src/share/vm/prims/jvm.cpp, line 1386]
Event: 0.330 Thread 0x00007fc733806800 Exception <a 'java/lang/NoSuchFieldError': method resolution failed> (0x00000007aad86618) thrown at [/Users/java_re/workspace/8-2-build-macosx-x86_64/jdk8u72/5182.nc/hotspot/src/share/vm/prims/methodHandles.cpp, line 1146]
Event: 0.332 Thread 0x00007fc733806800 Exception <a 'java/lang/NoSuchFieldError': method resolution failed> (0x00000007aad93e00) thrown at [/Users/java_re/workspace/8-2-build-macosx-x86_64/jdk8u72/5182.nc/hotspot/src/share/vm/prims/methodHandles.cpp, line 1146]
Event: 0.539 Thread 0x00007fc733806800 Exception <a 'java/io/FileNotFoundException'> (0x00000007aae0ee80) thrown at [/Users/java_re/workspace/8-2-build-macosx-x86_64/jdk8u72/5182.nc/hotspot/src/share/vm/prims/jni.cpp, line 709]
Event: 0.539 Thread 0x00007fc733806800 Exception <a 'java/io/FileNotFoundException'> (0x00000007aae0f9c8) thrown at [/Users/java_re/workspace/8-2-build-macosx-x86_64/jdk8u72/5182.nc/hotspot/src/share/vm/prims/jni.cpp, line 709]

Events (10 events):
Event: 56.438 Executing VM operation: RevokeBias
Event: 56.438 Executing VM operation: RevokeBias done
Event: 56.438 Executing VM operation: RevokeBias
Event: 56.438 Executing VM operation: RevokeBias done
Event: 58.060 Executing VM operation: RevokeBias
Event: 58.061 Executing VM operation: RevokeBias done
Event: 58.061 Thread 0x00007fc73387b000 Thread exited: 0x00007fc73387b000
Event: 58.574 Thread 0x00007fc732b8b000 Thread added: 0x00007fc732b8b000
Event: 59.353 loading class org/lwjgl/opengl/CallbackUtil
Event: 59.353 loading class org/lwjgl/opengl/CallbackUtil done


Dynamic libraries:
0x0000000007a52000 	/System/Library/Frameworks/Cocoa.framework/Versions/A/Cocoa
0x0000000007a52000 	/System/Library/Frameworks/Security.framework/Versions/A/Security
0x0000000007a52000 	/System/Library/Frameworks/ApplicationServices.framework/Versions/A/ApplicationServices
0x0000000007a52000 	/usr/lib/libz.1.dylib
0x0000000007a52000 	/usr/lib/libSystem.B.dylib
0x0000000007a52000 	/usr/lib/libobjc.A.dylib
0x0000000007a52000 	/System/Library/Frameworks/CoreFoundation.framework/Versions/A/CoreFoundation
0x0000000007a52000 	/System/Library/Frameworks/Foundation.framework/Versions/C/Foundation
0x0000000007a52000 	/System/Library/Frameworks/AppKit.framework/Versions/C/AppKit
0x0000000007a52000 	/System/Library/Frameworks/CoreData.framework/Versions/A/CoreData
0x0000000007a52000 	/System/Library/PrivateFrameworks/RemoteViewServices.framework/Versions/A/RemoteViewServices
0x0000000007a52000 	/System/Library/PrivateFrameworks/UIFoundation.framework/Versions/A/UIFoundation
0x0000000007a52000 	/usr/lib/libScreenReader.dylib
0x0000000007a52000 	/System/Library/Frameworks/Accelerate.framework/Versions/A/Accelerate
0x0000000007a52000 	/System/Library/Frameworks/IOSurface.framework/Versions/A/IOSurface
0x0000000007a52000 	/System/Library/Frameworks/AudioToolbox.framework/Versions/A/AudioToolbox
0x0000000007a52000 	/System/Library/Frameworks/AudioUnit.framework/Versions/A/AudioUnit
0x0000000007a52000 	/System/Library/PrivateFrameworks/DataDetectorsCore.framework/Versions/A/DataDetectorsCore
0x0000000007a52000 	/System/Library/PrivateFrameworks/DesktopServicesPriv.framework/Versions/A/DesktopServicesPriv
0x0000000007a52000 	/System/Library/Frameworks/Carbon.framework/Versions/A/Frameworks/HIToolbox.framework/Versions/A/HIToolbox
0x0000000007a52000 	/System/Library/Frameworks/QuartzCore.framework/Versions/A/QuartzCore
0x0000000007a52000 	/System/Library/Frameworks/Carbon.framework/Versions/A/Frameworks/SpeechRecognition.framework/Versions/A/SpeechRecognition
0x0000000007a52000 	/usr/lib/libauto.dylib
0x0000000007a52000 	/usr/lib/libicucore.A.dylib
0x0000000007a52000 	/usr/lib/libxml2.2.dylib
0x0000000007a52000 	/System/Library/PrivateFrameworks/CoreUI.framework/Versions/A/CoreUI
0x0000000007a52000 	/System/Library/Frameworks/CoreAudio.framework/Versions/A/CoreAudio
0x0000000007a52000 	/System/Library/Frameworks/DiskArbitration.framework/Versions/A/DiskArbitration
0x0000000007a52000 	/usr/lib/liblangid.dylib
0x0000000007a52000 	/System/Library/PrivateFrameworks/MultitouchSupport.framework/Versions/A/MultitouchSupport
0x0000000007a52000 	/System/Library/Frameworks/IOKit.framework/Versions/A/IOKit
0x0000000007a52000 	/usr/lib/libDiagnosticMessagesClient.dylib
0x0000000007a52000 	/System/Library/Frameworks/CoreServices.framework/Versions/A/CoreServices
0x0000000007a52000 	/System/Library/PrivateFrameworks/PerformanceAnalysis.framework/Versions/A/PerformanceAnalysis
0x0000000007a52000 	/System/Library/PrivateFrameworks/GenerationalStorage.framework/Versions/A/GenerationalStorage
0x0000000007a52000 	/System/Library/Frameworks/OpenGL.framework/Versions/A/OpenGL
0x0000000007a52000 	/System/Library/PrivateFrameworks/Sharing.framework/Versions/A/Sharing
0x0000000007a52000 	/System/Library/Frameworks/CoreGraphics.framework/Versions/A/CoreGraphics
0x0000000007a52000 	/System/Library/Frameworks/CoreImage.framework/Versions/A/CoreImage
0x0000000007a52000 	/System/Library/Frameworks/CoreText.framework/Versions/A/CoreText
0x0000000007a52000 	/System/Library/Frameworks/ImageIO.framework/Versions/A/ImageIO
0x0000000007a52000 	/System/Library/PrivateFrameworks/Backup.framework/Versions/A/Backup
0x0000000007a52000 	/usr/lib/libextension.dylib
0x0000000007a52000 	/usr/lib/libarchive.2.dylib
0x0000000007a52000 	/System/Library/Frameworks/CFNetwork.framework/Versions/A/CFNetwork
0x0000000007a52000 	/System/Library/Frameworks/SystemConfiguration.framework/Versions/A/SystemConfiguration
0x0000000007a52000 	/usr/lib/libCRFSuite.dylib
0x0000000007a52000 	/usr/lib/libc++.1.dylib
0x0000000007a52000 	/usr/lib/libc++abi.dylib
0x0000000007a52000 	/usr/lib/system/libcache.dylib
0x0000000007a52000 	/usr/lib/system/libcommonCrypto.dylib
0x0000000007a52000 	/usr/lib/system/libcompiler_rt.dylib
0x0000000007a52000 	/usr/lib/system/libcopyfile.dylib
0x0000000007a52000 	/usr/lib/system/libcorecrypto.dylib
0x0000000007a52000 	/usr/lib/system/libdispatch.dylib
0x0000000007a52000 	/usr/lib/system/libdyld.dylib
0x0000000007a52000 	/usr/lib/system/libkeymgr.dylib
0x0000000007a52000 	/usr/lib/system/liblaunch.dylib
0x0000000007a52000 	/usr/lib/system/libmacho.dylib
0x0000000007a52000 	/usr/lib/system/libquarantine.dylib
0x0000000007a52000 	/usr/lib/system/libremovefile.dylib
0x0000000007a52000 	/usr/lib/system/libsystem_asl.dylib
0x0000000007a52000 	/usr/lib/system/libsystem_blocks.dylib
0x0000000007a52000 	/usr/lib/system/libsystem_c.dylib
0x0000000007a52000 	/usr/lib/system/libsystem_configuration.dylib
0x0000000007a52000 	/usr/lib/system/libsystem_coreservices.dylib
0x0000000007a52000 	/usr/lib/system/libsystem_coretls.dylib
0x0000000007a52000 	/usr/lib/system/libsystem_dnssd.dylib
0x0000000007a52000 	/usr/lib/system/libsystem_info.dylib
0x0000000007a52000 	/usr/lib/system/libsystem_kernel.dylib
0x0000000007a52000 	/usr/lib/system/libsystem_m.dylib
0x0000000007a52000 	/usr/lib/system/libsystem_malloc.dylib
0x0000000007a52000 	/usr/lib/system/libsystem_network.dylib
0x0000000007a52000 	/usr/lib/system/libsystem_networkextension.dylib
0x0000000007a52000 	/usr/lib/system/libsystem_notify.dylib
0x0000000007a52000 	/usr/lib/system/libsystem_platform.dylib
0x0000000007a52000 	/usr/lib/system/libsystem_pthread.dylib
0x0000000007a52000 	/usr/lib/system/libsystem_sandbox.dylib
0x0000000007a52000 	/usr/lib/system/libsystem_secinit.dylib
0x0000000007a52000 	/usr/lib/system/libsystem_trace.dylib
0x0000000007a52000 	/usr/lib/system/libunc.dylib
0x0000000007a52000 	/usr/lib/system/libunwind.dylib
0x0000000007a52000 	/usr/lib/system/libxpc.dylib
0x0000000007a52000 	/usr/lib/libenergytrace.dylib
0x0000000007a52000 	/usr/lib/libbsm.0.dylib
0x0000000007a52000 	/usr/lib/system/libkxld.dylib
0x0000000007a52000 	/usr/lib/libxar.1.dylib
0x0000000007a52000 	/usr/lib/libsqlite3.dylib
0x0000000007a52000 	/usr/lib/libpam.2.dylib
0x0000000007a52000 	/usr/lib/libOpenScriptingUtil.dylib
0x0000000007a52000 	/usr/lib/libbz2.1.0.dylib
0x0000000007a52000 	/usr/lib/liblzma.5.dylib
0x0000000007a52000 	/System/Library/Frameworks/CoreServices.framework/Versions/A/Frameworks/FSEvents.framework/Versions/A/FSEvents
0x0000000007a52000 	/System/Library/Frameworks/CoreServices.framework/Versions/A/Frameworks/CarbonCore.framework/Versions/A/CarbonCore
0x0000000007a52000 	/System/Library/Frameworks/CoreServices.framework/Versions/A/Frameworks/Metadata.framework/Versions/A/Metadata
0x0000000007a52000 	/System/Library/Frameworks/CoreServices.framework/Versions/A/Frameworks/OSServices.framework/Versions/A/OSServices
0x0000000007a52000 	/System/Library/Frameworks/CoreServices.framework/Versions/A/Frameworks/SearchKit.framework/Versions/A/SearchKit
0x0000000007a52000 	/System/Library/Frameworks/CoreServices.framework/Versions/A/Frameworks/AE.framework/Versions/A/AE
0x0000000007a52000 	/System/Library/Frameworks/CoreServices.framework/Versions/A/Frameworks/LaunchServices.framework/Versions/A/LaunchServices
0x0000000007a52000 	/System/Library/Frameworks/CoreServices.framework/Versions/A/Frameworks/DictionaryServices.framework/Versions/A/DictionaryServices
0x0000000007a52000 	/System/Library/Frameworks/CoreServices.framework/Versions/A/Frameworks/SharedFileList.framework/Versions/A/SharedFileList
0x0000000007a52000 	/System/Library/Frameworks/NetFS.framework/Versions/A/NetFS
0x0000000007a52000 	/System/Library/PrivateFrameworks/NetAuth.framework/Versions/A/NetAuth
0x0000000007a52000 	/System/Library/PrivateFrameworks/login.framework/Versions/A/Frameworks/loginsupport.framework/Versions/A/loginsupport
0x0000000007a52000 	/System/Library/PrivateFrameworks/TCC.framework/Versions/A/TCC
0x0000000007a52000 	/usr/lib/libmecabra.dylib
0x0000000007a52000 	/System/Library/Frameworks/ApplicationServices.framework/Versions/A/Frameworks/ATS.framework/Versions/A/ATS
0x0000000007a52000 	/System/Library/Frameworks/ApplicationServices.framework/Versions/A/Frameworks/ColorSync.framework/Versions/A/ColorSync
0x0000000007a52000 	/System/Library/Frameworks/ApplicationServices.framework/Versions/A/Frameworks/HIServices.framework/Versions/A/HIServices
0x0000000007a52000 	/System/Library/Frameworks/ApplicationServices.framework/Versions/A/Frameworks/LangAnalysis.framework/Versions/A/LangAnalysis
0x0000000007a52000 	/System/Library/Frameworks/ApplicationServices.framework/Versions/A/Frameworks/PrintCore.framework/Versions/A/PrintCore
0x0000000007a52000 	/System/Library/Frameworks/ApplicationServices.framework/Versions/A/Frameworks/QD.framework/Versions/A/QD
0x0000000007a52000 	/System/Library/Frameworks/ApplicationServices.framework/Versions/A/Frameworks/SpeechSynthesis.framework/Versions/A/SpeechSynthesis
0x0000000007a52000 	/System/Library/Frameworks/Metal.framework/Versions/A/Metal
0x0000000007a52000 	/System/Library/Frameworks/Accelerate.framework/Versions/A/Frameworks/vImage.framework/Versions/A/vImage
0x0000000007a52000 	/System/Library/Frameworks/Accelerate.framework/Versions/A/Frameworks/vecLib.framework/Versions/A/vecLib
0x0000000007a52000 	/System/Library/Frameworks/Accelerate.framework/Versions/A/Frameworks/vecLib.framework/Versions/A/libvDSP.dylib
0x0000000007a52000 	/System/Library/Frameworks/Accelerate.framework/Versions/A/Frameworks/vecLib.framework/Versions/A/libvMisc.dylib
0x0000000007a52000 	/System/Library/Frameworks/Accelerate.framework/Versions/A/Frameworks/vecLib.framework/Versions/A/libLAPACK.dylib
0x0000000007a52000 	/System/Library/Frameworks/Accelerate.framework/Versions/A/Frameworks/vecLib.framework/Versions/A/libBLAS.dylib
0x0000000007a52000 	/System/Library/Frameworks/Accelerate.framework/Versions/A/Frameworks/vecLib.framework/Versions/A/libLinearAlgebra.dylib
0x0000000007a52000 	/System/Library/Frameworks/Accelerate.framework/Versions/A/Frameworks/vecLib.framework/Versions/A/libSparseBLAS.dylib
0x0000000007a52000 	/System/Library/PrivateFrameworks/GPUCompiler.framework/libmetal_timestamp.dylib
0x0000000007a52000 	/System/Library/Frameworks/OpenGL.framework/Versions/A/Libraries/libCoreFSCache.dylib
0x0000000007a52000 	/System/Library/PrivateFrameworks/IOAccelerator.framework/Versions/A/IOAccelerator
0x0000000007a52000 	/System/Library/Frameworks/ApplicationServices.framework/Versions/A/Frameworks/ATS.framework/Versions/A/Resources/libFontParser.dylib
0x0000000007a52000 	/System/Library/Frameworks/ApplicationServices.framework/Versions/A/Frameworks/ATS.framework/Versions/A/Resources/libFontRegistry.dylib
0x0000000007a52000 	/System/Library/PrivateFrameworks/AppleVPA.framework/Versions/A/AppleVPA
0x0000000007a52000 	/System/Library/PrivateFrameworks/AppleJPEG.framework/Versions/A/AppleJPEG
0x0000000007a52000 	/System/Library/Frameworks/ImageIO.framework/Versions/A/Resources/libJPEG.dylib
0x0000000007a52000 	/System/Library/Frameworks/ImageIO.framework/Versions/A/Resources/libTIFF.dylib
0x0000000007a52000 	/System/Library/Frameworks/ImageIO.framework/Versions/A/Resources/libPng.dylib
0x0000000007a52000 	/System/Library/Frameworks/ImageIO.framework/Versions/A/Resources/libGIF.dylib
0x0000000007a52000 	/System/Library/Frameworks/ImageIO.framework/Versions/A/Resources/libJP2.dylib
0x0000000007a52000 	/System/Library/Frameworks/ImageIO.framework/Versions/A/Resources/libRadiance.dylib
0x0000000007a52000 	/System/Library/Frameworks/CoreVideo.framework/Versions/A/CoreVideo
0x0000000007a52000 	/System/Library/Frameworks/OpenGL.framework/Versions/A/Libraries/libGLU.dylib
0x0000000007a52000 	/System/Library/Frameworks/OpenGL.framework/Versions/A/Libraries/libGFXShared.dylib
0x0000000007a52000 	/System/Library/Frameworks/OpenGL.framework/Versions/A/Libraries/libGL.dylib
0x0000000007a52000 	/System/Library/Frameworks/OpenGL.framework/Versions/A/Libraries/libGLImage.dylib
0x0000000007a52000 	/System/Library/Frameworks/OpenGL.framework/Versions/A/Libraries/libCVMSPluginSupport.dylib
0x0000000007a52000 	/System/Library/Frameworks/OpenGL.framework/Versions/A/Libraries/libCoreVMClient.dylib
0x0000000007a52000 	/usr/lib/libcompression.dylib
0x0000000007a52000 	/usr/lib/libcups.2.dylib
0x0000000007a52000 	/System/Library/Frameworks/Kerberos.framework/Versions/A/Kerberos
0x0000000007a52000 	/System/Library/Frameworks/GSS.framework/Versions/A/GSS
0x0000000007a52000 	/usr/lib/libresolv.9.dylib
0x0000000007a52000 	/usr/lib/libiconv.2.dylib
0x0000000007a52000 	/System/Library/PrivateFrameworks/Heimdal.framework/Versions/A/Heimdal
0x0000000007a52000 	/usr/lib/libheimdal-asn1.dylib
0x0000000007a52000 	/System/Library/Frameworks/OpenDirectory.framework/Versions/A/OpenDirectory
0x0000000007a52000 	/System/Library/PrivateFrameworks/CommonAuth.framework/Versions/A/CommonAuth
0x0000000007a52000 	/System/Library/Frameworks/OpenDirectory.framework/Versions/A/Frameworks/CFOpenDirectory.framework/Versions/A/CFOpenDirectory
0x0000000007a52000 	/System/Library/Frameworks/SecurityFoundation.framework/Versions/A/SecurityFoundation
0x0000000007a52000 	/System/Library/PrivateFrameworks/LanguageModeling.framework/Versions/A/LanguageModeling
0x0000000007a52000 	/usr/lib/libmarisa.dylib
0x0000000007a52000 	/usr/lib/libChineseTokenizer.dylib
0x0000000007a52000 	/usr/lib/libcmph.dylib
0x0000000007a52000 	/System/Library/Frameworks/ServiceManagement.framework/Versions/A/ServiceManagement
0x0000000007a52000 	/usr/lib/libxslt.1.dylib
0x0000000007a52000 	/System/Library/Frameworks/Carbon.framework/Versions/A/Frameworks/Ink.framework/Versions/A/Ink
0x0000000007a52000 	/usr/lib/libFosl_dynamic.dylib
0x0000000007a52000 	/System/Library/PrivateFrameworks/FaceCore.framework/Versions/A/FaceCore
0x0000000007a52000 	/System/Library/Frameworks/OpenCL.framework/Versions/A/OpenCL
0x0000000007a52000 	/System/Library/PrivateFrameworks/CrashReporterSupport.framework/Versions/A/CrashReporterSupport
0x0000000007a52000 	/System/Library/PrivateFrameworks/IconServices.framework/Versions/A/IconServices
0x0000000007a52000 	/System/Library/PrivateFrameworks/Apple80211.framework/Versions/A/Apple80211
0x0000000007a52000 	/System/Library/Frameworks/CoreWLAN.framework/Versions/A/CoreWLAN
0x0000000007a52000 	/System/Library/Frameworks/IOBluetooth.framework/Versions/A/IOBluetooth
0x0000000007a52000 	/System/Library/PrivateFrameworks/CoreWiFi.framework/Versions/A/CoreWiFi
0x0000000007a52000 	/System/Library/Frameworks/CoreBluetooth.framework/Versions/A/CoreBluetooth
0x0000000007a52000 	/System/Library/PrivateFrameworks/ChunkingLibrary.framework/Versions/A/ChunkingLibrary
0x0000000007a52000 	/System/Library/PrivateFrameworks/DebugSymbols.framework/Versions/A/DebugSymbols
0x0000000007a52000 	/System/Library/PrivateFrameworks/CoreSymbolication.framework/Versions/A/CoreSymbolication
0x0000000007a52000 	/System/Library/PrivateFrameworks/Symbolication.framework/Versions/A/Symbolication
0x0000000007a52000 	/System/Library/PrivateFrameworks/SpeechRecognitionCore.framework/Versions/A/SpeechRecognitionCore
0x0000000100491000 	/Library/Java/JavaVirtualMachines/jdk1.8.0_72.jdk/Contents/Home/jre/lib/server/libjvm.dylib
0x0000000007a52000 	/usr/lib/libstdc++.6.dylib
0x0000000101373000 	/Library/Java/JavaVirtualMachines/jdk1.8.0_72.jdk/Contents/Home/jre/lib/libverify.dylib
0x0000000101381000 	/Library/Java/JavaVirtualMachines/jdk1.8.0_72.jdk/Contents/Home/jre/lib/libjava.dylib
0x00000001013c4000 	/Library/Java/JavaVirtualMachines/jdk1.8.0_72.jdk/Contents/Home/jre/lib/libzip.dylib
0x00000001013e2000 	/System/Library/Frameworks/JavaVM.framework/Frameworks/JavaRuntimeSupport.framework/JavaRuntimeSupport
0x0000000114fe3000 	/System/Library/Frameworks/JavaVM.framework/Versions/A/Frameworks/JavaNativeFoundation.framework/Versions/A/JavaNativeFoundation
0x0000000114ff8000 	/System/Library/Frameworks/JavaVM.framework/Versions/A/JavaVM
0x0000000007a52000 	/System/Library/Frameworks/Carbon.framework/Versions/A/Carbon
0x0000000115005000 	/System/Library/PrivateFrameworks/JavaLaunching.framework/Versions/A/JavaLaunching
0x0000000007a52000 	/System/Library/Frameworks/Carbon.framework/Versions/A/Frameworks/CommonPanels.framework/Versions/A/CommonPanels
0x0000000007a52000 	/System/Library/Frameworks/Carbon.framework/Versions/A/Frameworks/Help.framework/Versions/A/Help
0x0000000007a52000 	/System/Library/Frameworks/Carbon.framework/Versions/A/Frameworks/ImageCapture.framework/Versions/A/ImageCapture
0x0000000007a52000 	/System/Library/Frameworks/Carbon.framework/Versions/A/Frameworks/OpenScripting.framework/Versions/A/OpenScripting
0x0000000007a52000 	/System/Library/Frameworks/Carbon.framework/Versions/A/Frameworks/Print.framework/Versions/A/Print
0x0000000007a52000 	/System/Library/Frameworks/Carbon.framework/Versions/A/Frameworks/SecurityHI.framework/Versions/A/SecurityHI
0x000000011694a000 	/Library/Java/JavaVirtualMachines/jdk1.8.0_72.jdk/Contents/Home/jre/lib/libawt.dylib
0x00000001169f2000 	/Library/Java/JavaVirtualMachines/jdk1.8.0_72.jdk/Contents/Home/jre/lib/./libmlib_image.dylib
0x0000000116abe000 	/Library/Java/JavaVirtualMachines/jdk1.8.0_72.jdk/Contents/Home/jre/lib/libawt_lwawt.dylib
0x0000000116b73000 	/Library/Java/JavaVirtualMachines/jdk1.8.0_72.jdk/Contents/Home/jre/lib/./libosxapp.dylib
0x0000000007a52000 	/System/Library/Frameworks/ExceptionHandling.framework/Versions/A/ExceptionHandling
0x0000000007a52000 	/System/Library/PrivateFrameworks/CoreServicesInternal.framework/Versions/A/CoreServicesInternal
0x0000000117338000 	/System/Library/Frameworks/CoreGraphics.framework/Versions/A/Resources/libRIP.A.dylib
0x0000000007a52000 	/System/Library/Frameworks/Accelerate.framework/Versions/A/Frameworks/vImage.framework/Versions/A/Libraries/libCGInterfaces.dylib
0x00000001175d4000 	/System/Library/Frameworks/CoreGraphics.framework/Versions/A/Resources/libCGXType.A.dylib
0x0000000007a52000 	/System/Library/Frameworks/OpenCL.framework/Versions/A/Libraries/libcldcpuengine.dylib
0x0000000007a52000 	/System/Library/PrivateFrameworks/DiskImages.framework/Versions/A/DiskImages
0x0000000007a52000 	/System/Library/Frameworks/DiscRecording.framework/Versions/A/DiscRecording
0x0000000007a52000 	/usr/lib/libcsfde.dylib
0x0000000007a52000 	/usr/lib/libcurl.4.dylib
0x0000000007a52000 	/System/Library/PrivateFrameworks/MediaKit.framework/Versions/A/MediaKit
0x0000000007a52000 	/System/Library/PrivateFrameworks/ProtectedCloudStorage.framework/Versions/A/ProtectedCloudStorage
0x0000000007a52000 	/usr/lib/libCoreStorage.dylib
0x0000000007a52000 	/System/Library/PrivateFrameworks/EFILogin.framework/Versions/A/EFILogin
0x0000000007a52000 	/usr/lib/libutil.dylib
0x0000000007a52000 	/System/Library/PrivateFrameworks/FindMyDevice.framework/Versions/A/FindMyDevice
0x0000000007a52000 	/System/Library/Frameworks/LDAP.framework/Versions/A/LDAP
0x0000000007a52000 	/usr/lib/libsasl2.2.dylib
0x0000000007a52000 	/System/Library/PrivateFrameworks/CoreDaemon.framework/Versions/B/CoreDaemon
0x0000000007a52000 	/usr/lib/libcrypto.0.9.8.dylib
0x0000000007a52000 	/System/Library/PrivateFrameworks/AppleSRP.framework/Versions/A/AppleSRP
0x0000000007a52000 	/System/Library/PrivateFrameworks/TrustEvaluationAgent.framework/Versions/A/TrustEvaluationAgent
0x0000000117c31000 	cl_kernels
0x0000000007a52000 	/System/Library/Frameworks/OpenCL.framework/Versions/A/Libraries/ImageFormats/unorm8_bgra.dylib
0x0000000007a52000 	/System/Library/Frameworks/OpenCL.framework/Versions/A/Libraries/ImageFormats/unorm8_rgba.dylib
0x0000000007a52000 	/System/Library/PrivateFrameworks/FamilyControls.framework/Versions/A/FamilyControls
0x0000000007a52000 	/System/Library/PrivateFrameworks/CommerceKit.framework/Versions/A/Frameworks/CommerceCore.framework/Versions/A/CommerceCore
0x0000000007a52000 	/System/Library/PrivateFrameworks/SystemAdministration.framework/Versions/A/SystemAdministration
0x0000000007a52000 	/System/Library/PrivateFrameworks/AppContainer.framework/Versions/A/AppContainer
0x0000000007a52000 	/System/Library/PrivateFrameworks/SecCodeWrapper.framework/Versions/A/SecCodeWrapper
0x0000000007a52000 	/System/Library/Frameworks/DirectoryService.framework/Versions/A/DirectoryService
0x0000000007a52000 	/System/Library/PrivateFrameworks/LoginUIKit.framework/Versions/A/Frameworks/LoginUICore.framework/Versions/A/LoginUICore
0x0000000007a52000 	/usr/lib/libodfde.dylib
0x0000000117caa000 	/Library/Java/JavaVirtualMachines/jdk1.8.0_72.jdk/Contents/Home/jre/lib/libfontmanager.dylib
0x0000000119b13000 	/Users/jerem/GitHub/MiniNavette_LO43/MiniNavette/Libs/Natives/liblwjgl.dylib
0x000000011755d000 	/Library/Java/JavaVirtualMachines/jdk1.8.0_72.jdk/Contents/Home/jre/lib/libjawt.dylib
0x0000000119b95000 	/System/Library/Frameworks/OpenGL.framework/Resources/GLEngine.bundle/GLEngine
0x0000000007a52000 	/System/Library/Frameworks/OpenGL.framework/Versions/A/Libraries/libGLProgrammability.dylib
0x0000000119d7d000 	/System/Library/Extensions/AppleIntelHD5000GraphicsGLDriver.bundle/Contents/MacOS/AppleIntelHD5000GraphicsGLDriver
0x0000000007a52000 	/System/Library/PrivateFrameworks/GPUSupport.framework/Versions/A/Libraries/libGPUSupportMercury.dylib
0x000000011a4cc000 	/System/Library/Frameworks/OpenGL.framework/Resources//GLRendererFloat.bundle/GLRendererFloat
0x0000000117d2b000 	/Users/jerem/GitHub/MiniNavette_LO43/MiniNavette/Libs/Natives/libjinput-osx.dylib
0x000000011b5d7000 	/System/Library/Extensions/IOHIDFamily.kext/Contents/PlugIns/IOHIDLib.plugin/Contents/MacOS/IOHIDLib
0x000000011bd74000 	/Library/Java/JavaVirtualMachines/jdk1.8.0_72.jdk/Contents/Home/jre/lib/libnio.dylib
0x000000011bd84000 	/Library/Java/JavaVirtualMachines/jdk1.8.0_72.jdk/Contents/Home/jre/lib/./libnet.dylib

VM Arguments:
jvm_args: -Djava.library.path=/Users/jerem/GitHub/MiniNavette_LO43/MiniNavette/Libs/Natives -Dfile.encoding=UTF-8 
java_command: fr.utbm.lo43.Main
java_class_path (initial): /Users/jerem/GitHub/MiniNavette_LO43/MiniNavette/bin:/Users/jerem/GitHub/MiniNavette_LO43/MiniNavette/Libs/jinput.jar:/Users/jerem/GitHub/MiniNavette_LO43/MiniNavette/Libs/lwjgl_util.jar:/Users/jerem/GitHub/MiniNavette_LO43/MiniNavette/Libs/lwjgl.jar:/Users/jerem/GitHub/MiniNavette_LO43/MiniNavette/Libs/slick.jar
Launcher Type: SUN_STANDARD

Environment Variables:
PATH=/usr/bin:/bin:/usr/sbin:/sbin
SHELL=/bin/bash
DISPLAY=/private/tmp/com.apple.launchd.6VG4GrJKMN/org.macosforge.xquartz:0

Signal Handlers:
SIGSEGV: [libjvm.dylib+0x57599d], sa_mask[0]=11111111011111110111111111111111, sa_flags=SA_ONSTACK|SA_RESTART|SA_SIGINFO
SIGBUS: [libjvm.dylib+0x57599d], sa_mask[0]=11111111011111110111111111111111, sa_flags=SA_RESTART|SA_SIGINFO
SIGFPE: [libjvm.dylib+0x4522ac], sa_mask[0]=11111111011111110111111111111111, sa_flags=SA_RESTART|SA_SIGINFO
SIGPIPE: [libjvm.dylib+0x4522ac], sa_mask[0]=11111111011111110111111111111111, sa_flags=SA_RESTART|SA_SIGINFO
SIGXFSZ: [libjvm.dylib+0x4522ac], sa_mask[0]=11111111011111110111111111111111, sa_flags=SA_RESTART|SA_SIGINFO
SIGILL: [libjvm.dylib+0x4522ac], sa_mask[0]=11111111011111110111111111111111, sa_flags=SA_RESTART|SA_SIGINFO
SIGUSR1: SIG_DFL, sa_mask[0]=00000000000000000000000000000000, sa_flags=none
SIGUSR2: [libjvm.dylib+0x451dca], sa_mask[0]=00100000000000000000000000000000, sa_flags=SA_RESTART|SA_SIGINFO
SIGHUP: [libjvm.dylib+0x4503a1], sa_mask[0]=11111111011111110111111111111111, sa_flags=SA_RESTART|SA_SIGINFO
SIGINT: [libjvm.dylib+0x4503a1], sa_mask[0]=11111111011111110111111111111111, sa_flags=SA_RESTART|SA_SIGINFO
SIGTERM: [libjvm.dylib+0x4503a1], sa_mask[0]=11111111011111110111111111111111, sa_flags=SA_RESTART|SA_SIGINFO
SIGQUIT: [libjvm.dylib+0x4503a1], sa_mask[0]=11111111011111110111111111111111, sa_flags=SA_RESTART|SA_SIGINFO


---------------  S Y S T E M  ---------------

OS:Bsduname:Darwin 15.6.0 Darwin Kernel Version 15.6.0: Wed Nov  2 20:30:56 PDT 2016; root:xnu-3248.60.11.1.2~2/RELEASE_X86_64 x86_64
rlimit: STACK 8192k, CORE 0k, NPROC 709, NOFILE 10240, AS infinity
load average:1.70 1.64 1.48

CPU:total 4 (2 cores per cpu, 2 threads per core) family 6 model 69 stepping 1, cmov, cx8, fxsr, mmx, sse, sse2, sse3, ssse3, sse4.1, sse4.2, popcnt, avx, avx2, aes, clmul, erms, lzcnt, ht, tsc, tscinvbit, bmi1, bmi2

Memory: 4k page, physical 4194304k(191492k free)

/proc/meminfo:


vm_info: Java HotSpot(TM) 64-Bit Server VM (25.72-b05) for bsd-amd64 JRE (1.8.0_72-ea-b05), built on Oct 26 2015 17:56:02 by "java_re" with gcc 4.2.1 (Based on Apple Inc. build 5658) (LLVM build 2336.11.00)

time: Tue Jan 10 15:10:32 2017
elapsed time: 59 seconds (0d 0h 0m 59s)

